VirtualBox VM 4.2.10 r84104 darwin.x86 (Mar  5 2013 12:16:54) release log
00:00:00.969298 Log opened 2013-06-11T10:36:04.403987000Z
00:00:00.969339 OS Product: Darwin
00:00:00.969356 OS Release: 10.2.0
00:00:00.969372 OS Version: Darwin Kernel Version 10.2.0: Tue Nov  3 10:37:10 PST 2009; root:xnu-1486.2.11~1/RELEASE_I386
00:00:00.970682 DMI Product Name: MacBookPro4,1
00:00:00.971815 DMI Product Version: 1.0
00:00:00.971877 Host RAM: 4096MB total, 1609MB available
00:00:00.971882 Executable: /Applications/VirtualBox.app/Contents/MacOS/../Resources/VirtualBoxVM.app/Contents/MacOS/VirtualBoxVM
00:00:00.971883 Process ID: 33499
00:00:00.971884 Package type: DARWIN_32BITS_GENERIC
00:00:00.978830 Installed Extension Packs:
00:00:00.978844   None installed!
00:00:01.002421 SUP: Opened VMMR0.r0 (/Applications/VirtualBox.app/Contents/MacOS/VMMR0.r0) at 0x70968020.
00:00:01.007907 OS type: 'Linux'
00:00:01.041389 File system of '/Users/paalee/VirtualBox VMs/SwitchTemplate/Snapshots' (snapshots) is hfs
00:00:01.041408 File system of '/Users/paalee/VirtualBox VMs/SwitchTemplate/SwitchTemplate-disk1.vdi' is hfs
00:00:01.101691 Shared clipboard mode: Off
00:00:01.103728 Drag'n'drop mode: Off
00:00:01.112703 ************************* CFGM dump *************************
00:00:01.112716 [/] (level 0)
00:00:01.112724   CSAMEnabled     <integer> = 0x0000000000000001 (1)
00:00:01.112733   CpuExecutionCap <integer> = 0x0000000000000064 (100)
00:00:01.112735   EnablePAE       <integer> = 0x0000000000000000 (0)
00:00:01.112736   HwVirtExtForced <integer> = 0x0000000000000001 (1)
00:00:01.112738   MemBalloonSize  <integer> = 0x0000000000000000 (0)
00:00:01.112739   Name            <string>  = "SwitchTemplate" (cb=15)
00:00:01.112741   NumCPUs         <integer> = 0x0000000000000001 (1)
00:00:01.112743   PATMEnabled     <integer> = 0x0000000000000001 (1)
00:00:01.112744   PageFusion      <integer> = 0x0000000000000000 (0)
00:00:01.112746   RamHoleSize     <integer> = 0x0000000020000000 (536 870 912, 512 MB)
00:00:01.112748   RamSize         <integer> = 0x0000000010000000 (268 435 456, 256 MB)
00:00:01.112751   RawR0Enabled    <integer> = 0x0000000000000001 (1)
00:00:01.112752   RawR3Enabled    <integer> = 0x0000000000000001 (1)
00:00:01.112754   TimerMillies    <integer> = 0x000000000000000a (10)
00:00:01.112755   UUID            <bytes>   = "69 4c 93 ad bb 35 2c 43 8e df bf 98 bb d0 33 b8" (cb=16)
00:00:01.112767 
00:00:01.112768 [/CPUM/] (level 1)
00:00:01.112769   SyntheticCpu <integer> = 0x0000000000000000 (0)
00:00:01.112771 
00:00:01.112772 [/DBGF/] (level 1)
00:00:01.112773   Path <string>  = "/Users/paalee/VirtualBox VMs/SwitchTemplate/debug/;/Users/paalee/VirtualBox VMs/SwitchTemplate/;/Users/paalee/" (cb=111)
00:00:01.112775 
00:00:01.112775 [/Devices/] (level 1)
00:00:01.112777 
00:00:01.112777 [/Devices/8237A/] (level 2)
00:00:01.112779 
00:00:01.112780 [/Devices/8237A/0/] (level 3)
00:00:01.112782   Trusted <integer> = 0x0000000000000001 (1)
00:00:01.112783 
00:00:01.112784 [/Devices/AudioSniffer/] (level 2)
00:00:01.112785 
00:00:01.112786 [/Devices/AudioSniffer/0/] (level 3)
00:00:01.112788 
00:00:01.112789 [/Devices/AudioSniffer/0/Config/] (level 4)
00:00:01.112791 
00:00:01.112792 [/Devices/AudioSniffer/0/LUN#0/] (level 4)
00:00:01.112794   Driver <string>  = "MainAudioSniffer" (cb=17)
00:00:01.112795 
00:00:01.112796 [/Devices/AudioSniffer/0/LUN#0/Config/] (level 5)
00:00:01.112799   Object <integer> = 0x00000000030404e0 (50 595 040)
00:00:01.112800 
00:00:01.112801 [/Devices/VMMDev/] (level 2)
00:00:01.112803 
00:00:01.112803 [/Devices/VMMDev/0/] (level 3)
00:00:01.112806   PCIBusNo      <integer> = 0x0000000000000000 (0)
00:00:01.112807   PCIDeviceNo   <integer> = 0x0000000000000004 (4)
00:00:01.112809   PCIFunctionNo <integer> = 0x0000000000000000 (0)
00:00:01.112810   Trusted       <integer> = 0x0000000000000001 (1)
00:00:01.112812 
00:00:01.112812 [/Devices/VMMDev/0/Config/] (level 4)
00:00:01.112815   GuestCoreDumpDir <string>  = "/Users/paalee/VirtualBox VMs/SwitchTemplate/Snapshots" (cb=54)
00:00:01.112816   RamSize          <integer> = 0x0000000010000000 (268 435 456, 256 MB)
00:00:01.112819 
00:00:01.112819 [/Devices/VMMDev/0/LUN#0/] (level 4)
00:00:01.112821   Driver <string>  = "HGCM" (cb=5)
00:00:01.112823 
00:00:01.112823 [/Devices/VMMDev/0/LUN#0/Config/] (level 5)
00:00:01.112826   Object <integer> = 0x000000000306f5f0 (50 787 824)
00:00:01.112828 
00:00:01.112828 [/Devices/VMMDev/0/LUN#999/] (level 4)
00:00:01.112831   Driver <string>  = "MainStatus" (cb=11)
00:00:01.112832 
00:00:01.112832 [/Devices/VMMDev/0/LUN#999/Config/] (level 5)
00:00:01.112835   First   <integer> = 0x0000000000000000 (0)
00:00:01.112837   Last    <integer> = 0x0000000000000000 (0)
00:00:01.112838   papLeds <integer> = 0x00000000028a2b70 (42 609 520)
00:00:01.112840 
00:00:01.112841 [/Devices/acpi/] (level 2)
00:00:01.112842 
00:00:01.112843 [/Devices/acpi/0/] (level 3)
00:00:01.112845   PCIBusNo      <integer> = 0x0000000000000000 (0)
00:00:01.112847   PCIDeviceNo   <integer> = 0x0000000000000007 (7)
00:00:01.112848   PCIFunctionNo <integer> = 0x0000000000000000 (0)
00:00:01.112850   Trusted       <integer> = 0x0000000000000001 (1)
00:00:01.112851 
00:00:01.112852 [/Devices/acpi/0/Config/] (level 4)
00:00:01.112854   CpuHotPlug        <integer> = 0x0000000000000000 (0)
00:00:01.112856   FdcEnabled        <integer> = 0x0000000000000000 (0)
00:00:01.112857   HostBusPciAddress <integer> = 0x0000000000000000 (0)
00:00:01.112859   HpetEnabled       <integer> = 0x0000000000000000 (0)
00:00:01.112860   IOAPIC            <integer> = 0x0000000000000000 (0)
00:00:01.112862   IocPciAddress     <integer> = 0x0000000000010000 (65 536)
00:00:01.112864   NumCPUs           <integer> = 0x0000000000000001 (1)
00:00:01.112865   RamHoleSize       <integer> = 0x0000000020000000 (536 870 912, 512 MB)
00:00:01.112868   RamSize           <integer> = 0x0000000010000000 (268 435 456, 256 MB)
00:00:01.112871   Serial0IoPortBase <integer> = 0x0000000000000000 (0)
00:00:01.112872   Serial0Irq        <integer> = 0x0000000000000000 (0)
00:00:01.112874   Serial1IoPortBase <integer> = 0x0000000000000000 (0)
00:00:01.112875   Serial1Irq        <integer> = 0x0000000000000000 (0)
00:00:01.112876   ShowCpu           <integer> = 0x0000000000000000 (0)
00:00:01.112878   ShowRtc           <integer> = 0x0000000000000000 (0)
00:00:01.112880   SmcEnabled        <integer> = 0x0000000000000000 (0)
00:00:01.112881 
00:00:01.112882 [/Devices/acpi/0/LUN#0/] (level 4)
00:00:01.112884   Driver <string>  = "ACPIHost" (cb=9)
00:00:01.112885 
00:00:01.112886 [/Devices/acpi/0/LUN#0/Config/] (level 5)
00:00:01.112888 
00:00:01.112889 [/Devices/apic/] (level 2)
00:00:01.112891 
00:00:01.112891 [/Devices/apic/0/] (level 3)
00:00:01.112893   Trusted <integer> = 0x0000000000000001 (1)
00:00:01.112895 
00:00:01.112895 [/Devices/apic/0/Config/] (level 4)
00:00:01.112898   IOAPIC  <integer> = 0x0000000000000000 (0)
00:00:01.112899   NumCPUs <integer> = 0x0000000000000001 (1)
00:00:01.112900 
00:00:01.112901 [/Devices/e1000/] (level 2)
00:00:01.112903 
00:00:01.112903 [/Devices/i8254/] (level 2)
00:00:01.112905 
00:00:01.112906 [/Devices/i8254/0/] (level 3)
00:00:01.112908 
00:00:01.112908 [/Devices/i8254/0/Config/] (level 4)
00:00:01.112911 
00:00:01.112911 [/Devices/i8259/] (level 2)
00:00:01.112913 
00:00:01.112913 [/Devices/i8259/0/] (level 3)
00:00:01.112916   Trusted <integer> = 0x0000000000000001 (1)
00:00:01.112917 
00:00:01.112918 [/Devices/i8259/0/Config/] (level 4)
00:00:01.112920 
00:00:01.112920 [/Devices/ichac97/] (level 2)
00:00:01.112922 
00:00:01.112923 [/Devices/ichac97/0/] (level 3)
00:00:01.112925   PCIBusNo      <integer> = 0x0000000000000000 (0)
00:00:01.112926   PCIDeviceNo   <integer> = 0x0000000000000005 (5)
00:00:01.112928   PCIFunctionNo <integer> = 0x0000000000000000 (0)
00:00:01.112929   Trusted       <integer> = 0x0000000000000001 (1)
00:00:01.112931 
00:00:01.112931 [/Devices/ichac97/0/Config/] (level 4)
00:00:01.112934 
00:00:01.112934 [/Devices/ichac97/0/LUN#0/] (level 4)
00:00:01.112937   Driver <string>  = "AUDIO" (cb=6)
00:00:01.112938 
00:00:01.112938 [/Devices/ichac97/0/LUN#0/Config/] (level 5)
00:00:01.112941   AudioDriver <string>  = "coreaudio" (cb=10)
00:00:01.112942   StreamName  <string>  = "SwitchTemplate" (cb=15)
00:00:01.112943 
00:00:01.112944 [/Devices/mc146818/] (level 2)
00:00:01.112946 
00:00:01.112946 [/Devices/mc146818/0/] (level 3)
00:00:01.112948 
00:00:01.112949 [/Devices/mc146818/0/Config/] (level 4)
00:00:01.112951   UseUTC <integer> = 0x0000000000000001 (1)
00:00:01.112952 
00:00:01.112953 [/Devices/parallel/] (level 2)
00:00:01.112955 
00:00:01.112955 [/Devices/pcarch/] (level 2)
00:00:01.112957 
00:00:01.112958 [/Devices/pcarch/0/] (level 3)
00:00:01.112960   Trusted <integer> = 0x0000000000000001 (1)
00:00:01.112961 
00:00:01.112962 [/Devices/pcarch/0/Config/] (level 4)
00:00:01.112964 
00:00:01.112964 [/Devices/pcbios/] (level 2)
00:00:01.112966 
00:00:01.112967 [/Devices/pcbios/0/] (level 3)
00:00:01.112969   Trusted <integer> = 0x0000000000000001 (1)
00:00:01.112970 
00:00:01.112971 [/Devices/pcbios/0/Config/] (level 4)
00:00:01.112974   BootDevice0    <string>  = "FLOPPY" (cb=7)
00:00:01.112975   BootDevice1    <string>  = "DVD" (cb=4)
00:00:01.112976   BootDevice2    <string>  = "IDE" (cb=4)
00:00:01.112978   BootDevice3    <string>  = "NONE" (cb=5)
00:00:01.112979   FloppyDevice   <string>  = "i82078" (cb=7)
00:00:01.112980   HardDiskDevice <string>  = "piix3ide" (cb=9)
00:00:01.112981   IOAPIC         <integer> = 0x0000000000000000 (0)
00:00:01.112983   McfgBase       <integer> = 0x0000000000000000 (0)
00:00:01.112984   McfgLength     <integer> = 0x0000000000000000 (0)
00:00:01.112986   NumCPUs        <integer> = 0x0000000000000001 (1)
00:00:01.112987   PXEDebug       <integer> = 0x0000000000000000 (0)
00:00:01.112989   RamHoleSize    <integer> = 0x0000000020000000 (536 870 912, 512 MB)
00:00:01.112991   RamSize        <integer> = 0x0000000010000000 (268 435 456, 256 MB)
00:00:01.112994   UUID           <bytes>   = "69 4c 93 ad bb 35 2c 43 8e df bf 98 bb d0 33 b8" (cb=16)
00:00:01.112998 
00:00:01.112999 [/Devices/pcbios/0/Config/NetBoot/] (level 5)
00:00:01.113001 
00:00:01.113002 [/Devices/pcbios/0/Config/NetBoot/0/] (level 6)
00:00:01.113005   NIC           <integer> = 0x0000000000000000 (0)
00:00:01.113007   PCIBusNo      <integer> = 0x0000000000000000 (0)
00:00:01.113008   PCIDeviceNo   <integer> = 0x0000000000000003 (3)
00:00:01.113010   PCIFunctionNo <integer> = 0x0000000000000000 (0)
00:00:01.113011 
00:00:01.113011 [/Devices/pci/] (level 2)
00:00:01.113013 
00:00:01.113014 [/Devices/pci/0/] (level 3)
00:00:01.113016   Trusted <integer> = 0x0000000000000001 (1)
00:00:01.113017 
00:00:01.113018 [/Devices/pci/0/Config/] (level 4)
00:00:01.113020   IOAPIC <integer> = 0x0000000000000000 (0)
00:00:01.113022 
00:00:01.113022 [/Devices/pckbd/] (level 2)
00:00:01.113024 
00:00:01.113024 [/Devices/pckbd/0/] (level 3)
00:00:01.113027   Trusted <integer> = 0x0000000000000001 (1)
00:00:01.113028 
00:00:01.113029 [/Devices/pckbd/0/Config/] (level 4)
00:00:01.113031 
00:00:01.113031 [/Devices/pckbd/0/LUN#0/] (level 4)
00:00:01.113034   Driver <string>  = "KeyboardQueue" (cb=14)
00:00:01.113035 
00:00:01.113036 [/Devices/pckbd/0/LUN#0/AttachedDriver/] (level 5)
00:00:01.113038   Driver <string>  = "MainKeyboard" (cb=13)
00:00:01.113039 
00:00:01.113040 [/Devices/pckbd/0/LUN#0/AttachedDriver/Config/] (level 6)
00:00:01.113043   Object <integer> = 0x0000000003055db0 (50 683 312)
00:00:01.113045 
00:00:01.113045 [/Devices/pckbd/0/LUN#0/Config/] (level 5)
00:00:01.113048   QueueSize <integer> = 0x0000000000000040 (64)
00:00:01.113049 
00:00:01.113050 [/Devices/pckbd/0/LUN#1/] (level 4)
00:00:01.113052   Driver <string>  = "MouseQueue" (cb=11)
00:00:01.113053 
00:00:01.113054 [/Devices/pckbd/0/LUN#1/AttachedDriver/] (level 5)
00:00:01.113056   Driver <string>  = "MainMouse" (cb=10)
00:00:01.113057 
00:00:01.113058 [/Devices/pckbd/0/LUN#1/AttachedDriver/Config/] (level 6)
00:00:01.113061   Object <integer> = 0x0000000003055f60 (50 683 744)
00:00:01.113063 
00:00:01.113063 [/Devices/pckbd/0/LUN#1/Config/] (level 5)
00:00:01.113066   QueueSize <integer> = 0x0000000000000080 (128)
00:00:01.113067 
00:00:01.113068 [/Devices/pcnet/] (level 2)
00:00:01.113070 
00:00:01.113070 [/Devices/pcnet/0/] (level 3)
00:00:01.113072   PCIBusNo      <integer> = 0x0000000000000000 (0)
00:00:01.113074   PCIDeviceNo   <integer> = 0x0000000000000003 (3)
00:00:01.113075   PCIFunctionNo <integer> = 0x0000000000000000 (0)
00:00:01.113077   Trusted       <integer> = 0x0000000000000001 (1)
00:00:01.113078 
00:00:01.113079 [/Devices/pcnet/0/Config/] (level 4)
00:00:01.113082   Am79C973       <integer> = 0x0000000000000001 (1)
00:00:01.113083   CableConnected <integer> = 0x0000000000000001 (1)
00:00:01.113085   LineSpeed      <integer> = 0x0000000000000000 (0)
00:00:01.113086   MAC            <bytes>   = "08 00 27 5b 0b aa" (cb=6)
00:00:01.113088   R0Enabled      <integer> = 0x0000000000000000 (0)
00:00:01.113090 
00:00:01.113091 [/Devices/pcnet/0/LUN#0/] (level 4)
00:00:01.113093   Driver <string>  = "IntNet" (cb=7)
00:00:01.113094 
00:00:01.113095 [/Devices/pcnet/0/LUN#0/Config/] (level 5)
00:00:01.113098   IfPolicyPromisc <string>  = "deny" (cb=5)
00:00:01.113099   Network         <string>  = "HostInterfaceNetworking-vboxnet0" (cb=33)
00:00:01.113100   Trunk           <string>  = "vboxnet0" (cb=9)
00:00:01.113102   TrunkType       <integer> = 0x0000000000000004 (4)
00:00:01.113103 
00:00:01.113104 [/Devices/pcnet/0/LUN#999/] (level 4)
00:00:01.113106   Driver <string>  = "MainStatus" (cb=11)
00:00:01.113107 
00:00:01.113108 [/Devices/pcnet/0/LUN#999/Config/] (level 5)
00:00:01.113111   First   <integer> = 0x0000000000000000 (0)
00:00:01.113112   Last    <integer> = 0x0000000000000000 (0)
00:00:01.113113   papLeds <integer> = 0x00000000028a2ae0 (42 609 376)
00:00:01.113115 
00:00:01.113116 [/Devices/piix3ide/] (level 2)
00:00:01.113118 
00:00:01.113118 [/Devices/piix3ide/0/] (level 3)
00:00:01.113120   PCIBusNo      <integer> = 0x0000000000000000 (0)
00:00:01.113122   PCIDeviceNo   <integer> = 0x0000000000000001 (1)
00:00:01.113124   PCIFunctionNo <integer> = 0x0000000000000001 (1)
00:00:01.113125   Trusted       <integer> = 0x0000000000000001 (1)
00:00:01.113126 
00:00:01.113127 [/Devices/piix3ide/0/Config/] (level 4)
00:00:01.113129   Type <string>  = "PIIX4" (cb=6)
00:00:01.113130 
00:00:01.113131 [/Devices/piix3ide/0/Config/PrimaryMaster/] (level 5)
00:00:01.113134   NonRotationalMedium <integer> = 0x0000000000000000 (0)
00:00:01.113135 
00:00:01.113135 [/Devices/piix3ide/0/Config/SecondaryMaster/] (level 5)
00:00:01.113138   NonRotationalMedium <integer> = 0x0000000000000000 (0)
00:00:01.113139 
00:00:01.113140 [/Devices/piix3ide/0/LUN#0/] (level 4)
00:00:01.113142   Driver <string>  = "Block" (cb=6)
00:00:01.113144 
00:00:01.113144 [/Devices/piix3ide/0/LUN#0/AttachedDriver/] (level 5)
00:00:01.113147   Driver <string>  = "VD" (cb=3)
00:00:01.113148 
00:00:01.113148 [/Devices/piix3ide/0/LUN#0/AttachedDriver/Config/] (level 6)
00:00:01.113152   Format <string>  = "VDI" (cb=4)
00:00:01.113153   Path   <string>  = "/Users/paalee/VirtualBox VMs/SwitchTemplate/SwitchTemplate-disk1.vdi" (cb=69)
00:00:01.113154   Type   <string>  = "HardDisk" (cb=9)
00:00:01.113155 
00:00:01.113156 [/Devices/piix3ide/0/LUN#0/Config/] (level 5)
00:00:01.113159   Mountable <integer> = 0x0000000000000000 (0)
00:00:01.113160   Type      <string>  = "HardDisk" (cb=9)
00:00:01.113161 
00:00:01.113162 [/Devices/piix3ide/0/LUN#2/] (level 4)
00:00:01.113164   Driver <string>  = "Block" (cb=6)
00:00:01.113165 
00:00:01.113166 [/Devices/piix3ide/0/LUN#2/Config/] (level 5)
00:00:01.113169   Mountable <integer> = 0x0000000000000001 (1)
00:00:01.113170   Type      <string>  = "DVD" (cb=4)
00:00:01.113171 
00:00:01.113172 [/Devices/piix3ide/0/LUN#999/] (level 4)
00:00:01.113174   Driver <string>  = "MainStatus" (cb=11)
00:00:01.113175 
00:00:01.113176 [/Devices/piix3ide/0/LUN#999/Config/] (level 5)
00:00:01.113179   DeviceInstance        <string>  = "piix3ide/0" (cb=11)
00:00:01.113180   First                 <integer> = 0x0000000000000000 (0)
00:00:01.113182   Last                  <integer> = 0x0000000000000003 (3)
00:00:01.113184   pConsole              <integer> = 0x00000000028a2800 (42 608 640)
00:00:01.113186   papLeds               <integer> = 0x00000000028a29f8 (42 609 144)
00:00:01.113188   pmapMediumAttachments <integer> = 0x00000000028a2b7c (42 609 532)
00:00:01.113190 
00:00:01.113191 [/Devices/serial/] (level 2)
00:00:01.113193 
00:00:01.113193 [/Devices/usb-ohci/] (level 2)
00:00:01.113195 
00:00:01.113196 [/Devices/usb-ohci/0/] (level 3)
00:00:01.113198   PCIBusNo      <integer> = 0x0000000000000000 (0)
00:00:01.113200   PCIDeviceNo   <integer> = 0x0000000000000006 (6)
00:00:01.113201   PCIFunctionNo <integer> = 0x0000000000000000 (0)
00:00:01.113202   Trusted       <integer> = 0x0000000000000001 (1)
00:00:01.113204 
00:00:01.113204 [/Devices/usb-ohci/0/Config/] (level 4)
00:00:01.113207 
00:00:01.113207 [/Devices/usb-ohci/0/LUN#0/] (level 4)
00:00:01.113210   Driver <string>  = "VUSBRootHub" (cb=12)
00:00:01.113211 
00:00:01.113211 [/Devices/usb-ohci/0/LUN#0/Config/] (level 5)
00:00:01.113214 
00:00:01.113215 [/Devices/usb-ohci/0/LUN#999/] (level 4)
00:00:01.113217   Driver <string>  = "MainStatus" (cb=11)
00:00:01.113218 
00:00:01.113219 [/Devices/usb-ohci/0/LUN#999/Config/] (level 5)
00:00:01.113221   First   <integer> = 0x0000000000000000 (0)
00:00:01.113223   Last    <integer> = 0x0000000000000000 (0)
00:00:01.113224   papLeds <integer> = 0x00000000028a2b74 (42 609 524)
00:00:01.113226 
00:00:01.113227 [/Devices/vga/] (level 2)
00:00:01.113229 
00:00:01.113229 [/Devices/vga/0/] (level 3)
00:00:01.113231   PCIBusNo      <integer> = 0x0000000000000000 (0)
00:00:01.113233   PCIDeviceNo   <integer> = 0x0000000000000002 (2)
00:00:01.113234   PCIFunctionNo <integer> = 0x0000000000000000 (0)
00:00:01.113236   Trusted       <integer> = 0x0000000000000001 (1)
00:00:01.113237 
00:00:01.113238 [/Devices/vga/0/Config/] (level 4)
00:00:01.113241   CustomVideoModes <integer> = 0x0000000000000000 (0)
00:00:01.113242   FadeIn           <integer> = 0x0000000000000001 (1)
00:00:01.113244   FadeOut          <integer> = 0x0000000000000001 (1)
00:00:01.113246   HeightReduction  <integer> = 0x0000000000000000 (0)
00:00:01.113247   LogoFile         <string>  = "" (cb=1)
00:00:01.113249   LogoTime         <integer> = 0x0000000000000000 (0)
00:00:01.113250   MonitorCount     <integer> = 0x0000000000000001 (1)
00:00:01.113252   R0Enabled        <integer> = 0x0000000000000001 (1)
00:00:01.113253   ShowBootMenu     <integer> = 0x0000000000000002 (2)
00:00:01.113255   VRamSize         <integer> = 0x0000000000c00000 (12 582 912, 12 MB)
00:00:01.113257 
00:00:01.113258 [/Devices/vga/0/LUN#0/] (level 4)
00:00:01.113260   Driver <string>  = "MainDisplay" (cb=12)
00:00:01.113261 
00:00:01.113262 [/Devices/vga/0/LUN#0/Config/] (level 5)
00:00:01.113264   Object <integer> = 0x00000000028f8c00 (42 961 920)
00:00:01.113266 
00:00:01.113267 [/Devices/virtio-net/] (level 2)
00:00:01.113269 
00:00:01.113269 [/HWVirtExt/] (level 1)
00:00:01.113271   64bitEnabled       <integer> = 0x0000000000000000 (0)
00:00:01.113273   EnableLargePages   <integer> = 0x0000000000000000 (0)
00:00:01.113274   EnableNestedPaging <integer> = 0x0000000000000001 (1)
00:00:01.113276   EnableVPID         <integer> = 0x0000000000000001 (1)
00:00:01.113277   Enabled            <integer> = 0x0000000000000001 (1)
00:00:01.113279   Exclusive          <integer> = 0x0000000000000000 (0)
00:00:01.113281 
00:00:01.113281 [/MM/] (level 1)
00:00:01.113283   CanUseLargerHeap <integer> = 0x0000000000000000 (0)
00:00:01.113284 
00:00:01.113285 [/PDM/] (level 1)
00:00:01.113286 
00:00:01.113287 [/PDM/AsyncCompletion/] (level 2)
00:00:01.113289 
00:00:01.113289 [/PDM/AsyncCompletion/File/] (level 3)
00:00:01.113291 
00:00:01.113292 [/PDM/AsyncCompletion/File/BwGroups/] (level 4)
00:00:01.113294 
00:00:01.113295 [/PDM/BlkCache/] (level 2)
00:00:01.113297   CacheSize <integer> = 0x0000000000500000 (5 242 880, 5 MB)
00:00:01.113299 
00:00:01.113300 [/PDM/Devices/] (level 2)
00:00:01.113301 
00:00:01.113302 [/PDM/Drivers/] (level 2)
00:00:01.113304 
00:00:01.113304 [/PDM/Drivers/VBoxC/] (level 3)
00:00:01.113306   Path <string>  = "/Applications/VirtualBox.app/Contents/MacOS/components/VBoxC" (cb=61)
00:00:01.113308 
00:00:01.113308 [/PDM/NetworkShaper/] (level 2)
00:00:01.113310 
00:00:01.113311 [/PDM/NetworkShaper/BwGroups/] (level 3)
00:00:01.113313 
00:00:01.113313 [/TM/] (level 1)
00:00:01.113315   UTCOffset <integer> = 0x0000000000000000 (0)
00:00:01.113316 
00:00:01.113317 [/USB/] (level 1)
00:00:01.113318 
00:00:01.113319 [/USB/HidMouse/] (level 2)
00:00:01.113321 
00:00:01.113321 [/USB/HidMouse/0/] (level 3)
00:00:01.113323 
00:00:01.113324 [/USB/HidMouse/0/Config/] (level 4)
00:00:01.113326   Absolute <integer> = 0x0000000000000001 (1)
00:00:01.113327 
00:00:01.113328 [/USB/HidMouse/0/LUN#0/] (level 4)
00:00:01.113330   Driver <string>  = "MouseQueue" (cb=11)
00:00:01.113331 
00:00:01.113332 [/USB/HidMouse/0/LUN#0/AttachedDriver/] (level 5)
00:00:01.113335   Driver <string>  = "MainMouse" (cb=10)
00:00:01.113336 
00:00:01.113336 [/USB/HidMouse/0/LUN#0/AttachedDriver/Config/] (level 6)
00:00:01.113339   Object <integer> = 0x0000000003055f60 (50 683 744)
00:00:01.113341 
00:00:01.113342 [/USB/HidMouse/0/LUN#0/Config/] (level 5)
00:00:01.113344   QueueSize <integer> = 0x0000000000000080 (128)
00:00:01.113346 
00:00:01.113346 [/USB/USBProxy/] (level 2)
00:00:01.113348 
00:00:01.113349 [/USB/USBProxy/GlobalConfig/] (level 3)
00:00:01.113351 
00:00:01.113352 ********************* End of CFGM dump **********************
00:00:01.113407 MM: cbHyperHeap=0x100000 (1048576)
00:00:01.117551 Host paging mode: AMD64+NX
00:00:01.117574 PGMPool: cMaxPages=160 (u64MaxPages=160)
00:00:01.117581 pgmR3PoolInit: cMaxPages=0xa0 cMaxUsers=0x140 cMaxPhysExts=0x140 fCacheEnable=true 
00:00:01.118497 REM: VBoxREM32
00:00:01.124470 TM: GIP - u32Mode=1 (SyncTSC) u32UpdateHz=100
00:00:01.156538 TM: cTSCTicksPerSecond=0x9adbe648 (2 598 102 600) fTSCVirtualized=true  fTSCUseRealTSC=false
00:00:01.156546 TM: fMaybeUseOffsettedHostTSC=true  TSCTiedToExecution=false TSCNotTiedToHalt=false
00:00:01.157221 CoreCode: R3=1a1cb000 R0=5701f000 RC=a0245000 Phys=0000000002489000 cb=0x3000
00:00:01.163996 AIOMgr: Default manager type is "Async"
00:00:01.164013 AIOMgr: Default file backend is "NonBuffered"
00:00:01.164255 BlkCache: Cache successfully initialised. Cache size is 5242880 bytes
00:00:01.164266 BlkCache: Cache commit interval is 10000 ms
00:00:01.164272 BlkCache: Cache commit threshold is 2621440 bytes
00:00:01.165571 [SMP] BIOS with 1 CPUs
00:00:01.170490 SUP: Opened VBoxDDR0.r0 (/Applications/VirtualBox.app/Contents/MacOS/VBoxDDR0.r0) at 0x70cae020.
00:00:01.171161 SUP: Opened VBoxDD2R0.r0 (/Applications/VirtualBox.app/Contents/MacOS/VBoxDD2R0.r0) at 0x570d7020.
00:00:01.171209 Activating Local APIC
00:00:01.171223 CPUMSetGuestCpuIdFeature: Enabled APIC
00:00:01.171234 CPUMClearGuestCpuIdFeature: Disabled x2APIC
00:00:01.171511 PIT: mode=3 count=0x10000 (65536) - 18.20 Hz (ch=0)
00:00:01.181961 Shared Folders service loaded.
00:00:01.208592 DrvBlock: Flushes will be ignored
00:00:01.208617 DrvBlock: Async flushes will be passed to the disk
00:00:01.208993 VDInit finished
00:00:01.209084 VD: Opening the disk took 424611 ns
00:00:01.209275 PIIX3 ATA: LUN#0: disk, PCHS=203/16/63, total number of sectors 204800
00:00:01.209296 PIIX3 ATA: LUN#1: no unit
00:00:01.209332 DrvBlock: Flushes will be ignored
00:00:01.209341 DrvBlock: Async flushes will be passed to the disk
00:00:01.209609 PIIX3 ATA: LUN#2: CD/DVD, total number of sectors 0, passthrough disabled
00:00:01.209622 PIIX3 ATA: LUN#3: no unit
00:00:01.209657 PIIX3 ATA: Ctl#0: finished processing RESET
00:00:01.209676 PIIX3 ATA: Ctl#1: finished processing RESET
00:00:01.210478 IntNet#0: szNetwork={HostInterfaceNetworking-vboxnet0} enmTrunkType=4 szTrunk={vboxnet0} fFlags=0x8000 cbRecv=325632 cbSend=196608 fIgnoreConnectFailure=false
00:00:01.211474 Audio: Trying driver 'coreaudio'.
00:00:01.211511 Audio: set_record_source ars=0 als=0 (not implemented)
00:00:01.242157 CoreAudio: Using input device: Built-in Microphone (UID: AppleHDAEngineInput:1B,0,1,0:1)
00:00:01.253289 CoreAudio: Using output device: Built-in Output (UID: AppleHDAEngineOutput:1B,0,1,2:0)
00:00:01.254505 VUSB: attached 'HidMouse' to port 1
00:00:01.255306 DevPcBios: ATA LUN#0 LCHS=203/16/63
00:00:01.255411 PGM: The CPU physical address width is 36 bits
00:00:01.255420 PGMR3InitFinalize: 4 MB PSE mask 0000000fffffffff
00:00:01.262383 VMM: fUsePeriodicPreemptionTimers=false
00:00:01.262575 Logical host processors: 2 present, 2 max, 2 online, online mask: 0000000000000003
00:00:01.262578 ************************* CPUID dump ************************
00:00:01.262589          RAW Standard CPUIDs
00:00:01.262590      Function  eax      ebx      ecx      edx
00:00:01.262590 Gst: 00000000  00000005 756e6547 6c65746e 49656e69
00:00:01.262593 Hst:           0000000a 756e6547 6c65746e 49656e69
00:00:01.262594 Gst: 00000001  00010676 00000800 00000209 078bf3bf
00:00:01.262596 Hst:           00010676 00020800 0008e3bd bfebfbff
00:00:01.262597 Gst: 00000002  05b0b101 005657f0 00000000 2cb4304e
00:00:01.262599 Hst:           05b0b101 005657f0 00000000 2cb4304e
00:00:01.262601 Gst: 00000003  00000000 00000000 00000000 00000000
00:00:01.262602 Hst:           00000000 00000000 00000000 00000000
00:00:01.262603 Gst: 00000004  00000000 00000000 00000000 00000000
00:00:01.262605 Hst:           04000121 01c0003f 0000003f 00000001
00:00:01.262606 Gst: 00000005  00000040 00000040 00000000 00000000
00:00:01.262608 Hst:           00000040 00000040 00000003 03122220
00:00:01.262609 Name:                            GenuineIntel
00:00:01.262610 Supports:                        0-5
00:00:01.262618 Family:                          6  	Extended: 0 	Effective: 6
00:00:01.262619 Model:                           7  	Extended: 1 	Effective: 23
00:00:01.262620 Stepping:                        6
00:00:01.262620 Type:                            0 (primary)
00:00:01.262621 APIC ID:                         0x00
00:00:01.262622 Logical CPUs:                    0
00:00:01.262623 CLFLUSH Size:                    8
00:00:01.262623 Brand ID:                        0x00
00:00:01.262625 Mnemonic - Description                 = guest (host)
00:00:01.262625 FPU - x87 FPU on Chip                  = 1 (1)
00:00:01.262626 VME - Virtual 8086 Mode Enhancements   = 1 (1)
00:00:01.262627 DE - Debugging extensions              = 1 (1)
00:00:01.262628 PSE - Page Size Extension              = 1 (1)
00:00:01.262629 TSC - Time Stamp Counter               = 1 (1)
00:00:01.262630 MSR - Model Specific Registers         = 1 (1)
00:00:01.262631 PAE - Physical Address Extension       = 0 (1)
00:00:01.262632 MCE - Machine Check Exception          = 1 (1)
00:00:01.262633 CX8 - CMPXCHG8B instruction            = 1 (1)
00:00:01.262633 APIC - APIC On-Chip                    = 1 (1)
00:00:01.262634 10 - Reserved                          = 0 (0)
00:00:01.262635 SEP - SYSENTER and SYSEXIT             = 0 (1)
00:00:01.262636 MTRR - Memory Type Range Registers     = 1 (1)
00:00:01.262637 PGE - PTE Global Bit                   = 1 (1)
00:00:01.262638 MCA - Machine Check Architecture       = 1 (1)
00:00:01.262639 CMOV - Conditional Move Instructions   = 1 (1)
00:00:01.262639 PAT - Page Attribute Table             = 1 (1)
00:00:01.262640 PSE-36 - 36-bit Page Size Extention    = 1 (1)
00:00:01.262641 PSN - Processor Serial Number          = 0 (0)
00:00:01.262642 CLFSH - CLFLUSH Instruction.           = 1 (1)
00:00:01.262643 20 - Reserved                          = 0 (0)
00:00:01.262644 DS - Debug Store                       = 0 (1)
00:00:01.262645 ACPI - Thermal Mon. & Soft. Clock Ctrl.= 0 (1)
00:00:01.262646 MMX - Intel MMX Technology             = 1 (1)
00:00:01.262646 FXSR - FXSAVE and FXRSTOR Instructions = 1 (1)
00:00:01.262647 SSE - SSE Support                      = 1 (1)
00:00:01.262648 SSE2 - SSE2 Support                    = 1 (1)
00:00:01.262649 SS - Self Snoop                        = 0 (1)
00:00:01.262650 HTT - Hyper-Threading Technology       = 0 (1)
00:00:01.262651 TM - Thermal Monitor                   = 0 (1)
00:00:01.262652 30 - Reserved                          = 0 (0)
00:00:01.262653 PBE - Pending Break Enable             = 0 (1)
00:00:01.262653 Supports SSE3                          = 1 (1)
00:00:01.262654 PCLMULQDQ                              = 0 (0)
00:00:01.262655 DS Area 64-bit layout                  = 0 (1)
00:00:01.262656 Supports MONITOR/MWAIT                 = 1 (1)
00:00:01.262657 CPL-DS - CPL Qualified Debug Store     = 0 (1)
00:00:01.262658 VMX - Virtual Machine Technology       = 0 (1)
00:00:01.262659 SMX - Safer Mode Extensions            = 0 (0)
00:00:01.262659 Enhanced SpeedStep Technology          = 0 (1)
00:00:01.262660 Terminal Monitor 2                     = 0 (1)
00:00:01.262666 Supplemental SSE3 instructions         = 1 (1)
00:00:01.262667 L1 Context ID                          = 0 (0)
00:00:01.262667 11 - Reserved                          = 0 (0)
00:00:01.262668 FMA extensions using YMM state         = 0 (0)
00:00:01.262669 CMPXCHG16B instruction                 = 0 (1)
00:00:01.262670 xTPR Update Control                    = 0 (1)
00:00:01.262671 Perf/Debug Capability MSR              = 0 (1)
00:00:01.262672 16 - Reserved                          = 0 (0)
00:00:01.262673 PCID - Process-context identifiers     = 0 (0)
00:00:01.262674 DCA - Direct Cache Access              = 0 (0)
00:00:01.262675 SSE4.1 instruction extensions          = 0 (1)
00:00:01.262676 SSE4.2 instruction extensions          = 0 (0)
00:00:01.262677 Supports the x2APIC extensions         = 0 (0)
00:00:01.262678 MOVBE instruction                      = 0 (0)
00:00:01.262679 POPCNT instruction                     = 0 (0)
00:00:01.262679 TSC-Deadline LAPIC timer mode          = 0 (0)
00:00:01.262680 AESNI instruction extensions           = 0 (0)
00:00:01.262681 XSAVE/XRSTOR extended state feature    = 0 (0)
00:00:01.262682 Supports OSXSAVE                       = 0 (0)
00:00:01.262683 AVX instruction extensions             = 0 (0)
00:00:01.262684 29/30 - Reserved                       = 0x0 (0x0)
00:00:01.262685 Hypervisor Present (we're a guest)     = 0 (0)
00:00:01.262686 
00:00:01.262686          RAW Extended CPUIDs
00:00:01.262687      Function  eax      ebx      ecx      edx
00:00:01.262687 Gst: 80000000  80000008 00000000 00000000 00000000
00:00:01.262689 Hst:           80000008 00000000 00000000 00000000
00:00:01.262691 Gst: 80000001  00000000 00000000 00000000 00000000
00:00:01.262692 Hst:           00000000 00000000 00000001 20100000
00:00:01.262693 Gst: 80000002  65746e49 2952286c 726f4320 4d542865
00:00:01.262695 Hst:           65746e49 2952286c 726f4320 4d542865
00:00:01.262696 Gst: 80000003  44203229 43206f75 20205550 54202020
00:00:01.262698 Hst:           44203229 43206f75 20205550 54202020
00:00:01.262700 Gst: 80000004  30303539 20402020 30362e32 007a4847
00:00:01.262701 Hst:           30303539 20402020 30362e32 007a4847
00:00:01.262703 Gst: 80000005  00000000 00000000 00000000 00000000
00:00:01.262704 Hst:           00000000 00000000 00000000 00000000
00:00:01.262705 Gst: 80000006  00000000 00000000 18008040 00000000
00:00:01.262706 Hst:           00000000 00000000 18008040 00000000
00:00:01.262708 Gst: 80000007  00000000 00000000 00000000 00000000
00:00:01.262709 Hst:           00000000 00000000 00000000 00000000
00:00:01.262710 Gst: 80000008  00003024 00000000 00000000 00000000
00:00:01.262712 Hst:           00003024 00000000 00000000 00000000
00:00:01.262713 Gst: 80000009  07280202 00000000 00000000 00000503*
00:00:01.262715 Hst:           07280202 00000000 00000000 00000503
00:00:01.262716 Ext Name:                        
00:00:01.262717 Ext Supports:                    0x80000000-0x80000008
00:00:01.262718 Family:                          0  	Extended: 0 	Effective: 0
00:00:01.262719 Model:                           0  	Extended: 0 	Effective: 0
00:00:01.262720 Stepping:                        0
00:00:01.262721 Brand ID:                        0x000
00:00:01.262722 Mnemonic - Description                 = guest (host)
00:00:01.262722 FPU - x87 FPU on Chip                  = 0 (0)
00:00:01.262723 VME - Virtual 8086 Mode Enhancements   = 0 (0)
00:00:01.262724 DE - Debugging extensions              = 0 (0)
00:00:01.262725 PSE - Page Size Extension              = 0 (0)
00:00:01.262726 TSC - Time Stamp Counter               = 0 (0)
00:00:01.262727 MSR - K86 Model Specific Registers     = 0 (0)
00:00:01.262728 PAE - Physical Address Extension       = 0 (0)
00:00:01.262729 MCE - Machine Check Exception          = 0 (0)
00:00:01.262729 CX8 - CMPXCHG8B instruction            = 0 (0)
00:00:01.262730 APIC - APIC On-Chip                    = 0 (0)
00:00:01.262731 10 - Reserved                          = 0 (0)
00:00:01.262732 SEP - SYSCALL and SYSRET               = 0 (0)
00:00:01.262733 MTRR - Memory Type Range Registers     = 0 (0)
00:00:01.262734 PGE - PTE Global Bit                   = 0 (0)
00:00:01.262735 MCA - Machine Check Architecture       = 0 (0)
00:00:01.262736 CMOV - Conditional Move Instructions   = 0 (0)
00:00:01.262737 PAT - Page Attribute Table             = 0 (0)
00:00:01.262738 PSE-36 - 36-bit Page Size Extention    = 0 (0)
00:00:01.262739 18 - Reserved                          = 0 (0)
00:00:01.262739 19 - Reserved                          = 0 (0)
00:00:01.262740 NX - No-Execute Page Protection        = 0 (1)
00:00:01.262741 DS - Debug Store                       = 0 (0)
00:00:01.262742 AXMMX - AMD Extensions to MMX Instr.   = 0 (0)
00:00:01.262743 MMX - Intel MMX Technology             = 0 (0)
00:00:01.262744 FXSR - FXSAVE and FXRSTOR Instructions = 0 (0)
00:00:01.262745 25 - AMD fast FXSAVE and FXRSTOR Instr.= 0 (0)
00:00:01.262746 26 - 1 GB large page support           = 0 (0)
00:00:01.262747 27 - RDTSCP instruction                = 0 (0)
00:00:01.262748 28 - Reserved                          = 0 (0)
00:00:01.262748 29 - AMD Long Mode                     = 0 (1)
00:00:01.262749 30 - AMD Extensions to 3DNow!          = 0 (0)
00:00:01.262750 31 - AMD 3DNow!                        = 0 (0)
00:00:01.262751 LahfSahf - LAHF/SAHF in 64-bit mode    = 0 (1)
00:00:01.262752 CmpLegacy - Core MP legacy mode (depr) = 0 (0)
00:00:01.262753 SVM - AMD VM Extensions                = 0 (0)
00:00:01.262754 APIC registers starting at 0x400       = 0 (0)
00:00:01.262755 AltMovCR8 - LOCK MOV CR0 means MOV CR8 = 0 (0)
00:00:01.262756 5  - Advanced bit manipulation         = 0 (0)
00:00:01.262757 6  - SSE4A instruction support         = 0 (0)
00:00:01.262758 7  - Misaligned SSE mode               = 0 (0)
00:00:01.262759 8  - PREFETCH and PREFETCHW instruction= 0 (0)
00:00:01.262759 9  - OS visible workaround             = 0 (0)
00:00:01.262760 10 - Instruction based sampling        = 0 (0)
00:00:01.262761 11 - SSE5 support                      = 0 (0)
00:00:01.262762 12 - SKINIT, STGI, and DEV support     = 0 (0)
00:00:01.262763 13 - Watchdog timer support.           = 0 (0)
00:00:01.262764 31:14 - Reserved                       = 0x0 (0x0)
00:00:01.262765 Full Name:                       Intel(R) Core(TM)2 Duo CPU     T9500  @ 2.60GHz
00:00:01.262770 TLB 2/4M Instr/Uni:              res0     0 entries
00:00:01.262771 TLB 2/4M Data:                   res0     0 entries
00:00:01.262772 TLB 4K Instr/Uni:                res0     0 entries
00:00:01.262773 TLB 4K Data:                     res0     0 entries
00:00:01.262774 L1 Instr Cache Line Size:        0 bytes
00:00:01.262775 L1 Instr Cache Lines Per Tag:    0
00:00:01.262775 L1 Instr Cache Associativity:    res0  
00:00:01.262776 L1 Instr Cache Size:             0 KB
00:00:01.262777 L1 Data Cache Line Size:         0 bytes
00:00:01.262778 L1 Data Cache Lines Per Tag:     0
00:00:01.262778 L1 Data Cache Associativity:     res0  
00:00:01.262779 L1 Data Cache Size:              0 KB
00:00:01.262780 L2 TLB 2/4M Instr/Uni:           off       0 entries
00:00:01.262781 L2 TLB 2/4M Data:                off       0 entries
00:00:01.262782 L2 TLB 4K Instr/Uni:             off       0 entries
00:00:01.262782 L2 TLB 4K Data:                  off       0 entries
00:00:01.262783 L2 Cache Line Size:              0 bytes
00:00:01.262784 L2 Cache Lines Per Tag:          0
00:00:01.262785 L2 Cache Associativity:          off   
00:00:01.262785 L2 Cache Size:                   0 KB
00:00:01.262812 APM Features:                   
00:00:01.262814 Physical Address Width:          36 bits
00:00:01.262815 Virtual Address Width:           48 bits
00:00:01.262815 Guest Physical Address Width:    0 bits
00:00:01.262816 Physical Core Count:             0
00:00:01.262817 
00:00:01.262817          RAW Centaur CPUIDs
00:00:01.262818      Function  eax      ebx      ecx      edx
00:00:01.262819 Gst: c0000000  07280202 00000000 00000000 00000503
00:00:01.262820 Hst:           07280202 00000000 00000000 00000503
00:00:01.262822 Gst: c0000001  07280202 00000000 00000000 00000503
00:00:01.262823 Hst:           07280202 00000000 00000000 00000503
00:00:01.262825 Gst: c0000002  07280202 00000000 00000000 00000503
00:00:01.262826 Hst:           07280202 00000000 00000000 00000503
00:00:01.262828 Gst: c0000003  07280202 00000000 00000000 00000503
00:00:01.262829 Hst:           07280202 00000000 00000000 00000503
00:00:01.262831 Centaur Supports:                0xc0000000-0x07280202
00:00:01.262832 Mnemonic - Description                 = guest (host)
00:00:01.262833 AIS - Alternate Instruction Set        = 0 (1)
00:00:01.262834 AIS-E - AIS enabled                    = 0 (1)
00:00:01.262834 RNG - Random Number Generator          = 0 (0)
00:00:01.262835 RNG-E - RNG enabled                    = 0 (0)
00:00:01.262836 LH - LongHaul MSR 0000_110Ah           = 0 (0)
00:00:01.262837 FEMMS - FEMMS                          = 0 (0)
00:00:01.262838 ACE - Advanced Cryptography Engine     = 0 (0)
00:00:01.262839 ACE-E - ACE enabled                    = 0 (0)
00:00:01.262840 ACE2 - Advanced Cryptography Engine 2  = 0 (1)
00:00:01.262840 ACE2-E - ACE enabled                   = 0 (0)
00:00:01.262841 PHE - Padlock Hash Engine              = 0 (1)
00:00:01.262842 PHE-E - PHE enabled                    = 0 (0)
00:00:01.262843 PMM - Montgomery Multiplier            = 0 (0)
00:00:01.262844 PMM-E - PMM enabled                    = 0 (0)
00:00:01.262845 14 - Reserved                          = 0 (0)
00:00:01.262845 15 - Reserved                          = 0 (0)
00:00:01.262846 Parallax                               = 0 (0)
00:00:01.262847 Parallax enabled                       = 0 (0)
00:00:01.262848 Overstress                             = 0 (0)
00:00:01.262849 Overstress enabled                     = 0 (0)
00:00:01.262850 TM3 - Temperature Monitoring 3         = 0 (0)
00:00:01.262850 TM3-E - TM3 enabled                    = 0 (0)
00:00:01.262851 RNG2 - Random Number Generator 2       = 0 (0)
00:00:01.262852 RNG2-E - RNG2 enabled                  = 0 (0)
00:00:01.262853 24 - Reserved                          = 0 (0)
00:00:01.262854 PHE2 - Padlock Hash Engine 2           = 0 (0)
00:00:01.262855 PHE2-E - PHE2 enabled                  = 0 (0)
00:00:01.262855 
00:00:01.262856 
00:00:01.262857 ******************** End of CPUID dump **********************
00:00:01.262906 HWACCM: Host CR4=000006E0
00:00:01.262913 HWACCM: MSR_IA32_FEATURE_CONTROL      = 5
00:00:01.262914 HWACCM: MSR_IA32_VMX_BASIC_INFO       = 5a08000000000d
00:00:01.262915 HWACCM: VMCS id                       = d
00:00:01.262916 HWACCM: VMCS size                     = 800
00:00:01.262917 HWACCM: VMCS physical address limit   = None
00:00:01.262918 HWACCM: VMCS memory type              = 6
00:00:01.262919 HWACCM: Dual monitor treatment        = 1
00:00:01.262919 HWACCM: MSR_IA32_VMX_PINBASED_CTLS    = 3f00000016
00:00:01.262926 HWACCM:    VMX_VMCS_CTRL_PIN_EXEC_CONTROLS_EXT_INT_EXIT
00:00:01.262927 HWACCM:    VMX_VMCS_CTRL_PIN_EXEC_CONTROLS_NMI_EXIT
00:00:01.262928 HWACCM:    VMX_VMCS_CTRL_PIN_EXEC_CONTROLS_VIRTUAL_NMI
00:00:01.262929 HWACCM: MSR_IA32_VMX_PROCBASED_CTLS   = f7f9fffe0401e172
00:00:01.262934 HWACCM:    VMX_VMCS_CTRL_PROC_EXEC_CONTROLS_IRQ_WINDOW_EXIT
00:00:01.262934 HWACCM:    VMX_VMCS_CTRL_PROC_EXEC_CONTROLS_TSC_OFFSET
00:00:01.262935 HWACCM:    VMX_VMCS_CTRL_PROC_EXEC_CONTROLS_HLT_EXIT
00:00:01.262936 HWACCM:    VMX_VMCS_CTRL_PROC_EXEC_CONTROLS_INVLPG_EXIT
00:00:01.262937 HWACCM:    VMX_VMCS_CTRL_PROC_EXEC_CONTROLS_MWAIT_EXIT
00:00:01.262937 HWACCM:    VMX_VMCS_CTRL_PROC_EXEC_CONTROLS_RDPMC_EXIT
00:00:01.262938 HWACCM:    VMX_VMCS_CTRL_PROC_EXEC_CONTROLS_RDTSC_EXIT
00:00:01.262939 HWACCM:    VMX_VMCS_CTRL_PROC_EXEC_CONTROLS_CR3_LOAD_EXIT
00:00:01.262939 HWACCM:    VMX_VMCS_CTRL_PROC_EXEC_CONTROLS_CR3_STORE_EXIT
00:00:01.262940 HWACCM:    VMX_VMCS_CTRL_PROC_EXEC_CONTROLS_CR8_LOAD_EXIT
00:00:01.262941 HWACCM:    VMX_VMCS_CTRL_PROC_EXEC_CONTROLS_CR8_STORE_EXIT
00:00:01.262941 HWACCM:    VMX_VMCS_CTRL_PROC_EXEC_CONTROLS_USE_TPR_SHADOW
00:00:01.262942 HWACCM:    VMX_VMCS_CTRL_PROC_EXEC_CONTROLS_NMI_WINDOW_EXIT
00:00:01.262943 HWACCM:    VMX_VMCS_CTRL_PROC_EXEC_CONTROLS_MOV_DR_EXIT
00:00:01.262943 HWACCM:    VMX_VMCS_CTRL_PROC_EXEC_CONTROLS_UNCOND_IO_EXIT
00:00:01.262944 HWACCM:    VMX_VMCS_CTRL_PROC_EXEC_CONTROLS_USE_IO_BITMAPS
00:00:01.262945 HWACCM:    VMX_VMCS_CTRL_PROC_EXEC_CONTROLS_USE_MSR_BITMAPS
00:00:01.262946 HWACCM:    VMX_VMCS_CTRL_PROC_EXEC_CONTROLS_MONITOR_EXIT
00:00:01.262946 HWACCM:    VMX_VMCS_CTRL_PROC_EXEC_CONTROLS_PAUSE_EXIT
00:00:01.262947 HWACCM:    VMX_VMCS_CTRL_PROC_EXEC_USE_SECONDARY_EXEC_CTRL
00:00:01.262948 HWACCM:    VMX_VMCS_CTRL_PROC_EXEC_CONTROLS_CR3_LOAD_EXIT *must* be set
00:00:01.262949 HWACCM:    VMX_VMCS_CTRL_PROC_EXEC_CONTROLS_CR3_STORE_EXIT *must* be set
00:00:01.262950 HWACCM: MSR_IA32_VMX_PROCBASED_CTLS2  = 4100000000
00:00:01.262952 HWACCM:    VMX_VMCS_CTRL_PROC_EXEC2_VIRT_APIC
00:00:01.262953 HWACCM:    VMX_VMCS_CTRL_PROC_EXEC2_WBINVD_EXIT
00:00:01.262954 HWACCM: MSR_IA32_VMX_ENTRY_CTLS       = 3fff000011ff
00:00:01.262955 HWACCM:    VMX_VMCS_CTRL_ENTRY_CONTROLS_LOAD_DEBUG
00:00:01.262956 HWACCM:    VMX_VMCS_CTRL_ENTRY_CONTROLS_IA64_MODE
00:00:01.262956 HWACCM:    VMX_VMCS_CTRL_ENTRY_CONTROLS_ENTRY_SMM
00:00:01.262960 HWACCM:    VMX_VMCS_CTRL_ENTRY_CONTROLS_DEACTIVATE_DUALMON
00:00:01.262961 HWACCM:    VMX_VMCS_CTRL_ENTRY_CONTROLS_LOAD_GUEST_PERF_MSR
00:00:01.262965 HWACCM:    VMX_VMCS_CTRL_ENTRY_CONTROLS_LOAD_DEBUG *must* be set
00:00:01.262966 HWACCM: MSR_IA32_VMX_EXIT_CTLS        = 3ffff00036dff
00:00:01.262968 HWACCM:    VMX_VMCS_CTRL_EXIT_CONTROLS_SAVE_DEBUG
00:00:01.262968 HWACCM:    VMX_VMCS_CTRL_EXIT_CONTROLS_HOST_AMD64
00:00:01.262969 HWACCM:    VMX_VMCS_CTRL_EXIT_CONTROLS_ACK_EXTERNAL_IRQ
00:00:01.262970 HWACCM:    VMX_VMCS_CTRL_EXIT_CONTROLS_SAVE_DEBUG *must* be set
00:00:01.262971 HWACCM: MSR_IA32_VMX_MISC             = 403c0
00:00:01.262972 HWACCM:    MSR_IA32_VMX_MISC_PREEMPT_TSC_BIT 0
00:00:01.262973 HWACCM:    MSR_IA32_VMX_MISC_ACTIVITY_STATES 7
00:00:01.262974 HWACCM:    MSR_IA32_VMX_MISC_CR3_TARGET      4
00:00:01.262974 HWACCM:    MSR_IA32_VMX_MISC_MAX_MSR         200
00:00:01.262975 HWACCM:    MSR_IA32_VMX_MISC_MSEG_ID         0
00:00:01.262976 HWACCM: MSR_IA32_VMX_CR0_FIXED0       = 80000021
00:00:01.262977 HWACCM: MSR_IA32_VMX_CR0_FIXED1       = ffffffff
00:00:01.262978 HWACCM: MSR_IA32_VMX_CR4_FIXED0       = 2000
00:00:01.262979 HWACCM: MSR_IA32_VMX_CR4_FIXED1       = 27ff
00:00:01.262980 HWACCM: MSR_IA32_VMX_VMCS_ENUM        = 2c
00:00:01.262981 HWACCM: TPR shadow physaddr           = 0000000002481000
00:00:01.262982 HWACCM: VCPU0: MSR bitmap physaddr    = 0000000002475000
00:00:01.262984 HWACCM: VCPU0: VMCS physaddr          = 0000000002485000
00:00:01.262992 HWACCM: Real Mode TSS guest physaddr  = 00000000f0800000
00:00:01.262993 HWACCM: Non-Paging Mode EPT CR3       = 00000000f0803000
00:00:01.263018 CPUMSetGuestCpuIdFeature: Enabled sysenter/exit
00:00:01.263019 HM: NX not supported by the host
00:00:01.263020 HWACCM: 32-bit guests supported.
00:00:01.263020 HWACCM: VMX enabled!
00:00:01.263021 HWACCM: TPR Patching disabled.
00:00:01.263022 HWACCM:    VT-x/AMD-V init method: LOCAL
00:00:01.269610 VM: Halt method global1 (5)
00:00:01.269644 HaltedGlobal1 config: cNsSpinBlockThresholdCfg=2000
00:00:01.269652 Changing the VM state from 'CREATING' to 'CREATED'.
00:00:01.270267 Changing the VM state from 'CREATED' to 'POWERING_ON'.
00:00:01.270381 Changing the VM state from 'POWERING_ON' to 'RUNNING'.
00:00:01.288404 Guest Log: BIOS: VirtualBox 4.2.10
00:00:01.288905 PIT: mode=2 count=0x10000 (65536) - 18.20 Hz (ch=0)
00:00:01.316306 PIIX3 ATA: Ctl#0: RESET, DevSel=0 AIOIf=0 CmdIf0=0x00 (-1 usec ago) CmdIf1=0x00 (-1 usec ago)
00:00:01.316435 Display::handleDisplayResize(): uScreenId = 0, pvVRAM=00000000 w=720 h=400 bpp=0 cbLine=0x0, flags=0x1
00:00:01.317467 PIIX3 ATA: Ctl#0: finished processing RESET
00:00:01.318448 Guest Log: BIOS: ata0-0: PCHS=203/16/63 LCHS=203/16/63
00:00:01.323592 PIIX3 ATA: Ctl#0: RESET, DevSel=1 AIOIf=0 CmdIf0=0xec (-1 usec ago) CmdIf1=0x00 (-1 usec ago)
00:00:01.324865 PIIX3 ATA: Ctl#0: finished processing RESET
00:00:01.325090 PIIX3 ATA: Ctl#1: RESET, DevSel=0 AIOIf=0 CmdIf0=0x00 (-1 usec ago) CmdIf1=0x00 (-1 usec ago)
00:00:01.325161 PIIX3 ATA: Ctl#1: finished processing RESET
00:00:01.370907 PIT: mode=2 count=0x48d3 (18643) - 64.00 Hz (ch=0)
00:00:01.386488 Display::handleDisplayResize(): uScreenId = 0, pvVRAM=1adc1000 w=640 h=480 bpp=32 cbLine=0xA00, flags=0x1
00:00:01.464793 2D video acceleration is disabled.
00:00:03.844018 Display::handleDisplayResize(): uScreenId = 0, pvVRAM=1adc1000 w=640 h=480 bpp=0 cbLine=0x280, flags=0x1
00:00:03.858903 PIT: mode=2 count=0x10000 (65536) - 18.20 Hz (ch=0)
00:00:03.859599 Guest Log: BIOS: Boot : bseqnr=1, bootseq=0231
00:00:03.860160 Guest Log: BIOS: Boot from Floppy 0 failed
00:00:03.860752 Guest Log: BIOS: Boot : bseqnr=2, bootseq=0023
00:00:03.862118 Guest Log: BIOS: CDROM boot failure code : 0003
00:00:03.862594 Guest Log: BIOS: Boot from CD-ROM failed
00:00:03.863190 Guest Log: BIOS: Boot : bseqnr=3, bootseq=0002
00:00:03.863892 Guest Log: BIOS: Booting from Hard Disk...
00:00:03.865988 PIIX3 ATA: Ctl#0: RESET, DevSel=0 AIOIf=0 CmdIf0=0xc4 (-1 usec ago) CmdIf1=0x00 (-1 usec ago)
00:00:03.866035 PIIX3 ATA: Ctl#0: finished processing RESET
00:00:03.867545 Display::handleDisplayResize(): uScreenId = 0, pvVRAM=00000000 w=720 h=400 bpp=0 cbLine=0x0, flags=0x1
00:00:03.890359 PIIX3 ATA: Ctl#0: RESET, DevSel=0 AIOIf=0 CmdIf0=0xc4 (-1 usec ago) CmdIf1=0x00 (-1 usec ago)
00:00:03.890432 PIIX3 ATA: Ctl#0: finished processing RESET
00:00:03.894583 Guest Log: int13_harddisk_ext: function 41, unmapped device for ELDL=81
00:00:03.895681 Guest Log: int13_harddisk: function 08, unmapped device for ELDL=81
00:00:04.559569 Guest Log: BIOS: KBD: unsupported int 16h function 03
00:00:04.560210 Guest Log: BIOS: AX=0305 BX=0000 CX=0000 DX=0000 
00:00:04.816369 PIT: mode=2 count=0xf89 (3977) - 300.02 Hz (ch=0)
00:00:05.244099 PIT: mode=0 count=0x10000 (65536) - 18.20 Hz (ch=0)
00:00:05.436412 PIIX3 ATA: Ctl#0: RESET, DevSel=0 AIOIf=0 CmdIf0=0xc4 (-1 usec ago) CmdIf1=0x00 (-1 usec ago)
00:00:05.436495 PIIX3 ATA: Ctl#0: finished processing RESET
00:00:05.436869 PIIX3 ATA: Ctl#1: RESET, DevSel=0 AIOIf=0 CmdIf0=0xa0 (-1 usec ago) CmdIf1=0x00 (-1 usec ago)
00:00:05.436939 PIIX3 ATA: Ctl#1: finished processing RESET
00:00:05.520431 OHCI: Software reset
00:00:05.520628 OHCI: USB Operational
00:00:07.881387 Changing the VM state from 'RUNNING' to 'SUSPENDING'.
00:00:07.976332 PDMR3Suspend: 94 901 916 ns run time
00:00:07.976404 Changing the VM state from 'SUSPENDING' to 'SUSPENDED'.
00:00:10.127950 Console::powerDown(): A request to power off the VM has been issued (mMachineState=Stopping, InUninit=0)
00:00:10.129151 Changing the VM state from 'SUSPENDED' to 'POWERING_OFF'.
00:00:10.129165 ****************** Guest state at power off ******************
00:00:10.129170 Guest CPUM (VCPU 0) state: 
00:00:10.129184 eax=0e83d025 ebx=cfa3c7a0 ecx=cf3607fc edx=b75ffc44 esi=ce01a95c edi=00000000
00:00:10.129187 eip=c011bb4e esp=ce0afe80 ebp=00000000 iopl=0      rf nv up ei pl nz na po nc
00:00:10.129189 cs={0060 base=0000000000000000 limit=ffffffff flags=0000c09b} dr0=00000000 dr1=00000000
00:00:10.129193 ds={007b base=0000000000000000 limit=ffffffff flags=0000c0f3} dr2=00000000 dr3=00000000
00:00:10.129196 es={007b base=0000000000000000 limit=ffffffff flags=0000c0f3} dr4=00000000 dr5=00000000
00:00:10.129198 fs={00d8 base=000000000ee45000 limit=ffffffff flags=00008093} dr6=ffff0ff0 dr7=00000400
00:00:10.129201 gs={0033 base=00000000b75d4b40 limit=ffffffff flags=0000d0f3} cr0=8005003b cr2=b75ffc44
00:00:10.129204 ss={0068 base=0000000000000000 limit=ffffffff flags=0000c093} cr3=0e05e000 cr4=000006d0
00:00:10.129207 gdtr=00000000cf400000:00ff  idtr=00000000c0505000:07ff  eflags=00010246
00:00:10.129209 ldtr={0000 base=00000000 limit=00000000 flags=00000082}
00:00:10.129211 tr  ={0080 base=cf403440 limit=0000206b flags=0000008b}
00:00:10.129212 SysEnter={cs=0060 eip=c0424a60 esp=cf4055c0}
00:00:10.129215 FCW=037f FSW=4000 FTW=0000 FOP=02e9 MXCSR=00001f80 MXCSR_MASK=0000ffff
00:00:10.129217 FPUIP=0809666a CS=0073 Rsrvd1=0000  FPUDP=00000000 DS=007b Rsvrd2=0000
00:00:10.129219 ST(0)=FPR0={0000'00000000'00000000} t0 +0.0000000000000000000000 ^ 0
00:00:10.129226 ST(1)=FPR1={0000'00000000'00000000} t0 +0.0000000000000000000000 ^ 0
00:00:10.129228 ST(2)=FPR2={0000'00000000'00000000} t0 +0.0000000000000000000000 ^ 0
00:00:10.129231 ST(3)=FPR3={0000'00000000'00000000} t0 +0.0000000000000000000000 ^ 0
00:00:10.129234 ST(4)=FPR4={0000'00000000'00000000} t0 +0.0000000000000000000000 ^ 0
00:00:10.129236 ST(5)=FPR5={0000'00000000'00000000} t0 +0.0000000000000000000000 ^ 0
00:00:10.129239 ST(6)=FPR6={0000'00000000'00000000} t0 +0.0000000000000000000000 ^ 0
00:00:10.129241 ST(7)=FPR7={0000'00000000'00000000} t0 +0.0000000000000000000000 ^ 0
00:00:10.129244 XMM0 =00000000'00000000'00000000'00000000  XMM1 =00000000'00000000'00000000'00000000
00:00:10.129248 XMM2 =00000000'00000000'00000000'00000000  XMM3 =00000000'00000000'00000000'00000000
00:00:10.129251 XMM4 =00000000'00000000'00000000'00000000  XMM5 =00000000'00000000'00000000'00000000
00:00:10.129255 XMM6 =00000000'00000000'00000000'00000000  XMM7 =00000000'00000000'00000000'00000000
00:00:10.129258 XMM8 =00000000'00000000'00000000'00000000  XMM9 =00000000'00000000'00000000'00000000
00:00:10.129261 XMM10=00000000'00000000'00000000'00000000  XMM11=00000000'00000000'00000000'00000000
00:00:10.129265 XMM12=00000000'00000000'00000000'00000000  XMM13=00000000'00000000'00000000'00000000
00:00:10.129268 XMM14=00000000'00000000'00000000'00000000  XMM15=00000000'00000000'00000000'00000000
00:00:10.129272 EFER         =0000000000000000
00:00:10.129273 PAT          =0007010600070106
00:00:10.129274 STAR         =0000000000000000
00:00:10.129275 CSTAR        =0000000000000000
00:00:10.129276 LSTAR        =0000000000000000
00:00:10.129277 SFMASK       =0000000000000000
00:00:10.129277 KERNELGSBASE =0000000000000000
00:00:10.129278 ***
00:00:10.129282 Guest paging mode:  32-bit (changed 3925 times), A20 enabled (changed 2 times)
00:00:10.129284 Shadow paging mode: PAE
00:00:10.129285 Host paging mode:   AMD64+NX
00:00:10.129286 ***
00:00:10.129289 Active Timers (pVM=1809d000)
00:00:10.129290 pTimerR3 offNext  offPrev  offSched Clock               Time             Expire HzHint State                     Description
00:00:10.129295 191c6040 ffff8350 00000000 00000000 Real           442155656          442153416      0 2-ACTIVE                  EMT Yielder
00:00:10.129300 191be390 00007c50 00007cb0 00000000 Real           442155656          442153427      0 2-ACTIVE                  VGA Refresh Timer
00:00:10.129333 191c5fe0 00000000 ffff83b0 00000000 Real           442155656          442153789      0 2-ACTIVE                  CPU Load Timer
00:00:10.129338 191c2ec0 00000ea0 00000000 00000000 Virt          6707190643         6613687182      0 2-ACTIVE                  Audio timer
00:00:10.129343 191c3d60 00000000 fffff160 00000000 Virt          6707190643         6622517457      0 2-ACTIVE                  USB Frame Timer
00:00:10.129348 191a9ee0 00000c60 00000000 00000000 VrSy          6609329082         6611683547    305 2-ACTIVE                  APIC Timer #0
00:00:10.129354 191aab40 0001abf0 fffff3a0 00000000 VrSy          6609329082         6990000000      0 2-ACTIVE                  MC146818 RTC/CMOS - Second
00:00:10.129396 191c5730 00000000 fffe5410 00000000 VrSy          6609329082      1199864031601      0 2-ACTIVE                  ACPI PM Timer
00:00:10.129401 ***
00:00:10.129407 Shadow GDT (GCAddr=ff64e000):
00:00:10.129433 ffd8 - 81980087 ff008940 - base=ff408198 limit=00000087 dpl=0 TSS32Avail Present 16-bit  HyperTSSTrap08
00:00:10.129435 ffe0 - 81100087 ff008940 - base=ff408110 limit=00000087 dpl=0 TSS32Avail Present 16-bit  HyperTSS
00:00:10.129438 ffe8 - 0000ffff 00af9b00 - base=00000000 limit=ffffffff dpl=0 CodeER Accessed Present Page 16-bit  HyperCS64
00:00:10.129440 fff0 - 0000ffff 00cf9300 - base=00000000 limit=ffffffff dpl=0 DataRW Accessed Present Page 32-bit  HyperDS
00:00:10.129442 fff8 - 0000ffff 00cf9b00 - base=00000000 limit=ffffffff dpl=0 CodeER Accessed Present Page 32-bit  HyperCS
00:00:10.129443 ***
00:00:10.129444 ************** End of Guest state at power off ***************
00:00:10.129492 PDMR3PowerOff: 7 565 ns run time
00:00:10.129500 Changing the VM state from 'POWERING_OFF' to 'OFF'.
00:00:10.131614 Changing the VM state from 'OFF' to 'DESTROYING'.
00:00:10.131724 ************************* Statistics *************************
00:00:10.131835 /Devices/IDE0/ATA0/Unit0/AtapiDMA        0 times
00:00:10.131843 /Devices/IDE0/ATA0/Unit0/AtapiPIO        0 times
00:00:10.131849 /Devices/IDE0/ATA0/Unit0/DMA          210 times
00:00:10.131855 /Devices/IDE0/ATA0/Unit0/PIO          323 times
00:00:10.131861 /Devices/IDE0/ATA0/Unit0/ReadBytes 10895872 bytes
00:00:10.131867 /Devices/IDE0/ATA0/Unit0/WrittenBytes    24576 bytes
00:00:10.131872 /Devices/IDE0/ATA0/Unit1/AtapiDMA        0 times
00:00:10.131878 /Devices/IDE0/ATA0/Unit1/AtapiPIO        0 times
00:00:10.131884 /Devices/IDE0/ATA0/Unit1/DMA            0 times
00:00:10.131890 /Devices/IDE0/ATA0/Unit1/PIO            0 times
00:00:10.131896 /Devices/IDE0/ATA0/Unit1/ReadBytes        0 bytes
00:00:10.131901 /Devices/IDE0/ATA0/Unit1/WrittenBytes        0 bytes
00:00:10.131907 /Devices/IDE0/ATA1/Unit0/AtapiDMA        1 times
00:00:10.131913 /Devices/IDE0/ATA1/Unit0/AtapiPIO       11 times
00:00:10.131919 /Devices/IDE0/ATA1/Unit0/DMA            0 times
00:00:10.131924 /Devices/IDE0/ATA1/Unit0/PIO            0 times
00:00:10.131930 /Devices/IDE0/ATA1/Unit0/ReadBytes        0 bytes
00:00:10.131936 /Devices/IDE0/ATA1/Unit0/WrittenBytes        0 bytes
00:00:10.131942 /Devices/IDE0/ATA1/Unit1/AtapiDMA        0 times
00:00:10.131948 /Devices/IDE0/ATA1/Unit1/AtapiPIO        0 times
00:00:10.131953 /Devices/IDE0/ATA1/Unit1/DMA            0 times
00:00:10.131959 /Devices/IDE0/ATA1/Unit1/PIO            0 times
00:00:10.131965 /Devices/IDE0/ATA1/Unit1/ReadBytes        0 bytes
00:00:10.131971 /Devices/IDE0/ATA1/Unit1/WrittenBytes        0 bytes
00:00:10.131976 /Devices/PCNet0/ReceiveBytes            0 bytes
00:00:10.131982 /Devices/PCNet0/TransmitBytes           0 bytes
00:00:10.131988 /Devices/VMMDev/BalloonChunks           0 count
00:00:10.131994 /Drivers/IntNet-0/BadFrames             0 count
00:00:10.132000 /Drivers/IntNet-0/Bytes/Received      160 bytes
00:00:10.132006 /Drivers/IntNet-0/Bytes/Sent            0 bytes
00:00:10.132012 /Drivers/IntNet-0/Overflows/Recv        0 count
00:00:10.132018 /Drivers/IntNet-0/Overflows/Sent        0 count
00:00:10.132023 /Drivers/IntNet-0/Packets/Lost          0 count
00:00:10.132029 /Drivers/IntNet-0/Packets/Received        1 count
00:00:10.132035 /Drivers/IntNet-0/Packets/Received-Gso        0 count
00:00:10.132040 /Drivers/IntNet-0/Packets/Sent          0 count
00:00:10.132046 /Drivers/IntNet-0/Packets/Sent-Gso        0 count
00:00:10.132052 /Drivers/IntNet-0/Packets/Sent-R0        0 count
00:00:10.132057 /Drivers/IntNet-0/Recv1                 0 ticks/call (           0 ticks,       0 times, max         0, min      -1)
00:00:10.132065 /Drivers/IntNet-0/Recv2                 0 ticks/call (           0 ticks,       0 times, max         0, min      -1)
00:00:10.132072 /Drivers/IntNet-0/Reserved              0 ticks/call (           0 ticks,       0 times, max         0, min      -1)
00:00:10.132079 /Drivers/IntNet-0/Send1                 0 ticks/call (           0 ticks,       0 times, max         0, min      -1)
00:00:10.132086 /Drivers/IntNet-0/Send2                 0 ticks/call (           0 ticks,       0 times, max         0, min      -1)
00:00:10.132093 /Drivers/IntNet-0/XmitProcessRing        0 count
00:00:10.132098 /Drivers/IntNet-0/XmitWakeup-R0         0 count
00:00:10.132120 /Drivers/IntNet-0/XmitWakeup-R3         0 count
00:00:10.132127 /Drivers/IntNet-0/YieldNok              0 count
00:00:10.132133 /Drivers/IntNet-0/YieldOk               0 count
00:00:10.132139 /FT/Checkpoint/Network                  0 times
00:00:10.132145 /FT/Checkpoint/Storage                  0 times
00:00:10.132151 /FT/Received/Mem                        0 bytes
00:00:10.132157 /FT/Received/State                      0 bytes
00:00:10.132163 /FT/Sent/Mem                            0 bytes
00:00:10.132169 /FT/Sent/State                          0 bytes
00:00:10.132176 /FT/Sync/DeltaMem                       0 times
00:00:10.132182 /FT/Sync/DeltaVM                        0 times
00:00:10.132188 /FT/Sync/Full                           0 times
00:00:10.132195 /GMM/VM/Allocated/cBasePages        10829 pages
00:00:10.132201 /GMM/VM/Allocated/cFixedPages           0 pages
00:00:10.132207 /GMM/VM/Allocated/cShadowPages          0 pages
00:00:10.132212 /GMM/VM/Reserved/cBasePages         65694 pages
00:00:10.132218 /GMM/VM/Reserved/cFixedPages         4228 pages
00:00:10.132224 /GMM/VM/Reserved/cShadowPages           1 pages
00:00:10.132230 /GMM/VM/cBalloonedPages                 0 pages
00:00:10.132236 /GMM/VM/cMaxBalloonedPages              0 pages
00:00:10.132242 /GMM/VM/cPrivatePages               10829 pages
00:00:10.132249 /GMM/VM/cReqActuallyBalloonedPages        0 pages
00:00:10.132254 /GMM/VM/cReqBalloonedPages              0 pages
00:00:10.132260 /GMM/VM/cReqDeflatePages                0 pages
00:00:10.132266 /GMM/VM/cShareableModules               0 count
00:00:10.132272 /GMM/VM/cSharedPages                    0 pages
00:00:10.132278 /GMM/VM/enmPolicy                       1 
00:00:10.132285 /GMM/VM/enmPriority                     2 
00:00:10.132291 /GMM/VM/fBallooningEnabled       false    
00:00:10.132297 /GMM/VM/fMayAllocate             false    
00:00:10.132303 /GMM/VM/fSharedPagingEnabled     false    
00:00:10.132308 /GMM/cAllocatedPages                22138 pages
00:00:10.132314 /GMM/cBalloonedPages                    0 pages
00:00:10.132320 /GMM/cChunks                           45 count
00:00:10.132327 /GMM/cDuplicatePages                    0 pages
00:00:10.132333 /GMM/cFreedChunks                     488 count
00:00:10.132339 /GMM/cLeftBehindSharedPages             0 pages
00:00:10.132345 /GMM/cMaxPages                   4294967295 pages
00:00:10.132352 /GMM/cOverCommittedPages                0 pages
00:00:10.132357 /GMM/cReservedPages                139846 pages
00:00:10.132364 /GMM/cShareableModules                  0 count
00:00:10.132370 /GMM/cSharedPages                       0 pages
00:00:10.132376 /GVMM/EMTs                              2 calls
00:00:10.132382 /GVMM/HostCPUs                          2 calls
00:00:10.132388 /GVMM/HostCpus/0                        0 
00:00:10.132395 /GVMM/HostCpus/0/CurTimerHz             0 Hz
00:00:10.132401 /GVMM/HostCpus/0/DesiredHz              0 Hz
00:00:10.132406 /GVMM/HostCpus/0/PPTChanges             0 times
00:00:10.132412 /GVMM/HostCpus/0/PPTStarts              0 times
00:00:10.132418 /GVMM/HostCpus/0/idxCpuSet              0 
00:00:10.132424 /GVMM/HostCpus/1                        1 
00:00:10.132430 /GVMM/HostCpus/1/CurTimerHz             0 Hz
00:00:10.132435 /GVMM/HostCpus/1/DesiredHz              0 Hz
00:00:10.132441 /GVMM/HostCpus/1/PPTChanges             0 times
00:00:10.132447 /GVMM/HostCpus/1/PPTStarts              0 times
00:00:10.132453 /GVMM/HostCpus/1/idxCpuSet              1 
00:00:10.132458 /GVMM/Sum/HaltBlocking            4379236 calls
00:00:10.132464 /GVMM/Sum/HaltCalls               4487899 calls
00:00:10.132471 /GVMM/Sum/HaltNotBlocking          108663 calls
00:00:10.132477 /GVMM/Sum/HaltTimeouts            4117065 calls
00:00:10.132483 /GVMM/Sum/HaltWakeUps                   0 calls
00:00:10.132489 /GVMM/Sum/PokeCalls                    93 calls
00:00:10.132495 /GVMM/Sum/PokeNotBusy                  15 calls
00:00:10.132501 /GVMM/Sum/PollCalls                    70 calls
00:00:10.132507 /GVMM/Sum/PollHalts                     0 calls
00:00:10.132524 /GVMM/Sum/PollWakeUps                   0 calls
00:00:10.132531 /GVMM/Sum/WakeUpCalls              264304 calls
00:00:10.132537 /GVMM/Sum/WakeUpNotHalted           63407 calls
00:00:10.132543 /GVMM/Sum/WakeUpWakeUps                 0 calls
00:00:10.132549 /GVMM/VM/HaltBlocking                 964 calls
00:00:10.132555 /GVMM/VM/HaltCalls                    974 calls
00:00:10.132561 /GVMM/VM/HaltNotBlocking               10 calls
00:00:10.132568 /GVMM/VM/HaltTimeouts                 724 calls
00:00:10.132574 /GVMM/VM/HaltWakeUps                    0 calls
00:00:10.132580 /GVMM/VM/PokeCalls                     49 calls
00:00:10.132587 /GVMM/VM/PokeNotBusy                    7 calls
00:00:10.132594 /GVMM/VM/PollCalls                      0 calls
00:00:10.132600 /GVMM/VM/PollHalts                      0 calls
00:00:10.132606 /GVMM/VM/PollWakeUps                    0 calls
00:00:10.132612 /GVMM/VM/WakeUpCalls                  242 calls
00:00:10.132618 /GVMM/VM/WakeUpNotHalted              160 calls
00:00:10.132624 /GVMM/VM/WakeUpWakeUps                  0 calls
00:00:10.132630 /GVMM/VMs                               2 calls
00:00:10.132636 /IEM/CPU0/cInstructions                 0 count
00:00:10.132642 /IEM/CPU0/cPotentialExits               0 count
00:00:10.132648 /IEM/CPU0/cRetAspectNotImplemented        0 count
00:00:10.132654 /IEM/CPU0/cRetErrStatuses               0 count
00:00:10.132660 /IEM/CPU0/cRetInfStatuses               0 count
00:00:10.132666 /IEM/CPU0/cRetInstrNotImplemented        0 count
00:00:10.132672 /IEM/CPU0/cbWritten                     0 bytes
00:00:10.132678 /MM/HyperHeap/cbFree               825744 bytes
00:00:10.132684 /MM/HyperHeap/cbHeap              1048384 bytes
00:00:10.132690 /PDM/BlkCache/cbCached                  0 bytes
00:00:10.132696 /PDM/BlkCache/cbCachedFru               0 bytes
00:00:10.132702 /PDM/BlkCache/cbCachedMruIn             0 bytes
00:00:10.132708 /PDM/BlkCache/cbCachedMruOut            0 bytes
00:00:10.132714 /PDM/BlkCache/cbMax               5242880 bytes
00:00:10.132720 /PDM/CritSects/8237A#0 Auto/ContentionR3        0 times
00:00:10.132732 /PDM/CritSects/8237A#0 Auto/ContentionRZLock        0 times
00:00:10.132738 /PDM/CritSects/8237A#0 Auto/ContentionRZUnlock        0 times
00:00:10.132744 /PDM/CritSects/ATA#0/ContentionR3        0 times
00:00:10.132750 /PDM/CritSects/ATA#0/ContentionRZLock        1 times
00:00:10.132755 /PDM/CritSects/ATA#0/ContentionRZUnlock        0 times
00:00:10.132761 /PDM/CritSects/ATA#1/ContentionR3        0 times
00:00:10.132767 /PDM/CritSects/ATA#1/ContentionRZLock        1 times
00:00:10.132772 /PDM/CritSects/ATA#1/ContentionRZUnlock        0 times
00:00:10.132778 /PDM/CritSects/AudioSniffer#0 Auto/ContentionR3        0 times
00:00:10.132783 /PDM/CritSects/AudioSniffer#0 Auto/ContentionRZLock        0 times
00:00:10.132789 /PDM/CritSects/AudioSniffer#0 Auto/ContentionRZUnlock        0 times
00:00:10.132795 /PDM/CritSects/EM-REM/ContentionR3        0 times
00:00:10.132801 /PDM/CritSects/EM-REM/ContentionRZLock        0 times
00:00:10.132807 /PDM/CritSects/EM-REM/ContentionRZUnlock        0 times
00:00:10.132812 /PDM/CritSects/FTM/ContentionR3         0 times
00:00:10.132818 /PDM/CritSects/FTM/ContentionRZLock        0 times
00:00:10.132824 /PDM/CritSects/FTM/ContentionRZUnlock        0 times
00:00:10.132830 /PDM/CritSects/IOM Lock/ContentionR3        0 times
00:00:10.132835 /PDM/CritSects/IOM Lock/ContentionRZLock        0 times
00:00:10.132841 /PDM/CritSects/IOM Lock/ContentionRZUnlock        0 times
00:00:10.132847 /PDM/CritSects/IntNetXmit_0/ContentionR3        0 times
00:00:10.132852 /PDM/CritSects/IntNetXmit_0/ContentionRZLock        0 times
00:00:10.132858 /PDM/CritSects/IntNetXmit_0/ContentionRZUnlock        0 times
00:00:10.132864 /PDM/CritSects/MM-HYPER/ContentionR3        0 times
00:00:10.132870 /PDM/CritSects/MM-HYPER/ContentionRZLock        0 times
00:00:10.132876 /PDM/CritSects/MM-HYPER/ContentionRZUnlock        0 times
00:00:10.132882 /PDM/CritSects/NOP/ContentionR3         0 times
00:00:10.132887 /PDM/CritSects/NOP/ContentionRZLock        0 times
00:00:10.132903 /PDM/CritSects/NOP/ContentionRZUnlock        0 times
00:00:10.132910 /PDM/CritSects/PCNet#0/ContentionR3        0 times
00:00:10.132916 /PDM/CritSects/PCNet#0/ContentionRZLock        0 times
00:00:10.132921 /PDM/CritSects/PCNet#0/ContentionRZUnlock        0 times
00:00:10.132927 /PDM/CritSects/PDM/ContentionR3         0 times
00:00:10.132933 /PDM/CritSects/PDM/ContentionRZLock        1 times
00:00:10.132938 /PDM/CritSects/PDM/ContentionRZUnlock        0 times
00:00:10.132944 /PDM/CritSects/PGM/ContentionR3         0 times
00:00:10.132950 /PDM/CritSects/PGM/ContentionRZLock        1 times
00:00:10.132956 /PDM/CritSects/PGM/ContentionRZUnlock        0 times
00:00:10.132962 /PDM/CritSects/PS2K#0/ContentionR3        0 times
00:00:10.132968 /PDM/CritSects/PS2K#0/ContentionRZLock        0 times
00:00:10.132976 /PDM/CritSects/PS2K#0/ContentionRZUnlock        0 times
00:00:10.132982 /PDM/CritSects/PS2KM#0/ContentionR3        0 times
00:00:10.132990 /PDM/CritSects/PS2KM#0/ContentionRZLock        0 times
00:00:10.132996 /PDM/CritSects/PS2KM#0/ContentionRZUnlock        0 times
00:00:10.133002 /PDM/CritSects/REM-Register/ContentionR3        0 times
00:00:10.133008 /PDM/CritSects/REM-Register/ContentionRZLock        0 times
00:00:10.133013 /PDM/CritSects/REM-Register/ContentionRZUnlock        0 times
00:00:10.133019 /PDM/CritSects/TM Timer Lock/ContentionR3        0 times
00:00:10.133025 /PDM/CritSects/TM Timer Lock/ContentionRZLock        0 times
00:00:10.133031 /PDM/CritSects/TM Timer Lock/ContentionRZUnlock        0 times
00:00:10.133036 /PDM/CritSects/TM VirtualSync Lock/ContentionR3        0 times
00:00:10.133042 /PDM/CritSects/TM VirtualSync Lock/ContentionRZLock        0 times
00:00:10.133052 /PDM/CritSects/TM VirtualSync Lock/ContentionRZUnlock        0 times
00:00:10.133059 /PDM/CritSects/VGA#u/ContentionR3        0 times
00:00:10.133064 /PDM/CritSects/VGA#u/ContentionRZLock        0 times
00:00:10.133070 /PDM/CritSects/VGA#u/ContentionRZUnlock        0 times
00:00:10.133076 /PDM/CritSects/VMMDev#0 Auto/ContentionR3        0 times
00:00:10.133082 /PDM/CritSects/VMMDev#0 Auto/ContentionRZLock        0 times
00:00:10.133087 /PDM/CritSects/VMMDev#0 Auto/ContentionRZUnlock        0 times
00:00:10.133093 /PDM/CritSects/VMMDev#u/ContentionR3        0 times
00:00:10.133099 /PDM/CritSects/VMMDev#u/ContentionRZLock        0 times
00:00:10.133104 /PDM/CritSects/VMMDev#u/ContentionRZUnlock        0 times
00:00:10.133110 /PDM/CritSects/acpi0/ContentionR3        0 times
00:00:10.133116 /PDM/CritSects/acpi0/ContentionRZLock        0 times
00:00:10.133122 /PDM/CritSects/acpi0/ContentionRZUnlock        0 times
00:00:10.133128 /PDM/CritSects/ichac97#0 Auto/ContentionR3        0 times
00:00:10.133133 /PDM/CritSects/ichac97#0 Auto/ContentionRZLock        0 times
00:00:10.133139 /PDM/CritSects/ichac97#0 Auto/ContentionRZUnlock        0 times
00:00:10.133145 /PDM/CritSects/mc146818#0 Auto/ContentionR3        0 times
00:00:10.133151 /PDM/CritSects/mc146818#0 Auto/ContentionRZLock        0 times
00:00:10.133157 /PDM/CritSects/mc146818#0 Auto/ContentionRZUnlock        0 times
00:00:10.133162 /PDM/CritSects/pcarch#0 Auto/ContentionR3        0 times
00:00:10.133168 /PDM/CritSects/pcarch#0 Auto/ContentionRZLock        0 times
00:00:10.133174 /PDM/CritSects/pcarch#0 Auto/ContentionRZUnlock        0 times
00:00:10.133180 /PDM/CritSects/pcbios#0 Auto/ContentionR3        0 times
00:00:10.133186 /PDM/CritSects/pcbios#0 Auto/ContentionRZLock        0 times
00:00:10.133192 /PDM/CritSects/pcbios#0 Auto/ContentionRZUnlock        0 times
00:00:10.133197 /PDM/CritSects/pckbd#0 Auto/ContentionR3        0 times
00:00:10.133203 /PDM/CritSects/pckbd#0 Auto/ContentionRZLock        0 times
00:00:10.133209 /PDM/CritSects/pckbd#0 Auto/ContentionRZUnlock        0 times
00:00:10.133214 /PDM/CritSects/pcnet#0 Auto/ContentionR3        0 times
00:00:10.133220 /PDM/CritSects/pcnet#0 Auto/ContentionRZLock        0 times
00:00:10.133226 /PDM/CritSects/pcnet#0 Auto/ContentionRZUnlock        0 times
00:00:10.133232 /PDM/CritSects/piix3ide#0 Auto/ContentionR3        0 times
00:00:10.133248 /PDM/CritSects/piix3ide#0 Auto/ContentionRZLock        0 times
00:00:10.133254 /PDM/CritSects/piix3ide#0 Auto/ContentionRZUnlock        0 times
00:00:10.133260 /PDM/CritSects/pit/ContentionR3         0 times
00:00:10.133266 /PDM/CritSects/pit/ContentionRZLock        0 times
00:00:10.133272 /PDM/CritSects/pit/ContentionRZUnlock        0 times
00:00:10.133277 /PDM/CritSects/usb-ohci#0 Auto/ContentionR3        0 times
00:00:10.133283 /PDM/CritSects/usb-ohci#0 Auto/ContentionRZLock        0 times
00:00:10.133299 /PDM/CritSects/usb-ohci#0 Auto/ContentionRZUnlock        0 times
00:00:10.133305 /PDM/CritSects/vga#0 Auto/ContentionR3        0 times
00:00:10.133311 /PDM/CritSects/vga#0 Auto/ContentionRZLock        0 times
00:00:10.133317 /PDM/CritSects/vga#0 Auto/ContentionRZUnlock        0 times
00:00:10.133323 /PDM/Queue/DevHlp/AllocFailures         0 times
00:00:10.133328 /PDM/Queue/DevHlp/Flush                 0 calls
00:00:10.133335 /PDM/Queue/DevHlp/FlushLeftovers        0 times
00:00:10.133341 /PDM/Queue/DevHlp/Insert                0 calls
00:00:10.133347 /PDM/Queue/DevHlp/cItems                8 count
00:00:10.133353 /PDM/Queue/DevHlp/cbItem               40 bytes
00:00:10.133359 /PDM/Queue/Keyboard/AllocFailures        0 times
00:00:10.133364 /PDM/Queue/Keyboard/Flush               0 calls
00:00:10.133370 /PDM/Queue/Keyboard/FlushLeftovers        0 times
00:00:10.133376 /PDM/Queue/Keyboard/Insert              0 calls
00:00:10.133381 /PDM/Queue/Keyboard/cItems             64 count
00:00:10.133387 /PDM/Queue/Keyboard/cbItem             16 bytes
00:00:10.133393 /PDM/Queue/Mouse/AllocFailures          0 times
00:00:10.133399 /PDM/Queue/Mouse/Flush                  0 calls
00:00:10.133405 /PDM/Queue/Mouse/FlushLeftovers         0 times
00:00:10.133411 /PDM/Queue/Mouse/Insert                 0 calls
00:00:10.133417 /PDM/Queue/Mouse/cItems               128 count
00:00:10.133423 /PDM/Queue/Mouse/cbItem                48 bytes
00:00:10.133429 /PDM/Queue/Mouse_1/AllocFailures        0 times
00:00:10.133434 /PDM/Queue/Mouse_1/Flush                0 calls
00:00:10.133440 /PDM/Queue/Mouse_1/FlushLeftovers        0 times
00:00:10.133446 /PDM/Queue/Mouse_1/Insert               2 calls
00:00:10.133452 /PDM/Queue/Mouse_1/cItems             128 count
00:00:10.133458 /PDM/Queue/Mouse_1/cbItem              48 bytes
00:00:10.133464 /PDM/Queue/PCNet-Rcv/AllocFailures        0 times
00:00:10.133469 /PDM/Queue/PCNet-Rcv/Flush              0 calls
00:00:10.133475 /PDM/Queue/PCNet-Rcv/FlushLeftovers        0 times
00:00:10.133481 /PDM/Queue/PCNet-Rcv/Insert             0 calls
00:00:10.133487 /PDM/Queue/PCNet-Rcv/cItems             1 count
00:00:10.133493 /PDM/Queue/PCNet-Rcv/cbItem            16 bytes
00:00:10.133499 /PDM/Queue/PCNet-Xmit/AllocFailures        0 times
00:00:10.133505 /PDM/Queue/PCNet-Xmit/Flush             0 calls
00:00:10.133511 /PDM/Queue/PCNet-Xmit/FlushLeftovers        0 times
00:00:10.133516 /PDM/Queue/PCNet-Xmit/Insert            0 calls
00:00:10.133525 /PDM/Queue/PCNet-Xmit/cItems            1 count
00:00:10.133532 /PDM/Queue/PCNet-Xmit/cbItem           16 bytes
00:00:10.133537 /PGM/CPU0/cA20Changes                   2 times
00:00:10.133544 /PGM/CPU0/cGuestModeChanges          3925 times
00:00:10.133550 /PGM/ChunkR3Map/Mapped                 22 count
00:00:10.133556 /PGM/ChunkR3Map/Unmapped                0 count
00:00:10.133562 /PGM/ChunkR3Map/c                      22 count
00:00:10.133568 /PGM/ChunkR3Map/cMax                 1536 count
00:00:10.133574 /PGM/LargePage/Recheck                  0 times
00:00:10.133580 /PGM/LargePage/Refused                  0 times
00:00:10.133586 /PGM/LargePage/Reused                   0 times
00:00:10.133593 /PGM/Page/cAllPages                 69797 count
00:00:10.133599 /PGM/Page/cBalloonedPages               0 count
00:00:10.133605 /PGM/Page/cHandyPages                  88 count
00:00:10.133611 /PGM/Page/cLargePages                   0 count
00:00:10.133617 /PGM/Page/cLargePagesDisabled           0 count
00:00:10.133633 /PGM/Page/cMonitoredPages               0 count
00:00:10.133639 /PGM/Page/cPrivatePages             14969 count
00:00:10.133645 /PGM/Page/cPureMmioPages                3 count
00:00:10.133651 /PGM/Page/cReadLockedPages              0 count
00:00:10.133657 /PGM/Page/cReusedSharedPages            0 count
00:00:10.133663 /PGM/Page/cSharedPages                  0 count
00:00:10.133669 /PGM/Page/cWriteLockedPages             0 count
00:00:10.133675 /PGM/Page/cWrittenToPages               0 count
00:00:10.133681 /PGM/Page/cZeroPages                54825 count
00:00:10.133687 /PGM/ShMod/Check                        0 ticks/call (           0 ticks,       0 times, max         0, min      -1)
00:00:10.133694 /PGM/cRelocations                       0 times
00:00:10.133701 /PROF/CPU0/EM/Capped                    0 ticks/call (           0 ticks,       0 times, max         0, min      -1)
00:00:10.133708 /PROF/CPU0/EM/ForcedActions         25375 times
00:00:10.133714 /PROF/CPU0/EM/Halted                  193 times
00:00:10.133720 /PROF/CPU0/EM/RAWTotal                  0 times
00:00:10.133727 /PROF/CPU0/EM/REMTotal               1968 times
00:00:10.133733 /PROF/CPU0/EM/Total              16349787194 ticks/call ( 16349787194 ticks,       1 times, max 16349787194, min 16349787194)
00:00:10.133741 /PROF/VM/CPU0/Halt/Block          2373915 ns/call (  2290828929 ticks,     965 times, max   7837408, min       1)
00:00:10.133749 /PROF/VM/CPU0/Halt/BlockInsomnia        0 ns/call (           0 ticks,       0 times, max         0, min      -1)
00:00:10.133756 /PROF/VM/CPU0/Halt/BlockOnTime          0 ns/call (           0 ticks,       0 times, max         0, min      -1)
00:00:10.133763 /PROF/VM/CPU0/Halt/BlockOverslept        0 ns/call (           0 ticks,       0 times, max         0, min      -1)
00:00:10.133770 /PROF/VM/CPU0/Halt/Timers           26252 ns/call (    30400384 ticks,    1158 times, max   6235078, min       2)
00:00:10.133777 /PROF/VM/CPU0/Halt/Yield                0 ns/call (           0 ticks,       0 times, max         0, min      -1)
00:00:10.133784 /REM/TbFlushCount                    1961 times
00:00:10.133791 /REM/TbPhysInvldCount                2859 times
00:00:10.133797 /REM/TlbFlushCount                   9066 times
00:00:10.133803 /SELM/HyperSels/Changed                 0 times
00:00:10.133809 /SELM/HyperSels/Scan                    0 times
00:00:10.133816 /SELM/LoadHidSel/GstReadErrors          0 times
00:00:10.133822 /SELM/LoadHidSel/NoGoodGuest            0 times
00:00:10.133827 /SELM/UpdateFromCPUM/AlreadyStaleCS        0 times
00:00:10.133833 /SELM/UpdateFromCPUM/AlreadyStaleDS        0 times
00:00:10.133839 /SELM/UpdateFromCPUM/AlreadyStaleES        0 times
00:00:10.133845 /SELM/UpdateFromCPUM/AlreadyStaleFS        0 times
00:00:10.133850 /SELM/UpdateFromCPUM/AlreadyStaleGS        0 times
00:00:10.133856 /SELM/UpdateFromCPUM/AlreadyStaleSS        0 times
00:00:10.133862 /SELM/UpdateFromCPUM/DetectedStaleCS        0 times
00:00:10.133868 /SELM/UpdateFromCPUM/DetectedStaleDS        0 times
00:00:10.133874 /SELM/UpdateFromCPUM/DetectedStaleES        0 times
00:00:10.133879 /SELM/UpdateFromCPUM/DetectedStaleFS        0 times
00:00:10.133885 /SELM/UpdateFromCPUM/DetectedStaleGS        0 times
00:00:10.133891 /SELM/UpdateFromCPUM/DetectedStaleSS        0 times
00:00:10.133897 /SELM/UpdateFromCPUM/StaleToUnstale        0 times
00:00:10.133903 /TM/CPU/00/cNsExecuting          2331568067 ns
00:00:10.133909 /TM/CPU/00/cNsHalted             2323498558 ns
00:00:10.133915 /TM/CPU/00/cNsOther              2052127363 ns
00:00:10.133922 /TM/CPU/00/cNsTotal              6707193988 ns
00:00:10.133928 /TM/CPU/00/cPeriodsExecuting       384561 count
00:00:10.133934 /TM/CPU/00/cPeriodsHalted             193 count
00:00:10.134104 /TM/CPU/00/pctExecuting                60 %
00:00:10.134110 /TM/CPU/00/pctHalted                    0 %
00:00:10.134116 /TM/CPU/00/pctOther                    39 %
00:00:10.134123 /TM/CPU/pctExecuting                   60 %
00:00:10.134129 /TM/CPU/pctHalted                       0 %
00:00:10.134135 /TM/CPU/pctOther                       39 %
00:00:10.134154 /TM/MaxHzHint                           0 Hz
00:00:10.134162 /TM/R0/1nsSteps                       801 times
00:00:10.134168 /TM/R3/1nsSteps                       910 times
00:00:10.134175 /TM/TSC/offCPU0                         0 ticks
00:00:10.134181 /TM/VirtualSync/CurrentOffset      334505 ns
00:00:10.134188 /VUSB/0/cUrbsInPool                     1 count
00:00:10.134194 ********************* End of statistics **********************
00:00:10.140398 Changing the VM state from 'DESTROYING' to 'TERMINATED'.
