VirtualBox VM 4.2.10 r84104 darwin.x86 (Mar  5 2013 12:16:54) release log
00:00:00.980346 Log opened 2013-06-11T22:06:53.271281000Z
00:00:00.980383 OS Product: Darwin
00:00:00.980400 OS Release: 10.2.0
00:00:00.980416 OS Version: Darwin Kernel Version 10.2.0: Tue Nov  3 10:37:10 PST 2009; root:xnu-1486.2.11~1/RELEASE_I386
00:00:00.981671 DMI Product Name: MacBookPro4,1
00:00:00.982714 DMI Product Version: 1.0
00:00:00.982736 Host RAM: 4096MB total, 1660MB available
00:00:00.982741 Executable: /Applications/VirtualBox.app/Contents/MacOS/../Resources/VirtualBoxVM.app/Contents/MacOS/VirtualBoxVM
00:00:00.982742 Process ID: 35676
00:00:00.982742 Package type: DARWIN_32BITS_GENERIC
00:00:00.988411 Installed Extension Packs:
00:00:00.988423   None installed!
00:00:00.995659 SUP: Opened VMMR0.r0 (/Applications/VirtualBox.app/Contents/MacOS/VMMR0.r0) at 0x708dd020.
00:00:01.005287 OS type: 'Linux'
00:00:01.031004 File system of '/Users/paalee/VirtualBox VMs/RouterTemplate/Snapshots' (snapshots) is hfs
00:00:01.031022 File system of '/Users/paalee/VirtualBox VMs/RouterTemplate/RouterTemplate-disk1.vdi' is hfs
00:00:01.131839 Shared clipboard mode: Off
00:00:01.146007 Drag'n'drop mode: Off
00:00:01.158488 ************************* CFGM dump *************************
00:00:01.158496 [/] (level 0)
00:00:01.158504   CSAMEnabled     <integer> = 0x0000000000000001 (1)
00:00:01.158513   CpuExecutionCap <integer> = 0x0000000000000064 (100)
00:00:01.158515   EnablePAE       <integer> = 0x0000000000000000 (0)
00:00:01.158517   HwVirtExtForced <integer> = 0x0000000000000001 (1)
00:00:01.158518   MemBalloonSize  <integer> = 0x0000000000000000 (0)
00:00:01.158519   Name            <string>  = "RouterTemplate" (cb=15)
00:00:01.158521   NumCPUs         <integer> = 0x0000000000000001 (1)
00:00:01.158523   PATMEnabled     <integer> = 0x0000000000000001 (1)
00:00:01.158524   PageFusion      <integer> = 0x0000000000000000 (0)
00:00:01.158526   RamHoleSize     <integer> = 0x0000000020000000 (536 870 912, 512 MB)
00:00:01.158528   RamSize         <integer> = 0x0000000010000000 (268 435 456, 256 MB)
00:00:01.158531   RawR0Enabled    <integer> = 0x0000000000000001 (1)
00:00:01.158533   RawR3Enabled    <integer> = 0x0000000000000001 (1)
00:00:01.158534   TimerMillies    <integer> = 0x000000000000000a (10)
00:00:01.158536   UUID            <bytes>   = "1f 97 ee b7 16 73 b7 4f 97 bd 94 84 97 bf 85 fb" (cb=16)
00:00:01.158547 
00:00:01.158548 [/CPUM/] (level 1)
00:00:01.158550   SyntheticCpu <integer> = 0x0000000000000000 (0)
00:00:01.158551 
00:00:01.158552 [/DBGF/] (level 1)
00:00:01.158553   Path <string>  = "/Users/paalee/VirtualBox VMs/RouterTemplate/debug/;/Users/paalee/VirtualBox VMs/RouterTemplate/;/Users/paalee/" (cb=111)
00:00:01.158555 
00:00:01.158555 [/Devices/] (level 1)
00:00:01.158557 
00:00:01.158558 [/Devices/8237A/] (level 2)
00:00:01.158559 
00:00:01.158560 [/Devices/8237A/0/] (level 3)
00:00:01.158562   Trusted <integer> = 0x0000000000000001 (1)
00:00:01.158563 
00:00:01.158564 [/Devices/AudioSniffer/] (level 2)
00:00:01.158566 
00:00:01.158566 [/Devices/AudioSniffer/0/] (level 3)
00:00:01.158568 
00:00:01.158569 [/Devices/AudioSniffer/0/Config/] (level 4)
00:00:01.158571 
00:00:01.158572 [/Devices/AudioSniffer/0/LUN#0/] (level 4)
00:00:01.158574   Driver <string>  = "MainAudioSniffer" (cb=17)
00:00:01.158575 
00:00:01.158576 [/Devices/AudioSniffer/0/LUN#0/Config/] (level 5)
00:00:01.158579   Object <integer> = 0x000000000013bc30 (1 293 360)
00:00:01.158580 
00:00:01.158581 [/Devices/VMMDev/] (level 2)
00:00:01.158583 
00:00:01.158583 [/Devices/VMMDev/0/] (level 3)
00:00:01.158586   PCIBusNo      <integer> = 0x0000000000000000 (0)
00:00:01.158587   PCIDeviceNo   <integer> = 0x0000000000000004 (4)
00:00:01.158589   PCIFunctionNo <integer> = 0x0000000000000000 (0)
00:00:01.158590   Trusted       <integer> = 0x0000000000000001 (1)
00:00:01.158592 
00:00:01.158592 [/Devices/VMMDev/0/Config/] (level 4)
00:00:01.158595   GuestCoreDumpDir <string>  = "/Users/paalee/VirtualBox VMs/RouterTemplate/Snapshots" (cb=54)
00:00:01.158596   RamSize          <integer> = 0x0000000010000000 (268 435 456, 256 MB)
00:00:01.158599 
00:00:01.158599 [/Devices/VMMDev/0/LUN#0/] (level 4)
00:00:01.158602   Driver <string>  = "HGCM" (cb=5)
00:00:01.158603 
00:00:01.158603 [/Devices/VMMDev/0/LUN#0/Config/] (level 5)
00:00:01.158606   Object <integer> = 0x000000000285c800 (42 321 920)
00:00:01.158608 
00:00:01.158609 [/Devices/VMMDev/0/LUN#999/] (level 4)
00:00:01.158611   Driver <string>  = "MainStatus" (cb=11)
00:00:01.158612 
00:00:01.158612 [/Devices/VMMDev/0/LUN#999/Config/] (level 5)
00:00:01.158615   First   <integer> = 0x0000000000000000 (0)
00:00:01.158617   Last    <integer> = 0x0000000000000000 (0)
00:00:01.158618   papLeds <integer> = 0x0000000000844970 (8 669 552)
00:00:01.158620 
00:00:01.158621 [/Devices/acpi/] (level 2)
00:00:01.158623 
00:00:01.158623 [/Devices/acpi/0/] (level 3)
00:00:01.158625   PCIBusNo      <integer> = 0x0000000000000000 (0)
00:00:01.158627   PCIDeviceNo   <integer> = 0x0000000000000007 (7)
00:00:01.158628   PCIFunctionNo <integer> = 0x0000000000000000 (0)
00:00:01.158630   Trusted       <integer> = 0x0000000000000001 (1)
00:00:01.158631 
00:00:01.158632 [/Devices/acpi/0/Config/] (level 4)
00:00:01.158634   CpuHotPlug        <integer> = 0x0000000000000000 (0)
00:00:01.158636   FdcEnabled        <integer> = 0x0000000000000000 (0)
00:00:01.158637   HostBusPciAddress <integer> = 0x0000000000000000 (0)
00:00:01.158638   HpetEnabled       <integer> = 0x0000000000000000 (0)
00:00:01.158640   IOAPIC            <integer> = 0x0000000000000000 (0)
00:00:01.158642   IocPciAddress     <integer> = 0x0000000000010000 (65 536)
00:00:01.158643   NumCPUs           <integer> = 0x0000000000000001 (1)
00:00:01.158645   RamHoleSize       <integer> = 0x0000000020000000 (536 870 912, 512 MB)
00:00:01.158648   RamSize           <integer> = 0x0000000010000000 (268 435 456, 256 MB)
00:00:01.158650   Serial0IoPortBase <integer> = 0x0000000000000000 (0)
00:00:01.158652   Serial0Irq        <integer> = 0x0000000000000000 (0)
00:00:01.158653   Serial1IoPortBase <integer> = 0x0000000000000000 (0)
00:00:01.158655   Serial1Irq        <integer> = 0x0000000000000000 (0)
00:00:01.158656   ShowCpu           <integer> = 0x0000000000000000 (0)
00:00:01.158658   ShowRtc           <integer> = 0x0000000000000000 (0)
00:00:01.158659   SmcEnabled        <integer> = 0x0000000000000000 (0)
00:00:01.158661 
00:00:01.158662 [/Devices/acpi/0/LUN#0/] (level 4)
00:00:01.158664   Driver <string>  = "ACPIHost" (cb=9)
00:00:01.158665 
00:00:01.158666 [/Devices/acpi/0/LUN#0/Config/] (level 5)
00:00:01.158668 
00:00:01.158669 [/Devices/apic/] (level 2)
00:00:01.158670 
00:00:01.158671 [/Devices/apic/0/] (level 3)
00:00:01.158673   Trusted <integer> = 0x0000000000000001 (1)
00:00:01.158674 
00:00:01.158675 [/Devices/apic/0/Config/] (level 4)
00:00:01.158677   IOAPIC  <integer> = 0x0000000000000000 (0)
00:00:01.158679   NumCPUs <integer> = 0x0000000000000001 (1)
00:00:01.158680 
00:00:01.158681 [/Devices/e1000/] (level 2)
00:00:01.158683 
00:00:01.158683 [/Devices/i8254/] (level 2)
00:00:01.158685 
00:00:01.158686 [/Devices/i8254/0/] (level 3)
00:00:01.158688 
00:00:01.158688 [/Devices/i8254/0/Config/] (level 4)
00:00:01.158690 
00:00:01.158691 [/Devices/i8259/] (level 2)
00:00:01.158693 
00:00:01.158693 [/Devices/i8259/0/] (level 3)
00:00:01.158695   Trusted <integer> = 0x0000000000000001 (1)
00:00:01.158697 
00:00:01.158697 [/Devices/i8259/0/Config/] (level 4)
00:00:01.158700 
00:00:01.158700 [/Devices/ichac97/] (level 2)
00:00:01.158702 
00:00:01.158703 [/Devices/ichac97/0/] (level 3)
00:00:01.158705   PCIBusNo      <integer> = 0x0000000000000000 (0)
00:00:01.158707   PCIDeviceNo   <integer> = 0x0000000000000005 (5)
00:00:01.158708   PCIFunctionNo <integer> = 0x0000000000000000 (0)
00:00:01.158709   Trusted       <integer> = 0x0000000000000001 (1)
00:00:01.158711 
00:00:01.158712 [/Devices/ichac97/0/Config/] (level 4)
00:00:01.158714 
00:00:01.158714 [/Devices/ichac97/0/LUN#0/] (level 4)
00:00:01.158717   Driver <string>  = "AUDIO" (cb=6)
00:00:01.158718 
00:00:01.158718 [/Devices/ichac97/0/LUN#0/Config/] (level 5)
00:00:01.158721   AudioDriver <string>  = "coreaudio" (cb=10)
00:00:01.158722   StreamName  <string>  = "RouterTemplate" (cb=15)
00:00:01.158724 
00:00:01.158724 [/Devices/mc146818/] (level 2)
00:00:01.158726 
00:00:01.158727 [/Devices/mc146818/0/] (level 3)
00:00:01.158729 
00:00:01.158729 [/Devices/mc146818/0/Config/] (level 4)
00:00:01.158732   UseUTC <integer> = 0x0000000000000001 (1)
00:00:01.158733 
00:00:01.158734 [/Devices/parallel/] (level 2)
00:00:01.158735 
00:00:01.158736 [/Devices/pcarch/] (level 2)
00:00:01.158738 
00:00:01.158738 [/Devices/pcarch/0/] (level 3)
00:00:01.158740   Trusted <integer> = 0x0000000000000001 (1)
00:00:01.158742 
00:00:01.158742 [/Devices/pcarch/0/Config/] (level 4)
00:00:01.158744 
00:00:01.158745 [/Devices/pcbios/] (level 2)
00:00:01.158747 
00:00:01.158747 [/Devices/pcbios/0/] (level 3)
00:00:01.158749   Trusted <integer> = 0x0000000000000001 (1)
00:00:01.158751 
00:00:01.158751 [/Devices/pcbios/0/Config/] (level 4)
00:00:01.158754   BootDevice0    <string>  = "FLOPPY" (cb=7)
00:00:01.158755   BootDevice1    <string>  = "DVD" (cb=4)
00:00:01.158756   BootDevice2    <string>  = "IDE" (cb=4)
00:00:01.158757   BootDevice3    <string>  = "NONE" (cb=5)
00:00:01.158759   FloppyDevice   <string>  = "i82078" (cb=7)
00:00:01.158760   HardDiskDevice <string>  = "piix3ide" (cb=9)
00:00:01.158761   IOAPIC         <integer> = 0x0000000000000000 (0)
00:00:01.158762   McfgBase       <integer> = 0x0000000000000000 (0)
00:00:01.158764   McfgLength     <integer> = 0x0000000000000000 (0)
00:00:01.158765   NumCPUs        <integer> = 0x0000000000000001 (1)
00:00:01.158767   PXEDebug       <integer> = 0x0000000000000000 (0)
00:00:01.158768   RamHoleSize    <integer> = 0x0000000020000000 (536 870 912, 512 MB)
00:00:01.158771   RamSize        <integer> = 0x0000000010000000 (268 435 456, 256 MB)
00:00:01.158773   UUID           <bytes>   = "1f 97 ee b7 16 73 b7 4f 97 bd 94 84 97 bf 85 fb" (cb=16)
00:00:01.158777 
00:00:01.158778 [/Devices/pcbios/0/Config/NetBoot/] (level 5)
00:00:01.158780 
00:00:01.158781 [/Devices/pcbios/0/Config/NetBoot/0/] (level 6)
00:00:01.158784   NIC           <integer> = 0x0000000000000000 (0)
00:00:01.158786   PCIBusNo      <integer> = 0x0000000000000000 (0)
00:00:01.158788   PCIDeviceNo   <integer> = 0x0000000000000003 (3)
00:00:01.158789   PCIFunctionNo <integer> = 0x0000000000000000 (0)
00:00:01.158790 
00:00:01.158791 [/Devices/pci/] (level 2)
00:00:01.158793 
00:00:01.158793 [/Devices/pci/0/] (level 3)
00:00:01.158795   Trusted <integer> = 0x0000000000000001 (1)
00:00:01.158797 
00:00:01.158797 [/Devices/pci/0/Config/] (level 4)
00:00:01.158799   IOAPIC <integer> = 0x0000000000000000 (0)
00:00:01.158801 
00:00:01.158801 [/Devices/pckbd/] (level 2)
00:00:01.158803 
00:00:01.158804 [/Devices/pckbd/0/] (level 3)
00:00:01.158806   Trusted <integer> = 0x0000000000000001 (1)
00:00:01.158807 
00:00:01.158808 [/Devices/pckbd/0/Config/] (level 4)
00:00:01.158810 
00:00:01.158810 [/Devices/pckbd/0/LUN#0/] (level 4)
00:00:01.158813   Driver <string>  = "KeyboardQueue" (cb=14)
00:00:01.158814 
00:00:01.158814 [/Devices/pckbd/0/LUN#0/AttachedDriver/] (level 5)
00:00:01.158817   Driver <string>  = "MainKeyboard" (cb=13)
00:00:01.158818 
00:00:01.158818 [/Devices/pckbd/0/LUN#0/AttachedDriver/Config/] (level 6)
00:00:01.158821   Object <integer> = 0x000000000016d930 (1 497 392)
00:00:01.158823 
00:00:01.158824 [/Devices/pckbd/0/LUN#0/Config/] (level 5)
00:00:01.158826   QueueSize <integer> = 0x0000000000000040 (64)
00:00:01.158828 
00:00:01.158828 [/Devices/pckbd/0/LUN#1/] (level 4)
00:00:01.158831   Driver <string>  = "MouseQueue" (cb=11)
00:00:01.158832 
00:00:01.158832 [/Devices/pckbd/0/LUN#1/AttachedDriver/] (level 5)
00:00:01.158835   Driver <string>  = "MainMouse" (cb=10)
00:00:01.158836 
00:00:01.158836 [/Devices/pckbd/0/LUN#1/AttachedDriver/Config/] (level 6)
00:00:01.158839   Object <integer> = 0x0000000000141730 (1 316 656)
00:00:01.158841 
00:00:01.158842 [/Devices/pckbd/0/LUN#1/Config/] (level 5)
00:00:01.158844   QueueSize <integer> = 0x0000000000000080 (128)
00:00:01.158846 
00:00:01.158846 [/Devices/pcnet/] (level 2)
00:00:01.158848 
00:00:01.158849 [/Devices/pcnet/0/] (level 3)
00:00:01.158851   PCIBusNo      <integer> = 0x0000000000000000 (0)
00:00:01.158852   PCIDeviceNo   <integer> = 0x0000000000000003 (3)
00:00:01.158854   PCIFunctionNo <integer> = 0x0000000000000000 (0)
00:00:01.158855   Trusted       <integer> = 0x0000000000000001 (1)
00:00:01.158857 
00:00:01.158857 [/Devices/pcnet/0/Config/] (level 4)
00:00:01.158860   Am79C973       <integer> = 0x0000000000000001 (1)
00:00:01.158861   CableConnected <integer> = 0x0000000000000001 (1)
00:00:01.158862   LineSpeed      <integer> = 0x0000000000000000 (0)
00:00:01.158864   MAC            <bytes>   = "08 00 27 bd b9 b2" (cb=6)
00:00:01.158866   R0Enabled      <integer> = 0x0000000000000000 (0)
00:00:01.158868 
00:00:01.158869 [/Devices/pcnet/0/LUN#0/] (level 4)
00:00:01.158871   Driver <string>  = "IntNet" (cb=7)
00:00:01.158872 
00:00:01.158872 [/Devices/pcnet/0/LUN#0/Config/] (level 5)
00:00:01.158875   IfPolicyPromisc <string>  = "deny" (cb=5)
00:00:01.158877   Network         <string>  = "HostInterfaceNetworking-vboxnet0" (cb=33)
00:00:01.158878   Trunk           <string>  = "vboxnet0" (cb=9)
00:00:01.158880   TrunkType       <integer> = 0x0000000000000004 (4)
00:00:01.158881 
00:00:01.158882 [/Devices/pcnet/0/LUN#999/] (level 4)
00:00:01.158884   Driver <string>  = "MainStatus" (cb=11)
00:00:01.158885 
00:00:01.158886 [/Devices/pcnet/0/LUN#999/Config/] (level 5)
00:00:01.158888   First   <integer> = 0x0000000000000000 (0)
00:00:01.158890   Last    <integer> = 0x0000000000000000 (0)
00:00:01.158891   papLeds <integer> = 0x00000000008448e0 (8 669 408)
00:00:01.158893 
00:00:01.158894 [/Devices/piix3ide/] (level 2)
00:00:01.158896 
00:00:01.158896 [/Devices/piix3ide/0/] (level 3)
00:00:01.158898   PCIBusNo      <integer> = 0x0000000000000000 (0)
00:00:01.158900   PCIDeviceNo   <integer> = 0x0000000000000001 (1)
00:00:01.158901   PCIFunctionNo <integer> = 0x0000000000000001 (1)
00:00:01.158903   Trusted       <integer> = 0x0000000000000001 (1)
00:00:01.158904 
00:00:01.158905 [/Devices/piix3ide/0/Config/] (level 4)
00:00:01.158907   Type <string>  = "PIIX4" (cb=6)
00:00:01.158908 
00:00:01.158909 [/Devices/piix3ide/0/Config/PrimaryMaster/] (level 5)
00:00:01.158912   NonRotationalMedium <integer> = 0x0000000000000000 (0)
00:00:01.158913 
00:00:01.158914 [/Devices/piix3ide/0/Config/SecondaryMaster/] (level 5)
00:00:01.158916   NonRotationalMedium <integer> = 0x0000000000000000 (0)
00:00:01.158918 
00:00:01.158918 [/Devices/piix3ide/0/LUN#0/] (level 4)
00:00:01.158921   Driver <string>  = "Block" (cb=6)
00:00:01.158922 
00:00:01.158922 [/Devices/piix3ide/0/LUN#0/AttachedDriver/] (level 5)
00:00:01.158925   Driver <string>  = "VD" (cb=3)
00:00:01.158926 
00:00:01.158926 [/Devices/piix3ide/0/LUN#0/AttachedDriver/Config/] (level 6)
00:00:01.158930   Format <string>  = "VDI" (cb=4)
00:00:01.158931   Path   <string>  = "/Users/paalee/VirtualBox VMs/RouterTemplate/RouterTemplate-disk1.vdi" (cb=69)
00:00:01.158932   Type   <string>  = "HardDisk" (cb=9)
00:00:01.158933 
00:00:01.158934 [/Devices/piix3ide/0/LUN#0/Config/] (level 5)
00:00:01.158936   Mountable <integer> = 0x0000000000000000 (0)
00:00:01.158938   Type      <string>  = "HardDisk" (cb=9)
00:00:01.158939 
00:00:01.158939 [/Devices/piix3ide/0/LUN#2/] (level 4)
00:00:01.158942   Driver <string>  = "Block" (cb=6)
00:00:01.158943 
00:00:01.158943 [/Devices/piix3ide/0/LUN#2/Config/] (level 5)
00:00:01.158946   Mountable <integer> = 0x0000000000000001 (1)
00:00:01.158947   Type      <string>  = "DVD" (cb=4)
00:00:01.158948 
00:00:01.158949 [/Devices/piix3ide/0/LUN#999/] (level 4)
00:00:01.158951   Driver <string>  = "MainStatus" (cb=11)
00:00:01.158952 
00:00:01.158953 [/Devices/piix3ide/0/LUN#999/Config/] (level 5)
00:00:01.158956   DeviceInstance        <string>  = "piix3ide/0" (cb=11)
00:00:01.158957   First                 <integer> = 0x0000000000000000 (0)
00:00:01.158959   Last                  <integer> = 0x0000000000000003 (3)
00:00:01.158961   pConsole              <integer> = 0x0000000000844600 (8 668 672)
00:00:01.158963   papLeds               <integer> = 0x00000000008447f8 (8 669 176)
00:00:01.158965   pmapMediumAttachments <integer> = 0x000000000084497c (8 669 564)
00:00:01.159109 
00:00:01.159110 [/Devices/serial/] (level 2)
00:00:01.159112 
00:00:01.159113 [/Devices/usb-ohci/] (level 2)
00:00:01.159115 
00:00:01.159115 [/Devices/usb-ohci/0/] (level 3)
00:00:01.159117   PCIBusNo      <integer> = 0x0000000000000000 (0)
00:00:01.159119   PCIDeviceNo   <integer> = 0x0000000000000006 (6)
00:00:01.159121   PCIFunctionNo <integer> = 0x0000000000000000 (0)
00:00:01.159122   Trusted       <integer> = 0x0000000000000001 (1)
00:00:01.159123 
00:00:01.159124 [/Devices/usb-ohci/0/Config/] (level 4)
00:00:01.159126 
00:00:01.159127 [/Devices/usb-ohci/0/LUN#0/] (level 4)
00:00:01.159129   Driver <string>  = "VUSBRootHub" (cb=12)
00:00:01.159130 
00:00:01.159131 [/Devices/usb-ohci/0/LUN#0/Config/] (level 5)
00:00:01.159134 
00:00:01.159134 [/Devices/usb-ohci/0/LUN#999/] (level 4)
00:00:01.159137   Driver <string>  = "MainStatus" (cb=11)
00:00:01.159138 
00:00:01.159138 [/Devices/usb-ohci/0/LUN#999/Config/] (level 5)
00:00:01.159141   First   <integer> = 0x0000000000000000 (0)
00:00:01.159142   Last    <integer> = 0x0000000000000000 (0)
00:00:01.159144   papLeds <integer> = 0x0000000000844974 (8 669 556)
00:00:01.159146 
00:00:01.159146 [/Devices/vga/] (level 2)
00:00:01.159148 
00:00:01.159149 [/Devices/vga/0/] (level 3)
00:00:01.159151   PCIBusNo      <integer> = 0x0000000000000000 (0)
00:00:01.159153   PCIDeviceNo   <integer> = 0x0000000000000002 (2)
00:00:01.159154   PCIFunctionNo <integer> = 0x0000000000000000 (0)
00:00:01.159155   Trusted       <integer> = 0x0000000000000001 (1)
00:00:01.159157 
00:00:01.159157 [/Devices/vga/0/Config/] (level 4)
00:00:01.159160   CustomVideoModes <integer> = 0x0000000000000000 (0)
00:00:01.159162   FadeIn           <integer> = 0x0000000000000001 (1)
00:00:01.159163   FadeOut          <integer> = 0x0000000000000001 (1)
00:00:01.159165   HeightReduction  <integer> = 0x0000000000000000 (0)
00:00:01.159166   LogoFile         <string>  = "" (cb=1)
00:00:01.159167   LogoTime         <integer> = 0x0000000000000000 (0)
00:00:01.159171   MonitorCount     <integer> = 0x0000000000000001 (1)
00:00:01.159173   R0Enabled        <integer> = 0x0000000000000001 (1)
00:00:01.159175   ShowBootMenu     <integer> = 0x0000000000000002 (2)
00:00:01.159176   VRamSize         <integer> = 0x0000000000c00000 (12 582 912, 12 MB)
00:00:01.159179 
00:00:01.159179 [/Devices/vga/0/LUN#0/] (level 4)
00:00:01.159182   Driver <string>  = "MainDisplay" (cb=12)
00:00:01.159183 
00:00:01.159184 [/Devices/vga/0/LUN#0/Config/] (level 5)
00:00:01.159186   Object <integer> = 0x000000000084c200 (8 700 416)
00:00:01.159188 
00:00:01.159189 [/Devices/virtio-net/] (level 2)
00:00:01.159190 
00:00:01.159191 [/HWVirtExt/] (level 1)
00:00:01.159193   64bitEnabled       <integer> = 0x0000000000000000 (0)
00:00:01.159194   EnableLargePages   <integer> = 0x0000000000000000 (0)
00:00:01.159196   EnableNestedPaging <integer> = 0x0000000000000001 (1)
00:00:01.159197   EnableVPID         <integer> = 0x0000000000000001 (1)
00:00:01.159199   Enabled            <integer> = 0x0000000000000001 (1)
00:00:01.159200   Exclusive          <integer> = 0x0000000000000000 (0)
00:00:01.159202 
00:00:01.159203 [/MM/] (level 1)
00:00:01.159204   CanUseLargerHeap <integer> = 0x0000000000000000 (0)
00:00:01.159206 
00:00:01.159206 [/PDM/] (level 1)
00:00:01.159208 
00:00:01.159208 [/PDM/AsyncCompletion/] (level 2)
00:00:01.159210 
00:00:01.159211 [/PDM/AsyncCompletion/File/] (level 3)
00:00:01.159213 
00:00:01.159213 [/PDM/AsyncCompletion/File/BwGroups/] (level 4)
00:00:01.159216 
00:00:01.159216 [/PDM/BlkCache/] (level 2)
00:00:01.159218   CacheSize <integer> = 0x0000000000500000 (5 242 880, 5 MB)
00:00:01.159220 
00:00:01.159221 [/PDM/Devices/] (level 2)
00:00:01.159223 
00:00:01.159223 [/PDM/Drivers/] (level 2)
00:00:01.159225 
00:00:01.159225 [/PDM/Drivers/VBoxC/] (level 3)
00:00:01.159227   Path <string>  = "/Applications/VirtualBox.app/Contents/MacOS/components/VBoxC" (cb=61)
00:00:01.159229 
00:00:01.159229 [/PDM/NetworkShaper/] (level 2)
00:00:01.159231 
00:00:01.159232 [/PDM/NetworkShaper/BwGroups/] (level 3)
00:00:01.159234 
00:00:01.159234 [/TM/] (level 1)
00:00:01.159236   UTCOffset <integer> = 0x0000000000000000 (0)
00:00:01.159237 
00:00:01.159238 [/USB/] (level 1)
00:00:01.159239 
00:00:01.159240 [/USB/HidMouse/] (level 2)
00:00:01.159242 
00:00:01.159242 [/USB/HidMouse/0/] (level 3)
00:00:01.159244 
00:00:01.159245 [/USB/HidMouse/0/Config/] (level 4)
00:00:01.159247   Absolute <integer> = 0x0000000000000001 (1)
00:00:01.159248 
00:00:01.159249 [/USB/HidMouse/0/LUN#0/] (level 4)
00:00:01.159251   Driver <string>  = "MouseQueue" (cb=11)
00:00:01.159252 
00:00:01.159253 [/USB/HidMouse/0/LUN#0/AttachedDriver/] (level 5)
00:00:01.159256   Driver <string>  = "MainMouse" (cb=10)
00:00:01.159257 
00:00:01.159257 [/USB/HidMouse/0/LUN#0/AttachedDriver/Config/] (level 6)
00:00:01.159260   Object <integer> = 0x0000000000141730 (1 316 656)
00:00:01.159262 
00:00:01.159262 [/USB/HidMouse/0/LUN#0/Config/] (level 5)
00:00:01.159265   QueueSize <integer> = 0x0000000000000080 (128)
00:00:01.159267 
00:00:01.159267 [/USB/USBProxy/] (level 2)
00:00:01.159269 
00:00:01.159269 [/USB/USBProxy/GlobalConfig/] (level 3)
00:00:01.159272 
00:00:01.159272 ********************* End of CFGM dump **********************
00:00:01.159325 MM: cbHyperHeap=0x100000 (1048576)
00:00:01.163525 Host paging mode: AMD64+PGE+NX
00:00:01.163542 PGMPool: cMaxPages=160 (u64MaxPages=160)
00:00:01.163549 pgmR3PoolInit: cMaxPages=0xa0 cMaxUsers=0x140 cMaxPhysExts=0x140 fCacheEnable=true 
00:00:01.164426 REM: VBoxREM32
00:00:01.169322 TM: GIP - u32Mode=1 (SyncTSC) u32UpdateHz=100
00:00:01.201843 TM: cTSCTicksPerSecond=0x9ae76798 (2 598 856 600) fTSCVirtualized=true  fTSCUseRealTSC=false
00:00:01.201851 TM: fMaybeUseOffsettedHostTSC=true  TSCTiedToExecution=false TSCNotTiedToHalt=false
00:00:01.202437 CoreCode: R3=02ff7000 R0=56ecd000 RC=a0245000 Phys=0000000003471000 cb=0x3000
00:00:01.210537 AIOMgr: Default manager type is "Async"
00:00:01.210555 AIOMgr: Default file backend is "NonBuffered"
00:00:01.210831 BlkCache: Cache successfully initialised. Cache size is 5242880 bytes
00:00:01.210840 BlkCache: Cache commit interval is 10000 ms
00:00:01.210846 BlkCache: Cache commit threshold is 2621440 bytes
00:00:01.233552 [SMP] BIOS with 1 CPUs
00:00:01.238839 SUP: Opened VBoxDDR0.r0 (/Applications/VirtualBox.app/Contents/MacOS/VBoxDDR0.r0) at 0x70dff020.
00:00:01.239533 SUP: Opened VBoxDD2R0.r0 (/Applications/VirtualBox.app/Contents/MacOS/VBoxDD2R0.r0) at 0x56e81020.
00:00:01.239586 Activating Local APIC
00:00:01.239600 CPUMSetGuestCpuIdFeature: Enabled APIC
00:00:01.239611 CPUMClearGuestCpuIdFeature: Disabled x2APIC
00:00:01.239893 PIT: mode=3 count=0x10000 (65536) - 18.20 Hz (ch=0)
00:00:01.259782 Shared Folders service loaded.
00:00:01.290522 DrvBlock: Flushes will be ignored
00:00:01.290547 DrvBlock: Async flushes will be passed to the disk
00:00:01.290938 VDInit finished
00:00:01.291029 VD: Opening the disk took 438979 ns
00:00:01.291259 PIIX3 ATA: LUN#0: disk, PCHS=203/16/63, total number of sectors 204800
00:00:01.291281 PIIX3 ATA: LUN#1: no unit
00:00:01.291318 DrvBlock: Flushes will be ignored
00:00:01.291325 DrvBlock: Async flushes will be passed to the disk
00:00:01.291619 PIIX3 ATA: LUN#2: CD/DVD, total number of sectors 0, passthrough disabled
00:00:01.291632 PIIX3 ATA: LUN#3: no unit
00:00:01.291676 PIIX3 ATA: Ctl#0: finished processing RESET
00:00:01.292121 PIIX3 ATA: Ctl#1: finished processing RESET
00:00:01.293307 IntNet#0: szNetwork={HostInterfaceNetworking-vboxnet0} enmTrunkType=4 szTrunk={vboxnet0} fFlags=0x8000 cbRecv=325632 cbSend=196608 fIgnoreConnectFailure=false
00:00:01.295135 Audio: Trying driver 'coreaudio'.
00:00:01.295216 Audio: set_record_source ars=0 als=0 (not implemented)
00:00:01.326306 CoreAudio: Using input device: Built-in Microphone (UID: AppleHDAEngineInput:1B,0,1,0:1)
00:00:01.335060 CoreAudio: Using output device: Built-in Output (UID: AppleHDAEngineOutput:1B,0,1,2:0)
00:00:01.336105 VUSB: attached 'HidMouse' to port 1
00:00:01.336937 DevPcBios: ATA LUN#0 LCHS=203/16/63
00:00:01.337112 PGM: The CPU physical address width is 36 bits
00:00:01.337122 PGMR3InitFinalize: 4 MB PSE mask 0000000fffffffff
00:00:01.347105 VMM: fUsePeriodicPreemptionTimers=false
00:00:01.347314 Logical host processors: 2 present, 2 max, 2 online, online mask: 0000000000000003
00:00:01.347317 ************************* CPUID dump ************************
00:00:01.347330          RAW Standard CPUIDs
00:00:01.347331      Function  eax      ebx      ecx      edx
00:00:01.347332 Gst: 00000000  00000005 756e6547 6c65746e 49656e69
00:00:01.347334 Hst:           0000000a 756e6547 6c65746e 49656e69
00:00:01.347335 Gst: 00000001  00010676 00000800 00000209 078bf3bf
00:00:01.347337 Hst:           00010676 01020800 0008e3bd bfebfbff
00:00:01.347339 Gst: 00000002  05b0b101 005657f0 00000000 2cb4304e
00:00:01.347340 Hst:           05b0b101 005657f0 00000000 2cb4304e
00:00:01.347342 Gst: 00000003  00000000 00000000 00000000 00000000
00:00:01.347343 Hst:           00000000 00000000 00000000 00000000
00:00:01.347344 Gst: 00000004  00000000 00000000 00000000 00000000
00:00:01.347346 Hst:           04000121 01c0003f 0000003f 00000001
00:00:01.347347 Gst: 00000005  00000040 00000040 00000000 00000000
00:00:01.347348 Hst:           00000040 00000040 00000003 03122220
00:00:01.347350 Name:                            GenuineIntel
00:00:01.347351 Supports:                        0-5
00:00:01.347359 Family:                          6  	Extended: 0 	Effective: 6
00:00:01.347360 Model:                           7  	Extended: 1 	Effective: 23
00:00:01.347361 Stepping:                        6
00:00:01.347362 Type:                            0 (primary)
00:00:01.347363 APIC ID:                         0x00
00:00:01.347363 Logical CPUs:                    0
00:00:01.347364 CLFLUSH Size:                    8
00:00:01.347364 Brand ID:                        0x00
00:00:01.347366 Mnemonic - Description                 = guest (host)
00:00:01.347367 FPU - x87 FPU on Chip                  = 1 (1)
00:00:01.347368 VME - Virtual 8086 Mode Enhancements   = 1 (1)
00:00:01.347368 DE - Debugging extensions              = 1 (1)
00:00:01.347369 PSE - Page Size Extension              = 1 (1)
00:00:01.347370 TSC - Time Stamp Counter               = 1 (1)
00:00:01.347371 MSR - Model Specific Registers         = 1 (1)
00:00:01.347372 PAE - Physical Address Extension       = 0 (1)
00:00:01.347373 MCE - Machine Check Exception          = 1 (1)
00:00:01.347374 CX8 - CMPXCHG8B instruction            = 1 (1)
00:00:01.347375 APIC - APIC On-Chip                    = 1 (1)
00:00:01.347376 10 - Reserved                          = 0 (0)
00:00:01.347376 SEP - SYSENTER and SYSEXIT             = 0 (1)
00:00:01.347377 MTRR - Memory Type Range Registers     = 1 (1)
00:00:01.347378 PGE - PTE Global Bit                   = 1 (1)
00:00:01.347379 MCA - Machine Check Architecture       = 1 (1)
00:00:01.347380 CMOV - Conditional Move Instructions   = 1 (1)
00:00:01.347381 PAT - Page Attribute Table             = 1 (1)
00:00:01.347382 PSE-36 - 36-bit Page Size Extention    = 1 (1)
00:00:01.347383 PSN - Processor Serial Number          = 0 (0)
00:00:01.347383 CLFSH - CLFLUSH Instruction.           = 1 (1)
00:00:01.347384 20 - Reserved                          = 0 (0)
00:00:01.347385 DS - Debug Store                       = 0 (1)
00:00:01.347386 ACPI - Thermal Mon. & Soft. Clock Ctrl.= 0 (1)
00:00:01.347387 MMX - Intel MMX Technology             = 1 (1)
00:00:01.347388 FXSR - FXSAVE and FXRSTOR Instructions = 1 (1)
00:00:01.347389 SSE - SSE Support                      = 1 (1)
00:00:01.347390 SSE2 - SSE2 Support                    = 1 (1)
00:00:01.347390 SS - Self Snoop                        = 0 (1)
00:00:01.347391 HTT - Hyper-Threading Technology       = 0 (1)
00:00:01.347392 TM - Thermal Monitor                   = 0 (1)
00:00:01.347393 30 - Reserved                          = 0 (0)
00:00:01.347394 PBE - Pending Break Enable             = 0 (1)
00:00:01.347395 Supports SSE3                          = 1 (1)
00:00:01.347396 PCLMULQDQ                              = 0 (0)
00:00:01.347397 DS Area 64-bit layout                  = 0 (1)
00:00:01.347397 Supports MONITOR/MWAIT                 = 1 (1)
00:00:01.347398 CPL-DS - CPL Qualified Debug Store     = 0 (1)
00:00:01.347399 VMX - Virtual Machine Technology       = 0 (1)
00:00:01.347400 SMX - Safer Mode Extensions            = 0 (0)
00:00:01.347401 Enhanced SpeedStep Technology          = 0 (1)
00:00:01.347402 Terminal Monitor 2                     = 0 (1)
00:00:01.347408 Supplemental SSE3 instructions         = 1 (1)
00:00:01.347409 L1 Context ID                          = 0 (0)
00:00:01.347410 11 - Reserved                          = 0 (0)
00:00:01.347410 FMA extensions using YMM state         = 0 (0)
00:00:01.347411 CMPXCHG16B instruction                 = 0 (1)
00:00:01.347412 xTPR Update Control                    = 0 (1)
00:00:01.347413 Perf/Debug Capability MSR              = 0 (1)
00:00:01.347414 16 - Reserved                          = 0 (0)
00:00:01.347415 PCID - Process-context identifiers     = 0 (0)
00:00:01.347416 DCA - Direct Cache Access              = 0 (0)
00:00:01.347416 SSE4.1 instruction extensions          = 0 (1)
00:00:01.347417 SSE4.2 instruction extensions          = 0 (0)
00:00:01.347418 Supports the x2APIC extensions         = 0 (0)
00:00:01.347419 MOVBE instruction                      = 0 (0)
00:00:01.347420 POPCNT instruction                     = 0 (0)
00:00:01.347421 TSC-Deadline LAPIC timer mode          = 0 (0)
00:00:01.347422 AESNI instruction extensions           = 0 (0)
00:00:01.347422 XSAVE/XRSTOR extended state feature    = 0 (0)
00:00:01.347423 Supports OSXSAVE                       = 0 (0)
00:00:01.347424 AVX instruction extensions             = 0 (0)
00:00:01.347425 29/30 - Reserved                       = 0x0 (0x0)
00:00:01.347426 Hypervisor Present (we're a guest)     = 0 (0)
00:00:01.347427 
00:00:01.347427          RAW Extended CPUIDs
00:00:01.347428      Function  eax      ebx      ecx      edx
00:00:01.347429 Gst: 80000000  80000008 00000000 00000000 00000000
00:00:01.347430 Hst:           80000008 00000000 00000000 00000000
00:00:01.347432 Gst: 80000001  00000000 00000000 00000000 00000000
00:00:01.347433 Hst:           00000000 00000000 00000001 20100000
00:00:01.347434 Gst: 80000002  65746e49 2952286c 726f4320 4d542865
00:00:01.347436 Hst:           65746e49 2952286c 726f4320 4d542865
00:00:01.347437 Gst: 80000003  44203229 43206f75 20205550 54202020
00:00:01.347439 Hst:           44203229 43206f75 20205550 54202020
00:00:01.347441 Gst: 80000004  30303539 20402020 30362e32 007a4847
00:00:01.347442 Hst:           30303539 20402020 30362e32 007a4847
00:00:01.347444 Gst: 80000005  00000000 00000000 00000000 00000000
00:00:01.347445 Hst:           00000000 00000000 00000000 00000000
00:00:01.347446 Gst: 80000006  00000000 00000000 18008040 00000000
00:00:01.347448 Hst:           00000000 00000000 18008040 00000000
00:00:01.347449 Gst: 80000007  00000000 00000000 00000000 00000000
00:00:01.347450 Hst:           00000000 00000000 00000000 00000000
00:00:01.347451 Gst: 80000008  00003024 00000000 00000000 00000000
00:00:01.347453 Hst:           00003024 00000000 00000000 00000000
00:00:01.347454 Gst: 80000009  07280202 00000000 00000000 00000503*
00:00:01.347456 Hst:           07280202 00000000 00000000 00000503
00:00:01.347457 Ext Name:                        
00:00:01.347458 Ext Supports:                    0x80000000-0x80000008
00:00:01.347459 Family:                          0  	Extended: 0 	Effective: 0
00:00:01.347460 Model:                           0  	Extended: 0 	Effective: 0
00:00:01.347461 Stepping:                        0
00:00:01.347462 Brand ID:                        0x000
00:00:01.347463 Mnemonic - Description                 = guest (host)
00:00:01.347463 FPU - x87 FPU on Chip                  = 0 (0)
00:00:01.347464 VME - Virtual 8086 Mode Enhancements   = 0 (0)
00:00:01.347465 DE - Debugging extensions              = 0 (0)
00:00:01.347466 PSE - Page Size Extension              = 0 (0)
00:00:01.347467 TSC - Time Stamp Counter               = 0 (0)
00:00:01.347468 MSR - K86 Model Specific Registers     = 0 (0)
00:00:01.347468 PAE - Physical Address Extension       = 0 (0)
00:00:01.347469 MCE - Machine Check Exception          = 0 (0)
00:00:01.347470 CX8 - CMPXCHG8B instruction            = 0 (0)
00:00:01.347471 APIC - APIC On-Chip                    = 0 (0)
00:00:01.347472 10 - Reserved                          = 0 (0)
00:00:01.347473 SEP - SYSCALL and SYSRET               = 0 (0)
00:00:01.347474 MTRR - Memory Type Range Registers     = 0 (0)
00:00:01.347474 PGE - PTE Global Bit                   = 0 (0)
00:00:01.347475 MCA - Machine Check Architecture       = 0 (0)
00:00:01.347476 CMOV - Conditional Move Instructions   = 0 (0)
00:00:01.347477 PAT - Page Attribute Table             = 0 (0)
00:00:01.347478 PSE-36 - 36-bit Page Size Extention    = 0 (0)
00:00:01.347479 18 - Reserved                          = 0 (0)
00:00:01.347480 19 - Reserved                          = 0 (0)
00:00:01.347481 NX - No-Execute Page Protection        = 0 (1)
00:00:01.347482 DS - Debug Store                       = 0 (0)
00:00:01.347483 AXMMX - AMD Extensions to MMX Instr.   = 0 (0)
00:00:01.347483 MMX - Intel MMX Technology             = 0 (0)
00:00:01.347484 FXSR - FXSAVE and FXRSTOR Instructions = 0 (0)
00:00:01.347485 25 - AMD fast FXSAVE and FXRSTOR Instr.= 0 (0)
00:00:01.347486 26 - 1 GB large page support           = 0 (0)
00:00:01.347487 27 - RDTSCP instruction                = 0 (0)
00:00:01.347488 28 - Reserved                          = 0 (0)
00:00:01.347489 29 - AMD Long Mode                     = 0 (1)
00:00:01.347489 30 - AMD Extensions to 3DNow!          = 0 (0)
00:00:01.347490 31 - AMD 3DNow!                        = 0 (0)
00:00:01.347491 LahfSahf - LAHF/SAHF in 64-bit mode    = 0 (1)
00:00:01.347492 CmpLegacy - Core MP legacy mode (depr) = 0 (0)
00:00:01.347493 SVM - AMD VM Extensions                = 0 (0)
00:00:01.347494 APIC registers starting at 0x400       = 0 (0)
00:00:01.347494 AltMovCR8 - LOCK MOV CR0 means MOV CR8 = 0 (0)
00:00:01.347495 5  - Advanced bit manipulation         = 0 (0)
00:00:01.347496 6  - SSE4A instruction support         = 0 (0)
00:00:01.347497 7  - Misaligned SSE mode               = 0 (0)
00:00:01.347498 8  - PREFETCH and PREFETCHW instruction= 0 (0)
00:00:01.347499 9  - OS visible workaround             = 0 (0)
00:00:01.347500 10 - Instruction based sampling        = 0 (0)
00:00:01.347500 11 - SSE5 support                      = 0 (0)
00:00:01.347501 12 - SKINIT, STGI, and DEV support     = 0 (0)
00:00:01.347502 13 - Watchdog timer support.           = 0 (0)
00:00:01.347503 31:14 - Reserved                       = 0x0 (0x0)
00:00:01.347504 Full Name:                       Intel(R) Core(TM)2 Duo CPU     T9500  @ 2.60GHz
00:00:01.347510 TLB 2/4M Instr/Uni:              res0     0 entries
00:00:01.347511 TLB 2/4M Data:                   res0     0 entries
00:00:01.347512 TLB 4K Instr/Uni:                res0     0 entries
00:00:01.347513 TLB 4K Data:                     res0     0 entries
00:00:01.347514 L1 Instr Cache Line Size:        0 bytes
00:00:01.347515 L1 Instr Cache Lines Per Tag:    0
00:00:01.347515 L1 Instr Cache Associativity:    res0  
00:00:01.347516 L1 Instr Cache Size:             0 KB
00:00:01.347517 L1 Data Cache Line Size:         0 bytes
00:00:01.347517 L1 Data Cache Lines Per Tag:     0
00:00:01.347518 L1 Data Cache Associativity:     res0  
00:00:01.347519 L1 Data Cache Size:              0 KB
00:00:01.347519 L2 TLB 2/4M Instr/Uni:           off       0 entries
00:00:01.347520 L2 TLB 2/4M Data:                off       0 entries
00:00:01.347522 L2 TLB 4K Instr/Uni:             off       0 entries
00:00:01.347522 L2 TLB 4K Data:                  off       0 entries
00:00:01.347523 L2 Cache Line Size:              0 bytes
00:00:01.347524 L2 Cache Lines Per Tag:          0
00:00:01.347525 L2 Cache Associativity:          off   
00:00:01.347525 L2 Cache Size:                   0 KB
00:00:01.347530 APM Features:                   
00:00:01.347531 Physical Address Width:          36 bits
00:00:01.347532 Virtual Address Width:           48 bits
00:00:01.347533 Guest Physical Address Width:    0 bits
00:00:01.347533 Physical Core Count:             0
00:00:01.347534 
00:00:01.347535          RAW Centaur CPUIDs
00:00:01.347535      Function  eax      ebx      ecx      edx
00:00:01.347536 Gst: c0000000  07280202 00000000 00000000 00000503
00:00:01.347538 Hst:           07280202 00000000 00000000 00000503
00:00:01.347539 Gst: c0000001  07280202 00000000 00000000 00000503
00:00:01.347541 Hst:           07280202 00000000 00000000 00000503
00:00:01.347542 Gst: c0000002  07280202 00000000 00000000 00000503
00:00:01.347544 Hst:           07280202 00000000 00000000 00000503
00:00:01.347545 Gst: c0000003  07280202 00000000 00000000 00000503
00:00:01.347547 Hst:           07280202 00000000 00000000 00000503
00:00:01.347548 Centaur Supports:                0xc0000000-0x07280202
00:00:01.347549 Mnemonic - Description                 = guest (host)
00:00:01.347550 AIS - Alternate Instruction Set        = 0 (1)
00:00:01.347551 AIS-E - AIS enabled                    = 0 (1)
00:00:01.347552 RNG - Random Number Generator          = 0 (0)
00:00:01.347553 RNG-E - RNG enabled                    = 0 (0)
00:00:01.347554 LH - LongHaul MSR 0000_110Ah           = 0 (0)
00:00:01.347554 FEMMS - FEMMS                          = 0 (0)
00:00:01.347555 ACE - Advanced Cryptography Engine     = 0 (0)
00:00:01.347556 ACE-E - ACE enabled                    = 0 (0)
00:00:01.347557 ACE2 - Advanced Cryptography Engine 2  = 0 (1)
00:00:01.347558 ACE2-E - ACE enabled                   = 0 (0)
00:00:01.347559 PHE - Padlock Hash Engine              = 0 (1)
00:00:01.347560 PHE-E - PHE enabled                    = 0 (0)
00:00:01.347561 PMM - Montgomery Multiplier            = 0 (0)
00:00:01.347562 PMM-E - PMM enabled                    = 0 (0)
00:00:01.347562 14 - Reserved                          = 0 (0)
00:00:01.347563 15 - Reserved                          = 0 (0)
00:00:01.347564 Parallax                               = 0 (0)
00:00:01.347565 Parallax enabled                       = 0 (0)
00:00:01.347566 Overstress                             = 0 (0)
00:00:01.347567 Overstress enabled                     = 0 (0)
00:00:01.347568 TM3 - Temperature Monitoring 3         = 0 (0)
00:00:01.347568 TM3-E - TM3 enabled                    = 0 (0)
00:00:01.347569 RNG2 - Random Number Generator 2       = 0 (0)
00:00:01.347570 RNG2-E - RNG2 enabled                  = 0 (0)
00:00:01.347571 24 - Reserved                          = 0 (0)
00:00:01.347572 PHE2 - Padlock Hash Engine 2           = 0 (0)
00:00:01.347573 PHE2-E - PHE2 enabled                  = 0 (0)
00:00:01.347574 
00:00:01.347574 
00:00:01.347575 ******************** End of CPUID dump **********************
00:00:01.347643 HWACCM: Host CR4=00000660
00:00:01.347651 HWACCM: MSR_IA32_FEATURE_CONTROL      = 5
00:00:01.347652 HWACCM: MSR_IA32_VMX_BASIC_INFO       = 5a08000000000d
00:00:01.347654 HWACCM: VMCS id                       = d
00:00:01.347654 HWACCM: VMCS size                     = 800
00:00:01.347655 HWACCM: VMCS physical address limit   = None
00:00:01.347656 HWACCM: VMCS memory type              = 6
00:00:01.347657 HWACCM: Dual monitor treatment        = 1
00:00:01.347658 HWACCM: MSR_IA32_VMX_PINBASED_CTLS    = 3f00000016
00:00:01.347665 HWACCM:    VMX_VMCS_CTRL_PIN_EXEC_CONTROLS_EXT_INT_EXIT
00:00:01.347666 HWACCM:    VMX_VMCS_CTRL_PIN_EXEC_CONTROLS_NMI_EXIT
00:00:01.347667 HWACCM:    VMX_VMCS_CTRL_PIN_EXEC_CONTROLS_VIRTUAL_NMI
00:00:01.347668 HWACCM: MSR_IA32_VMX_PROCBASED_CTLS   = f7f9fffe0401e172
00:00:01.347673 HWACCM:    VMX_VMCS_CTRL_PROC_EXEC_CONTROLS_IRQ_WINDOW_EXIT
00:00:01.347674 HWACCM:    VMX_VMCS_CTRL_PROC_EXEC_CONTROLS_TSC_OFFSET
00:00:01.347675 HWACCM:    VMX_VMCS_CTRL_PROC_EXEC_CONTROLS_HLT_EXIT
00:00:01.347676 HWACCM:    VMX_VMCS_CTRL_PROC_EXEC_CONTROLS_INVLPG_EXIT
00:00:01.347677 HWACCM:    VMX_VMCS_CTRL_PROC_EXEC_CONTROLS_MWAIT_EXIT
00:00:01.347677 HWACCM:    VMX_VMCS_CTRL_PROC_EXEC_CONTROLS_RDPMC_EXIT
00:00:01.347678 HWACCM:    VMX_VMCS_CTRL_PROC_EXEC_CONTROLS_RDTSC_EXIT
00:00:01.347679 HWACCM:    VMX_VMCS_CTRL_PROC_EXEC_CONTROLS_CR3_LOAD_EXIT
00:00:01.347680 HWACCM:    VMX_VMCS_CTRL_PROC_EXEC_CONTROLS_CR3_STORE_EXIT
00:00:01.347680 HWACCM:    VMX_VMCS_CTRL_PROC_EXEC_CONTROLS_CR8_LOAD_EXIT
00:00:01.347681 HWACCM:    VMX_VMCS_CTRL_PROC_EXEC_CONTROLS_CR8_STORE_EXIT
00:00:01.347682 HWACCM:    VMX_VMCS_CTRL_PROC_EXEC_CONTROLS_USE_TPR_SHADOW
00:00:01.347683 HWACCM:    VMX_VMCS_CTRL_PROC_EXEC_CONTROLS_NMI_WINDOW_EXIT
00:00:01.347683 HWACCM:    VMX_VMCS_CTRL_PROC_EXEC_CONTROLS_MOV_DR_EXIT
00:00:01.347684 HWACCM:    VMX_VMCS_CTRL_PROC_EXEC_CONTROLS_UNCOND_IO_EXIT
00:00:01.347685 HWACCM:    VMX_VMCS_CTRL_PROC_EXEC_CONTROLS_USE_IO_BITMAPS
00:00:01.347686 HWACCM:    VMX_VMCS_CTRL_PROC_EXEC_CONTROLS_USE_MSR_BITMAPS
00:00:01.347686 HWACCM:    VMX_VMCS_CTRL_PROC_EXEC_CONTROLS_MONITOR_EXIT
00:00:01.347687 HWACCM:    VMX_VMCS_CTRL_PROC_EXEC_CONTROLS_PAUSE_EXIT
00:00:01.347688 HWACCM:    VMX_VMCS_CTRL_PROC_EXEC_USE_SECONDARY_EXEC_CTRL
00:00:01.347689 HWACCM:    VMX_VMCS_CTRL_PROC_EXEC_CONTROLS_CR3_LOAD_EXIT *must* be set
00:00:01.347690 HWACCM:    VMX_VMCS_CTRL_PROC_EXEC_CONTROLS_CR3_STORE_EXIT *must* be set
00:00:01.347691 HWACCM: MSR_IA32_VMX_PROCBASED_CTLS2  = 4100000000
00:00:01.347693 HWACCM:    VMX_VMCS_CTRL_PROC_EXEC2_VIRT_APIC
00:00:01.347694 HWACCM:    VMX_VMCS_CTRL_PROC_EXEC2_WBINVD_EXIT
00:00:01.347695 HWACCM: MSR_IA32_VMX_ENTRY_CTLS       = 3fff000011ff
00:00:01.347696 HWACCM:    VMX_VMCS_CTRL_ENTRY_CONTROLS_LOAD_DEBUG
00:00:01.347697 HWACCM:    VMX_VMCS_CTRL_ENTRY_CONTROLS_IA64_MODE
00:00:01.347697 HWACCM:    VMX_VMCS_CTRL_ENTRY_CONTROLS_ENTRY_SMM
00:00:01.347702 HWACCM:    VMX_VMCS_CTRL_ENTRY_CONTROLS_DEACTIVATE_DUALMON
00:00:01.347703 HWACCM:    VMX_VMCS_CTRL_ENTRY_CONTROLS_LOAD_GUEST_PERF_MSR
00:00:01.347708 HWACCM:    VMX_VMCS_CTRL_ENTRY_CONTROLS_LOAD_DEBUG *must* be set
00:00:01.347709 HWACCM: MSR_IA32_VMX_EXIT_CTLS        = 3ffff00036dff
00:00:01.347711 HWACCM:    VMX_VMCS_CTRL_EXIT_CONTROLS_SAVE_DEBUG
00:00:01.347712 HWACCM:    VMX_VMCS_CTRL_EXIT_CONTROLS_HOST_AMD64
00:00:01.347713 HWACCM:    VMX_VMCS_CTRL_EXIT_CONTROLS_ACK_EXTERNAL_IRQ
00:00:01.347714 HWACCM:    VMX_VMCS_CTRL_EXIT_CONTROLS_SAVE_DEBUG *must* be set
00:00:01.347715 HWACCM: MSR_IA32_VMX_MISC             = 403c0
00:00:01.347716 HWACCM:    MSR_IA32_VMX_MISC_PREEMPT_TSC_BIT 0
00:00:01.347717 HWACCM:    MSR_IA32_VMX_MISC_ACTIVITY_STATES 7
00:00:01.347717 HWACCM:    MSR_IA32_VMX_MISC_CR3_TARGET      4
00:00:01.347718 HWACCM:    MSR_IA32_VMX_MISC_MAX_MSR         200
00:00:01.347719 HWACCM:    MSR_IA32_VMX_MISC_MSEG_ID         0
00:00:01.347720 HWACCM: MSR_IA32_VMX_CR0_FIXED0       = 80000021
00:00:01.347721 HWACCM: MSR_IA32_VMX_CR0_FIXED1       = ffffffff
00:00:01.347722 HWACCM: MSR_IA32_VMX_CR4_FIXED0       = 2000
00:00:01.347723 HWACCM: MSR_IA32_VMX_CR4_FIXED1       = 27ff
00:00:01.347724 HWACCM: MSR_IA32_VMX_VMCS_ENUM        = 2c
00:00:01.347725 HWACCM: TPR shadow physaddr           = 0000000002f3d000
00:00:01.347726 HWACCM: VCPU0: MSR bitmap physaddr    = 0000000003461000
00:00:01.347728 HWACCM: VCPU0: VMCS physaddr          = 0000000003479000
00:00:01.347735 HWACCM: Real Mode TSS guest physaddr  = 00000000f0800000
00:00:01.347737 HWACCM: Non-Paging Mode EPT CR3       = 00000000f0803000
00:00:01.347768 CPUMSetGuestCpuIdFeature: Enabled sysenter/exit
00:00:01.347769 HM: NX not supported by the host
00:00:01.347770 HWACCM: 32-bit guests supported.
00:00:01.347771 HWACCM: VMX enabled!
00:00:01.347772 HWACCM: TPR Patching disabled.
00:00:01.347773 HWACCM:    VT-x/AMD-V init method: LOCAL
00:00:01.356939 VM: Halt method global1 (5)
00:00:01.357002 HaltedGlobal1 config: cNsSpinBlockThresholdCfg=2000
00:00:01.357011 Changing the VM state from 'CREATING' to 'CREATED'.
00:00:01.357675 Changing the VM state from 'CREATED' to 'POWERING_ON'.
00:00:01.357814 Changing the VM state from 'POWERING_ON' to 'RUNNING'.
00:00:01.364918 Guest Log: BIOS: VirtualBox 4.2.10
00:00:01.369458 PIT: mode=2 count=0x10000 (65536) - 18.20 Hz (ch=0)
00:00:01.399642 PIIX3 ATA: Ctl#0: RESET, DevSel=0 AIOIf=0 CmdIf0=0x00 (-1 usec ago) CmdIf1=0x00 (-1 usec ago)
00:00:01.399786 Display::handleDisplayResize(): uScreenId = 0, pvVRAM=00000000 w=720 h=400 bpp=0 cbLine=0x0, flags=0x1
00:00:01.400494 PIIX3 ATA: Ctl#0: finished processing RESET
00:00:01.401562 Guest Log: BIOS: ata0-0: PCHS=203/16/63 LCHS=203/16/63
00:00:01.415429 PIIX3 ATA: Ctl#0: RESET, DevSel=1 AIOIf=0 CmdIf0=0xec (-1 usec ago) CmdIf1=0x00 (-1 usec ago)
00:00:01.417112 PIIX3 ATA: Ctl#0: finished processing RESET
00:00:01.417470 PIIX3 ATA: Ctl#1: RESET, DevSel=0 AIOIf=0 CmdIf0=0x00 (-1 usec ago) CmdIf1=0x00 (-1 usec ago)
00:00:01.417541 PIIX3 ATA: Ctl#1: finished processing RESET
00:00:01.463038 PIT: mode=2 count=0x48d3 (18643) - 64.00 Hz (ch=0)
00:00:01.471017 Display::handleDisplayResize(): uScreenId = 0, pvVRAM=1adc5000 w=640 h=480 bpp=32 cbLine=0xA00, flags=0x1
00:00:01.707085 2D video acceleration is disabled.
00:00:03.943650 Display::handleDisplayResize(): uScreenId = 0, pvVRAM=00000000 w=720 h=400 bpp=0 cbLine=0x0, flags=0x1
00:00:03.954100 PIT: mode=2 count=0x10000 (65536) - 18.20 Hz (ch=0)
00:00:03.954867 Guest Log: BIOS: Boot : bseqnr=1, bootseq=0231
00:00:03.955448 Guest Log: BIOS: Boot from Floppy 0 failed
00:00:03.956034 Guest Log: BIOS: Boot : bseqnr=2, bootseq=0023
00:00:03.966131 Guest Log: BIOS: CDROM boot failure code : 0003
00:00:03.966615 Guest Log: BIOS: Boot from CD-ROM failed
00:00:03.967299 Guest Log: BIOS: Boot : bseqnr=3, bootseq=0002
00:00:03.968167 Guest Log: BIOS: Booting from Hard Disk...
00:00:03.970496 PIIX3 ATA: Ctl#0: RESET, DevSel=0 AIOIf=0 CmdIf0=0xc4 (-1 usec ago) CmdIf1=0x00 (-1 usec ago)
00:00:03.970549 PIIX3 ATA: Ctl#0: finished processing RESET
00:00:03.984436 PIIX3 ATA: Ctl#0: RESET, DevSel=0 AIOIf=0 CmdIf0=0xc4 (-1 usec ago) CmdIf1=0x00 (-1 usec ago)
00:00:03.984489 PIIX3 ATA: Ctl#0: finished processing RESET
00:00:03.988387 Guest Log: int13_harddisk_ext: function 41, unmapped device for ELDL=81
00:00:03.989439 Guest Log: int13_harddisk: function 08, unmapped device for ELDL=81
00:00:04.781328 Guest Log: BIOS: KBD: unsupported int 16h function 03
00:00:04.781949 Guest Log: BIOS: AX=0305 BX=0000 CX=0000 DX=0000 
00:00:05.038536 PIT: mode=2 count=0xf89 (3977) - 300.02 Hz (ch=0)
00:00:05.362497 PIT: mode=0 count=0x10000 (65536) - 18.20 Hz (ch=0)
00:00:05.563508 PIIX3 ATA: Ctl#0: RESET, DevSel=0 AIOIf=0 CmdIf0=0xc4 (-1 usec ago) CmdIf1=0x00 (-1 usec ago)
00:00:05.563600 PIIX3 ATA: Ctl#0: finished processing RESET
00:00:05.564029 PIIX3 ATA: Ctl#1: RESET, DevSel=0 AIOIf=0 CmdIf0=0xa0 (-1 usec ago) CmdIf1=0x00 (-1 usec ago)
00:00:05.564102 PIIX3 ATA: Ctl#1: finished processing RESET
00:00:05.652680 OHCI: Software reset
00:00:05.652885 OHCI: USB Operational
00:00:17.177305 PCNet#0: Init: ss32=1 GCRDRA=0x0e027000[32] GCTDRA=0x0f3e0000[16]
00:03:07.860581 Changing the VM state from 'RUNNING' to 'SUSPENDING'.
00:03:07.875053 PDMR3Suspend: 14 417 483 ns run time
00:03:07.875091 Changing the VM state from 'SUSPENDING' to 'SUSPENDED'.
00:03:11.325033 Console::powerDown(): A request to power off the VM has been issued (mMachineState=Stopping, InUninit=0)
00:03:11.347748 Changing the VM state from 'SUSPENDED' to 'POWERING_OFF'.
00:03:11.347776 ****************** Guest state at power off ******************
00:03:11.347781 Guest CPUM (VCPU 0) state: 
00:03:11.347828 eax=00000000 ebx=c053c26c ecx=00000000 edx=00000000 esi=00000000 edi=c04f3000
00:03:11.347830 eip=c0107d8e esp=c04f1fe4 ebp=00824003 iopl=0         nv up ei pl nz na po nc
00:03:11.347833 cs={0060 base=0000000000000000 limit=ffffffff flags=0000c09b} dr0=00000000 dr1=00000000
00:03:11.347838 ds={007b base=0000000000000000 limit=ffffffff flags=0000c0f3} dr2=00000000 dr3=00000000
00:03:11.347840 es={007b base=0000000000000000 limit=ffffffff flags=0000c0f3} dr4=00000000 dr5=00000000
00:03:11.347843 fs={00d8 base=000000000ee5c000 limit=ffffffff flags=00008093} dr6=ffff0ff0 dr7=00000400
00:03:11.347846 gs={0000 base=0000000000000000 limit=ffffffff flags=0001c000} cr0=8005003b cr2=b767e834
00:03:11.347849 ss={0068 base=0000000000000000 limit=ffffffff flags=0000c093} cr3=0f2cd000 cr4=000006d0
00:03:11.347852 gdtr=00000000cf400000:00ff  idtr=00000000c04f3000:07ff  eflags=00000246
00:03:11.347854 ldtr={0000 base=00000000 limit=00000000 flags=00000082}
00:03:11.347856 tr  ={0080 base=cf403400 limit=0000206b flags=0000008b}
00:03:11.347857 SysEnter={cs=0060 eip=c0413920 esp=cf405580}
00:03:11.347860 FCW=037f FSW=4000 FTW=0000 FOP=02e9 MXCSR=00001f80 MXCSR_MASK=0000ffff
00:03:11.347862 FPUIP=0809666a CS=0073 Rsrvd1=0000  FPUDP=00000000 DS=007b Rsvrd2=0000
00:03:11.347864 ST(0)=FPR0={0000'00000000'00000000} t0 +0.0000000000000000000000 ^ 0
00:03:11.347872 ST(1)=FPR1={0000'00000000'00000000} t0 +0.0000000000000000000000 ^ 0
00:03:11.348028 ST(2)=FPR2={0000'00000000'00000000} t0 +0.0000000000000000000000 ^ 0
00:03:11.348032 ST(3)=FPR3={0000'00000000'00000000} t0 +0.0000000000000000000000 ^ 0
00:03:11.348035 ST(4)=FPR4={0000'00000000'00000000} t0 +0.0000000000000000000000 ^ 0
00:03:11.348038 ST(5)=FPR5={0000'00000000'00000000} t0 +0.0000000000000000000000 ^ 0
00:03:11.348040 ST(6)=FPR6={0000'00000000'00000000} t0 +0.0000000000000000000000 ^ 0
00:03:11.348043 ST(7)=FPR7={0000'00000000'00000000} t0 +0.0000000000000000000000 ^ 0
00:03:11.348047 XMM0 =00000000'00000000'00000000'00000000  XMM1 =00000000'00000000'00000000'00000000
00:03:11.348052 XMM2 =00000000'00000000'00000000'00000000  XMM3 =00000000'00000000'00000000'00000000
00:03:11.348055 XMM4 =00000000'00000000'00000000'00000000  XMM5 =00000000'00000000'00000000'00000000
00:03:11.348059 XMM6 =00000000'00000000'00000000'00000000  XMM7 =00000000'00000000'00000000'00000000
00:03:11.348062 XMM8 =00000000'00000000'00000000'00000000  XMM9 =00000000'00000000'00000000'00000000
00:03:11.348066 XMM10=00000000'00000000'00000000'00000000  XMM11=00000000'00000000'00000000'00000000
00:03:11.348069 XMM12=00000000'00000000'00000000'00000000  XMM13=00000000'00000000'00000000'00000000
00:03:11.348073 XMM14=00000000'00000000'00000000'00000000  XMM15=00000000'00000000'00000000'00000000
00:03:11.348076 EFER         =0000000000000000
00:03:11.348077 PAT          =0007010600070106
00:03:11.348079 STAR         =0000000000000000
00:03:11.348079 CSTAR        =0000000000000000
00:03:11.348080 LSTAR        =0000000000000000
00:03:11.348081 SFMASK       =0000000000000000
00:03:11.348082 KERNELGSBASE =0000000000000000
00:03:11.348083 ***
00:03:11.348100 Guest paging mode:  32-bit (changed 3927 times), A20 enabled (changed 2 times)
00:03:11.348103 Shadow paging mode: PAE
00:03:11.348104 Host paging mode:   AMD64+G+NX
00:03:11.348105 ***
00:03:11.348121 Active Timers (pVM=02dd6000)
00:03:11.348123 pTimerR3 offNext  offPrev  offSched Clock               Time             Expire HzHint State                     Description
00:03:11.348135 19207390 00007cb0 00000000 00000000 Real           476945006          476941532      0 2-ACTIVE                  VGA Refresh Timer
00:03:11.348144 1920f040 ffffffa0 ffff8350 00000000 Real           476945006          476941542      0 2-ACTIVE                  EMT Yielder
00:03:11.348151 1920efe0 00000000 00000060 00000000 Real           476945006          476942081      0 2-ACTIVE                  CPU Load Timer
00:03:11.348159 1920b7f0 000006d0 00000000 00000000 Virt        186524850926       186502386038      0 2-ACTIVE                  PCNet Poll Timer
00:03:11.348166 1920bec0 00000ea0 fffff930 00000000 Virt        186524850926       186507169280      0 2-ACTIVE                  Audio timer
00:03:11.348172 1920cd60 00000000 fffff160 00000000 Virt        186524850926       186522000389      0 2-ACTIVE                  USB Frame Timer
00:03:11.348177 191f2ee0 00000c60 00000000 00000000 VrSy        186501977568       186661037013      2 2-ACTIVE                  APIC Timer #0
00:03:11.348182 191f3b40 0001abf0 fffff3a0 00000000 VrSy        186501977568       186990000000      0 2-ACTIVE                  MC146818 RTC/CMOS - Second
00:03:11.348189 1920e730 00000000 fffe5410 00000000 VrSy        186501977568      1199864031601      0 2-ACTIVE                  ACPI PM Timer
00:03:11.348194 ***
00:03:11.348214 Shadow GDT (GCAddr=ff64e000):
00:03:11.348250 ffd8 - 81980087 ff008940 - base=ff408198 limit=00000087 dpl=0 TSS32Avail Present 16-bit  HyperTSSTrap08
00:03:11.348252 ffe0 - 81100087 ff008940 - base=ff408110 limit=00000087 dpl=0 TSS32Avail Present 16-bit  HyperTSS
00:03:11.348255 ffe8 - 0000ffff 00af9b00 - base=00000000 limit=ffffffff dpl=0 CodeER Accessed Present Page 16-bit  HyperCS64
00:03:11.348257 fff0 - 0000ffff 00cf9300 - base=00000000 limit=ffffffff dpl=0 DataRW Accessed Present Page 32-bit  HyperDS
00:03:11.348260 fff8 - 0000ffff 00cf9b00 - base=00000000 limit=ffffffff dpl=0 CodeER Accessed Present Page 32-bit  HyperCS
00:03:11.348261 ***
00:03:11.348262 ************** End of Guest state at power off ***************
00:03:11.348445 PDMR3PowerOff: 8 078 ns run time
00:03:11.348453 Changing the VM state from 'POWERING_OFF' to 'OFF'.
00:03:11.353151 Changing the VM state from 'OFF' to 'DESTROYING'.
00:03:11.353203 ************************* Statistics *************************
00:03:11.353265 /Devices/IDE0/ATA0/Unit0/AtapiDMA        0 times
00:03:11.353455 /Devices/IDE0/ATA0/Unit0/AtapiPIO        0 times
00:03:11.353463 /Devices/IDE0/ATA0/Unit0/DMA          686 times
00:03:11.353470 /Devices/IDE0/ATA0/Unit0/PIO          328 times
00:03:11.353476 /Devices/IDE0/ATA0/Unit0/ReadBytes 26141696 bytes
00:03:11.353482 /Devices/IDE0/ATA0/Unit0/WrittenBytes    68608 bytes
00:03:11.353488 /Devices/IDE0/ATA0/Unit1/AtapiDMA        0 times
00:03:11.353494 /Devices/IDE0/ATA0/Unit1/AtapiPIO        0 times
00:03:11.353500 /Devices/IDE0/ATA0/Unit1/DMA            0 times
00:03:11.353506 /Devices/IDE0/ATA0/Unit1/PIO            0 times
00:03:11.353512 /Devices/IDE0/ATA0/Unit1/ReadBytes        0 bytes
00:03:11.353518 /Devices/IDE0/ATA0/Unit1/WrittenBytes        0 bytes
00:03:11.353524 /Devices/IDE0/ATA1/Unit0/AtapiDMA        1 times
00:03:11.353529 /Devices/IDE0/ATA1/Unit0/AtapiPIO       11 times
00:03:11.353535 /Devices/IDE0/ATA1/Unit0/DMA            0 times
00:03:11.353541 /Devices/IDE0/ATA1/Unit0/PIO            0 times
00:03:11.353547 /Devices/IDE0/ATA1/Unit0/ReadBytes        0 bytes
00:03:11.353552 /Devices/IDE0/ATA1/Unit0/WrittenBytes        0 bytes
00:03:11.353558 /Devices/IDE0/ATA1/Unit1/AtapiDMA        0 times
00:03:11.353564 /Devices/IDE0/ATA1/Unit1/AtapiPIO        0 times
00:03:11.353570 /Devices/IDE0/ATA1/Unit1/DMA            0 times
00:03:11.353576 /Devices/IDE0/ATA1/Unit1/PIO            0 times
00:03:11.353581 /Devices/IDE0/ATA1/Unit1/ReadBytes        0 bytes
00:03:11.353587 /Devices/IDE0/ATA1/Unit1/WrittenBytes        0 bytes
00:03:11.353593 /Devices/PCNet0/ReceiveBytes         9138 bytes
00:03:11.353599 /Devices/PCNet0/TransmitBytes        1038 bytes
00:03:11.353605 /Devices/VMMDev/BalloonChunks           0 count
00:03:11.353611 /Drivers/IntNet-0/BadFrames             0 count
00:03:11.353617 /Drivers/IntNet-0/Bytes/Received     8968 bytes
00:03:11.353623 /Drivers/IntNet-0/Bytes/Sent         1038 bytes
00:03:11.353629 /Drivers/IntNet-0/Overflows/Recv        0 count
00:03:11.353634 /Drivers/IntNet-0/Overflows/Sent        0 count
00:03:11.353640 /Drivers/IntNet-0/Packets/Lost          0 count
00:03:11.353646 /Drivers/IntNet-0/Packets/Received       38 count
00:03:11.353652 /Drivers/IntNet-0/Packets/Received-Gso        0 count
00:03:11.353658 /Drivers/IntNet-0/Packets/Sent         11 count
00:03:11.353663 /Drivers/IntNet-0/Packets/Sent-Gso        0 count
00:03:11.353669 /Drivers/IntNet-0/Packets/Sent-R0        0 count
00:03:11.353675 /Drivers/IntNet-0/Recv1                 0 ticks/call (           0 ticks,       0 times, max         0, min      -1)
00:03:11.353850 /Drivers/IntNet-0/Recv2                 0 ticks/call (           0 ticks,       0 times, max         0, min      -1)
00:03:11.353858 /Drivers/IntNet-0/Reserved              0 ticks/call (           0 ticks,       0 times, max         0, min      -1)
00:03:11.353865 /Drivers/IntNet-0/Send1             52091 ticks/call (      573001 ticks,      11 times, max     71864, min   14937)
00:03:11.353873 /Drivers/IntNet-0/Send2             37837 ticks/call (      416208 ticks,      11 times, max     57252, min   10985)
00:03:11.353883 /Drivers/IntNet-0/XmitProcessRing        0 count
00:03:11.353910 /Drivers/IntNet-0/XmitWakeup-R0         0 count
00:03:11.353916 /Drivers/IntNet-0/XmitWakeup-R3         0 count
00:03:11.353922 /Drivers/IntNet-0/YieldNok              0 count
00:03:11.353928 /Drivers/IntNet-0/YieldOk               0 count
00:03:11.353934 /FT/Checkpoint/Network                  0 times
00:03:11.353940 /FT/Checkpoint/Storage                  0 times
00:03:11.353946 /FT/Received/Mem                        0 bytes
00:03:11.353952 /FT/Received/State                      0 bytes
00:03:11.353958 /FT/Sent/Mem                            0 bytes
00:03:11.353965 /FT/Sent/State                          0 bytes
00:03:11.353971 /FT/Sync/DeltaMem                       0 times
00:03:11.353977 /FT/Sync/DeltaVM                        0 times
00:03:11.353983 /FT/Sync/Full                           0 times
00:03:11.353990 /GMM/VM/Allocated/cBasePages        29301 pages
00:03:11.353996 /GMM/VM/Allocated/cFixedPages           0 pages
00:03:11.354002 /GMM/VM/Allocated/cShadowPages          0 pages
00:03:11.354020 /GMM/VM/Reserved/cBasePages         65694 pages
00:03:11.354027 /GMM/VM/Reserved/cFixedPages         4228 pages
00:03:11.354032 /GMM/VM/Reserved/cShadowPages           1 pages
00:03:11.354038 /GMM/VM/cBalloonedPages                 0 pages
00:03:11.354044 /GMM/VM/cMaxBalloonedPages              0 pages
00:03:11.354050 /GMM/VM/cPrivatePages               29301 pages
00:03:11.354056 /GMM/VM/cReqActuallyBalloonedPages        0 pages
00:03:11.354062 /GMM/VM/cReqBalloonedPages              0 pages
00:03:11.354067 /GMM/VM/cReqDeflatePages                0 pages
00:03:11.354073 /GMM/VM/cShareableModules               0 count
00:03:11.354079 /GMM/VM/cSharedPages                    0 pages
00:03:11.354085 /GMM/VM/enmPolicy                       1 
00:03:11.354091 /GMM/VM/enmPriority                     2 
00:03:11.354097 /GMM/VM/fBallooningEnabled       false    
00:03:11.354103 /GMM/VM/fMayAllocate             false    
00:03:11.354111 /GMM/VM/fSharedPagingEnabled     false    
00:03:11.354117 /GMM/cAllocatedPages                67107 pages
00:03:11.354124 /GMM/cBalloonedPages                    0 pages
00:03:11.354130 /GMM/cChunks                          133 count
00:03:11.354136 /GMM/cDuplicatePages                    0 pages
00:03:11.354142 /GMM/cFreedChunks                     331 count
00:03:11.354148 /GMM/cLeftBehindSharedPages             0 pages
00:03:11.354154 /GMM/cMaxPages                   4294967295 pages
00:03:11.354161 /GMM/cOverCommittedPages                0 pages
00:03:11.354167 /GMM/cReservedPages                209769 pages
00:03:11.354173 /GMM/cShareableModules                  0 count
00:03:11.354179 /GMM/cSharedPages                       0 pages
00:03:11.354185 /GVMM/EMTs                              3 calls
00:03:11.354240 /GVMM/HostCPUs                          2 calls
00:03:11.354247 /GVMM/HostCpus/0                        0 
00:03:11.354254 /GVMM/HostCpus/0/CurTimerHz             0 Hz
00:03:11.354259 /GVMM/HostCpus/0/DesiredHz              0 Hz
00:03:11.354265 /GVMM/HostCpus/0/PPTChanges             0 times
00:03:11.354271 /GVMM/HostCpus/0/PPTStarts              0 times
00:03:11.354277 /GVMM/HostCpus/0/idxCpuSet              0 
00:03:11.354283 /GVMM/HostCpus/1                        1 
00:03:11.354289 /GVMM/HostCpus/1/CurTimerHz             0 Hz
00:03:11.354295 /GVMM/HostCpus/1/DesiredHz              0 Hz
00:03:11.354300 /GVMM/HostCpus/1/PPTChanges             0 times
00:03:11.354306 /GVMM/HostCpus/1/PPTStarts              0 times
00:03:11.354312 /GVMM/HostCpus/1/idxCpuSet              1 
00:03:11.354318 /GVMM/Sum/HaltBlocking            2219970 calls
00:03:11.354324 /GVMM/Sum/HaltCalls               2249879 calls
00:03:11.354331 /GVMM/Sum/HaltNotBlocking           29909 calls
00:03:11.354337 /GVMM/Sum/HaltTimeouts            1817436 calls
00:03:11.354343 /GVMM/Sum/HaltWakeUps                   0 calls
00:03:11.354350 /GVMM/Sum/PokeCalls                   557 calls
00:03:11.354356 /GVMM/Sum/PokeNotBusy                  78 calls
00:03:11.354362 /GVMM/Sum/PollCalls                   518 calls
00:03:11.354379 /GVMM/Sum/PollHalts                     0 calls
00:03:11.354386 /GVMM/Sum/PollWakeUps                   0 calls
00:03:11.354392 /GVMM/Sum/WakeUpCalls              407951 calls
00:03:11.354398 /GVMM/Sum/WakeUpNotHalted          362796 calls
00:03:11.354405 /GVMM/Sum/WakeUpWakeUps                 0 calls
00:03:11.354411 /GVMM/VM/HaltBlocking              129139 calls
00:03:11.354417 /GVMM/VM/HaltCalls                 131988 calls
00:03:11.354423 /GVMM/VM/HaltNotBlocking             2849 calls
00:03:11.354429 /GVMM/VM/HaltTimeouts              121931 calls
00:03:11.354436 /GVMM/VM/HaltWakeUps                    0 calls
00:03:11.354442 /GVMM/VM/PokeCalls                    335 calls
00:03:11.354448 /GVMM/VM/PokeNotBusy                   43 calls
00:03:11.354454 /GVMM/VM/PollCalls                     11 calls
00:03:11.354460 /GVMM/VM/PollHalts                      0 calls
00:03:11.354467 /GVMM/VM/PollWakeUps                    0 calls
00:03:11.354473 /GVMM/VM/WakeUpCalls                 7347 calls
00:03:11.354479 /GVMM/VM/WakeUpNotHalted             2997 calls
00:03:11.354485 /GVMM/VM/WakeUpWakeUps                  0 calls
00:03:11.354491 /GVMM/VMs                               3 calls
00:03:11.354498 /IEM/CPU0/cInstructions                 0 count
00:03:11.354504 /IEM/CPU0/cPotentialExits               0 count
00:03:11.354510 /IEM/CPU0/cRetAspectNotImplemented        0 count
00:03:11.354515 /IEM/CPU0/cRetErrStatuses               0 count
00:03:11.354521 /IEM/CPU0/cRetInfStatuses               0 count
00:03:11.354527 /IEM/CPU0/cRetInstrNotImplemented        0 count
00:03:11.354533 /IEM/CPU0/cbWritten                     0 bytes
00:03:11.354539 /MM/HyperHeap/cbFree               825760 bytes
00:03:11.354546 /MM/HyperHeap/cbHeap              1048384 bytes
00:03:11.354552 /PDM/BlkCache/cbCached                  0 bytes
00:03:11.354558 /PDM/BlkCache/cbCachedFru               0 bytes
00:03:11.354564 /PDM/BlkCache/cbCachedMruIn             0 bytes
00:03:11.354583 /PDM/BlkCache/cbCachedMruOut            0 bytes
00:03:11.354589 /PDM/BlkCache/cbMax               5242880 bytes
00:03:11.354595 /PDM/CritSects/8237A#0 Auto/ContentionR3        0 times
00:03:11.354601 /PDM/CritSects/8237A#0 Auto/ContentionRZLock        0 times
00:03:11.354606 /PDM/CritSects/8237A#0 Auto/ContentionRZUnlock        0 times
00:03:11.354612 /PDM/CritSects/ATA#0/ContentionR3        0 times
00:03:11.354618 /PDM/CritSects/ATA#0/ContentionRZLock        3 times
00:03:11.354623 /PDM/CritSects/ATA#0/ContentionRZUnlock        0 times
00:03:11.354629 /PDM/CritSects/ATA#1/ContentionR3        0 times
00:03:11.354635 /PDM/CritSects/ATA#1/ContentionRZLock        0 times
00:03:11.354640 /PDM/CritSects/ATA#1/ContentionRZUnlock        0 times
00:03:11.354646 /PDM/CritSects/AudioSniffer#0 Auto/ContentionR3        0 times
00:03:11.354659 /PDM/CritSects/AudioSniffer#0 Auto/ContentionRZLock        0 times
00:03:11.354665 /PDM/CritSects/AudioSniffer#0 Auto/ContentionRZUnlock        0 times
00:03:11.354701 /PDM/CritSects/EM-REM/ContentionR3        0 times
00:03:11.354707 /PDM/CritSects/EM-REM/ContentionRZLock        0 times
00:03:11.354713 /PDM/CritSects/EM-REM/ContentionRZUnlock        0 times
00:03:11.354719 /PDM/CritSects/FTM/ContentionR3         0 times
00:03:11.354725 /PDM/CritSects/FTM/ContentionRZLock        0 times
00:03:11.354764 /PDM/CritSects/FTM/ContentionRZUnlock        0 times
00:03:11.354774 /PDM/CritSects/IOM Lock/ContentionR3        0 times
00:03:11.354780 /PDM/CritSects/IOM Lock/ContentionRZLock        0 times
00:03:11.354786 /PDM/CritSects/IOM Lock/ContentionRZUnlock        0 times
00:03:11.354791 /PDM/CritSects/IntNetXmit_0/ContentionR3        0 times
00:03:11.354797 /PDM/CritSects/IntNetXmit_0/ContentionRZLock        0 times
00:03:11.354803 /PDM/CritSects/IntNetXmit_0/ContentionRZUnlock        0 times
00:03:11.354809 /PDM/CritSects/MM-HYPER/ContentionR3        0 times
00:03:11.354815 /PDM/CritSects/MM-HYPER/ContentionRZLock        0 times
00:03:11.354820 /PDM/CritSects/MM-HYPER/ContentionRZUnlock        0 times
00:03:11.354844 /PDM/CritSects/NOP/ContentionR3         0 times
00:03:11.354852 /PDM/CritSects/NOP/ContentionRZLock        0 times
00:03:11.354858 /PDM/CritSects/NOP/ContentionRZUnlock        0 times
00:03:11.354864 /PDM/CritSects/PCNet#0/ContentionR3        0 times
00:03:11.354870 /PDM/CritSects/PCNet#0/ContentionRZLock        0 times
00:03:11.354875 /PDM/CritSects/PCNet#0/ContentionRZUnlock        0 times
00:03:11.354881 /PDM/CritSects/PDM/ContentionR3         0 times
00:03:11.354887 /PDM/CritSects/PDM/ContentionRZLock        3 times
00:03:11.354893 /PDM/CritSects/PDM/ContentionRZUnlock        0 times
00:03:11.354899 /PDM/CritSects/PGM/ContentionR3         0 times
00:03:11.354905 /PDM/CritSects/PGM/ContentionRZLock       41 times
00:03:11.354910 /PDM/CritSects/PGM/ContentionRZUnlock        0 times
00:03:11.354916 /PDM/CritSects/PS2K#0/ContentionR3        0 times
00:03:11.354922 /PDM/CritSects/PS2K#0/ContentionRZLock        0 times
00:03:11.354928 /PDM/CritSects/PS2K#0/ContentionRZUnlock        0 times
00:03:11.354934 /PDM/CritSects/PS2KM#0/ContentionR3        0 times
00:03:11.354940 /PDM/CritSects/PS2KM#0/ContentionRZLock        0 times
00:03:11.354945 /PDM/CritSects/PS2KM#0/ContentionRZUnlock        0 times
00:03:11.354951 /PDM/CritSects/REM-Register/ContentionR3        0 times
00:03:11.354957 /PDM/CritSects/REM-Register/ContentionRZLock        0 times
00:03:11.354963 /PDM/CritSects/REM-Register/ContentionRZUnlock        0 times
00:03:11.354968 /PDM/CritSects/TM Timer Lock/ContentionR3        0 times
00:03:11.354974 /PDM/CritSects/TM Timer Lock/ContentionRZLock        0 times
00:03:11.354980 /PDM/CritSects/TM Timer Lock/ContentionRZUnlock        0 times
00:03:11.354986 /PDM/CritSects/TM VirtualSync Lock/ContentionR3        0 times
00:03:11.354997 /PDM/CritSects/TM VirtualSync Lock/ContentionRZLock        0 times
00:03:11.355004 /PDM/CritSects/TM VirtualSync Lock/ContentionRZUnlock        0 times
00:03:11.355105 /PDM/CritSects/VGA#u/ContentionR3        0 times
00:03:11.355111 /PDM/CritSects/VGA#u/ContentionRZLock        0 times
00:03:11.355116 /PDM/CritSects/VGA#u/ContentionRZUnlock        0 times
00:03:11.355122 /PDM/CritSects/VMMDev#0 Auto/ContentionR3        0 times
00:03:11.355128 /PDM/CritSects/VMMDev#0 Auto/ContentionRZLock        0 times
00:03:11.355133 /PDM/CritSects/VMMDev#0 Auto/ContentionRZUnlock        0 times
00:03:11.355139 /PDM/CritSects/VMMDev#u/ContentionR3        0 times
00:03:11.355145 /PDM/CritSects/VMMDev#u/ContentionRZLock        0 times
00:03:11.355150 /PDM/CritSects/VMMDev#u/ContentionRZUnlock        0 times
00:03:11.355156 /PDM/CritSects/acpi0/ContentionR3        0 times
00:03:11.355162 /PDM/CritSects/acpi0/ContentionRZLock        0 times
00:03:11.355167 /PDM/CritSects/acpi0/ContentionRZUnlock        0 times
00:03:11.355173 /PDM/CritSects/ichac97#0 Auto/ContentionR3        0 times
00:03:11.355179 /PDM/CritSects/ichac97#0 Auto/ContentionRZLock        0 times
00:03:11.355184 /PDM/CritSects/ichac97#0 Auto/ContentionRZUnlock        0 times
00:03:11.355190 /PDM/CritSects/mc146818#0 Auto/ContentionR3        0 times
00:03:11.355196 /PDM/CritSects/mc146818#0 Auto/ContentionRZLock        0 times
00:03:11.355202 /PDM/CritSects/mc146818#0 Auto/ContentionRZUnlock        0 times
00:03:11.355207 /PDM/CritSects/pcarch#0 Auto/ContentionR3        0 times
00:03:11.355213 /PDM/CritSects/pcarch#0 Auto/ContentionRZLock        0 times
00:03:11.355219 /PDM/CritSects/pcarch#0 Auto/ContentionRZUnlock        0 times
00:03:11.355225 /PDM/CritSects/pcbios#0 Auto/ContentionR3        0 times
00:03:11.355230 /PDM/CritSects/pcbios#0 Auto/ContentionRZLock        0 times
00:03:11.355236 /PDM/CritSects/pcbios#0 Auto/ContentionRZUnlock        0 times
00:03:11.355242 /PDM/CritSects/pckbd#0 Auto/ContentionR3        0 times
00:03:11.355247 /PDM/CritSects/pckbd#0 Auto/ContentionRZLock        0 times
00:03:11.355253 /PDM/CritSects/pckbd#0 Auto/ContentionRZUnlock        0 times
00:03:11.355259 /PDM/CritSects/pcnet#0 Auto/ContentionR3        0 times
00:03:11.355265 /PDM/CritSects/pcnet#0 Auto/ContentionRZLock        0 times
00:03:11.355281 /PDM/CritSects/pcnet#0 Auto/ContentionRZUnlock        0 times
00:03:11.355288 /PDM/CritSects/piix3ide#0 Auto/ContentionR3        0 times
00:03:11.355293 /PDM/CritSects/piix3ide#0 Auto/ContentionRZLock        0 times
00:03:11.355299 /PDM/CritSects/piix3ide#0 Auto/ContentionRZUnlock        0 times
00:03:11.355305 /PDM/CritSects/pit/ContentionR3         0 times
00:03:11.355310 /PDM/CritSects/pit/ContentionRZLock        0 times
00:03:11.355316 /PDM/CritSects/pit/ContentionRZUnlock        0 times
00:03:11.355322 /PDM/CritSects/usb-ohci#0 Auto/ContentionR3        0 times
00:03:11.355328 /PDM/CritSects/usb-ohci#0 Auto/ContentionRZLock        0 times
00:03:11.355334 /PDM/CritSects/usb-ohci#0 Auto/ContentionRZUnlock        0 times
00:03:11.355340 /PDM/CritSects/vga#0 Auto/ContentionR3        0 times
00:03:11.355345 /PDM/CritSects/vga#0 Auto/ContentionRZLock        0 times
00:03:11.355351 /PDM/CritSects/vga#0 Auto/ContentionRZUnlock        0 times
00:03:11.355357 /PDM/Queue/DevHlp/AllocFailures         0 times
00:03:11.355363 /PDM/Queue/DevHlp/Flush                 0 calls
00:03:11.355368 /PDM/Queue/DevHlp/FlushLeftovers        0 times
00:03:11.355374 /PDM/Queue/DevHlp/Insert                0 calls
00:03:11.355380 /PDM/Queue/DevHlp/cItems                8 count
00:03:11.355386 /PDM/Queue/DevHlp/cbItem               40 bytes
00:03:11.355392 /PDM/Queue/Keyboard/AllocFailures        0 times
00:03:11.355398 /PDM/Queue/Keyboard/Flush               0 calls
00:03:11.355404 /PDM/Queue/Keyboard/FlushLeftovers        0 times
00:03:11.355409 /PDM/Queue/Keyboard/Insert            220 calls
00:03:11.355416 /PDM/Queue/Keyboard/cItems             64 count
00:03:11.355421 /PDM/Queue/Keyboard/cbItem             16 bytes
00:03:11.355427 /PDM/Queue/Mouse/AllocFailures          0 times
00:03:11.355433 /PDM/Queue/Mouse/Flush                  0 calls
00:03:11.355439 /PDM/Queue/Mouse/FlushLeftovers         0 times
00:03:11.355445 /PDM/Queue/Mouse/Insert                 0 calls
00:03:11.355450 /PDM/Queue/Mouse/cItems               128 count
00:03:11.355456 /PDM/Queue/Mouse/cbItem                48 bytes
00:03:11.355462 /PDM/Queue/Mouse_1/AllocFailures        0 times
00:03:11.355468 /PDM/Queue/Mouse_1/Flush                0 calls
00:03:11.355474 /PDM/Queue/Mouse_1/FlushLeftovers        0 times
00:03:11.355479 /PDM/Queue/Mouse_1/Insert             106 calls
00:03:11.355485 /PDM/Queue/Mouse_1/cItems             128 count
00:03:11.355491 /PDM/Queue/Mouse_1/cbItem              48 bytes
00:03:11.355497 /PDM/Queue/PCNet-Rcv/AllocFailures        0 times
00:03:11.355503 /PDM/Queue/PCNet-Rcv/Flush              0 calls
00:03:11.355508 /PDM/Queue/PCNet-Rcv/FlushLeftovers        0 times
00:03:11.355514 /PDM/Queue/PCNet-Rcv/Insert             0 calls
00:03:11.355520 /PDM/Queue/PCNet-Rcv/cItems             1 count
00:03:11.355525 /PDM/Queue/PCNet-Rcv/cbItem            16 bytes
00:03:11.355531 /PDM/Queue/PCNet-Xmit/AllocFailures        0 times
00:03:11.355537 /PDM/Queue/PCNet-Xmit/Flush             0 calls
00:03:11.355543 /PDM/Queue/PCNet-Xmit/FlushLeftovers        0 times
00:03:11.355548 /PDM/Queue/PCNet-Xmit/Insert            0 calls
00:03:11.355554 /PDM/Queue/PCNet-Xmit/cItems            1 count
00:03:11.355560 /PDM/Queue/PCNet-Xmit/cbItem           16 bytes
00:03:11.355565 /PGM/CPU0/cA20Changes                   2 times
00:03:11.355572 /PGM/CPU0/cGuestModeChanges          3927 times
00:03:11.355578 /PGM/ChunkR3Map/Mapped                 58 count
00:03:11.355583 /PGM/ChunkR3Map/Unmapped                0 count
00:03:11.355589 /PGM/ChunkR3Map/c                      58 count
00:03:11.355595 /PGM/ChunkR3Map/cMax                 1536 count
00:03:11.355602 /PGM/LargePage/Recheck                  0 times
00:03:11.355608 /PGM/LargePage/Refused                  0 times
00:03:11.355613 /PGM/LargePage/Reused                   0 times
00:03:11.355620 /PGM/Page/cAllPages                 69797 count
00:03:11.355627 /PGM/Page/cBalloonedPages               0 count
00:03:11.355633 /PGM/Page/cHandyPages                 128 count
00:03:11.355638 /PGM/Page/cLargePages                   0 count
00:03:11.355653 /PGM/Page/cLargePagesDisabled           0 count
00:03:11.355660 /PGM/Page/cMonitoredPages               0 count
00:03:11.355665 /PGM/Page/cPrivatePages             33401 count
00:03:11.355671 /PGM/Page/cPureMmioPages                3 count
00:03:11.355677 /PGM/Page/cReadLockedPages              0 count
00:03:11.355683 /PGM/Page/cReusedSharedPages            0 count
00:03:11.355689 /PGM/Page/cSharedPages                  0 count
00:03:11.355694 /PGM/Page/cWriteLockedPages             0 count
00:03:11.355700 /PGM/Page/cWrittenToPages               0 count
00:03:11.355706 /PGM/Page/cZeroPages                36393 count
00:03:11.355712 /PGM/ShMod/Check                        0 ticks/call (           0 ticks,       0 times, max         0, min      -1)
00:03:11.355719 /PGM/cRelocations                       0 times
00:03:11.355726 /PROF/CPU0/EM/Capped                    0 ticks/call (           0 ticks,       0 times, max         0, min      -1)
00:03:11.355733 /PROF/CPU0/EM/ForcedActions        153654 times
00:03:11.355739 /PROF/CPU0/EM/Halted                 4447 times
00:03:11.355745 /PROF/CPU0/EM/RAWTotal                  0 times
00:03:11.355751 /PROF/CPU0/EM/REMTotal               1969 times
00:03:11.355757 /PROF/CPU0/EM/Total              326320345598 ticks/call (326320345598 ticks,       1 times, max 326320345598, min 326320345598)
00:03:11.355766 /PROF/VM/CPU0/Halt/Block          1235586 ns/call (163071454176 ticks,  131979 times, max  21662680, min       1)
00:03:11.355774 /PROF/VM/CPU0/Halt/BlockInsomnia        0 ns/call (           0 ticks,       0 times, max         0, min      -1)
00:03:11.355781 /PROF/VM/CPU0/Halt/BlockOnTime          0 ns/call (           0 ticks,       0 times, max         0, min      -1)
00:03:11.355787 /PROF/VM/CPU0/Halt/BlockOverslept        0 ns/call (           0 ticks,       0 times, max         0, min      -1)
00:03:11.355794 /PROF/VM/CPU0/Halt/Timers           26906 ns/call (  3679524470 ticks,  136754 times, max   3591074, min       2)
00:03:11.355802 /PROF/VM/CPU0/Halt/Yield            10851 ns/call (      119368 ticks,      11 times, max     20212, min    4820)
00:03:11.355810 /REM/TbFlushCount                    1962 times
00:03:11.355816 /REM/TbPhysInvldCount               14890 times
00:03:11.355822 /REM/TlbFlushCount                  42996 times
00:03:11.355828 /SELM/HyperSels/Changed                 0 times
00:03:11.355834 /SELM/HyperSels/Scan                    0 times
00:03:11.355840 /SELM/LoadHidSel/GstReadErrors          0 times
00:03:11.355846 /SELM/LoadHidSel/NoGoodGuest            0 times
00:03:11.355852 /SELM/UpdateFromCPUM/AlreadyStaleCS        0 times
00:03:11.355857 /SELM/UpdateFromCPUM/AlreadyStaleDS        0 times
00:03:11.355863 /SELM/UpdateFromCPUM/AlreadyStaleES        0 times
00:03:11.355868 /SELM/UpdateFromCPUM/AlreadyStaleFS        0 times
00:03:11.355874 /SELM/UpdateFromCPUM/AlreadyStaleGS        0 times
00:03:11.355880 /SELM/UpdateFromCPUM/AlreadyStaleSS        0 times
00:03:11.355885 /SELM/UpdateFromCPUM/DetectedStaleCS        0 times
00:03:11.355891 /SELM/UpdateFromCPUM/DetectedStaleDS        0 times
00:03:11.355897 /SELM/UpdateFromCPUM/DetectedStaleES        0 times
00:03:11.355902 /SELM/UpdateFromCPUM/DetectedStaleFS        0 times
00:03:11.355908 /SELM/UpdateFromCPUM/DetectedStaleGS        0 times
00:03:11.355913 /SELM/UpdateFromCPUM/DetectedStaleSS        0 times
00:03:11.355919 /SELM/UpdateFromCPUM/StaleToUnstale        0 times
00:03:11.355925 /TM/CPU/00/cNsExecuting          9997053624 ns
00:03:11.355932 /TM/CPU/00/cNsHalted             167339071588 ns
00:03:11.355938 /TM/CPU/00/cNsOther              9188735663 ns
00:03:11.355944 /TM/CPU/00/cNsTotal              186524860875 ns
00:03:11.355951 /TM/CPU/00/cPeriodsExecuting      1954286 count
00:03:11.355957 /TM/CPU/00/cPeriodsHalted            4446 count
00:03:11.355963 /TM/CPU/00/pctExecuting                 0 %
00:03:11.355968 /TM/CPU/00/pctHalted                   98 %
00:03:11.355974 /TM/CPU/00/pctOther                     0 %
00:03:11.355980 /TM/CPU/pctExecuting                    0 %
00:03:11.355995 /TM/CPU/pctHalted                      98 %
00:03:11.356002 /TM/CPU/pctOther                        0 %
00:03:11.356008 /TM/MaxHzHint                           0 Hz
00:03:11.356014 /TM/R0/1nsSteps                     21948 times
00:03:11.356021 /TM/R3/1nsSteps                     30937 times
00:03:11.356027 /TM/TSC/offCPU0                         0 ticks
00:03:11.356033 /TM/VirtualSync/CurrentOffset      190178 ns
00:03:11.356040 /VUSB/0/cUrbsInPool                     1 count
00:03:11.356046 ********************* End of statistics **********************
00:03:11.362879 Changing the VM state from 'DESTROYING' to 'TERMINATED'.
00:03:11.709040 ERROR [COM]: aRC=E_ACCESSDENIED (0x80070005) aIID={db7ab4ca-2a3f-4183-9243-c1208da92392} aComponent={Console} aText={The virtual machine is not powered up}, preserve=false
