VirtualBox VM 4.2.10 r84104 darwin.x86 (Mar  5 2013 12:16:54) release log
00:00:01.953528 Log opened 2013-06-11T22:00:50.726961000Z
00:00:01.953571 OS Product: Darwin
00:00:01.953587 OS Release: 10.2.0
00:00:01.953603 OS Version: Darwin Kernel Version 10.2.0: Tue Nov  3 10:37:10 PST 2009; root:xnu-1486.2.11~1/RELEASE_I386
00:00:01.955051 DMI Product Name: MacBookPro4,1
00:00:01.956136 DMI Product Version: 1.0
00:00:01.956159 Host RAM: 4096MB total, 1485MB available
00:00:01.956164 Executable: /Applications/VirtualBox.app/Contents/MacOS/../Resources/VirtualBoxVM.app/Contents/MacOS/VirtualBoxVM
00:00:01.956165 Process ID: 35644
00:00:01.956166 Package type: DARWIN_32BITS_GENERIC
00:00:01.967345 Installed Extension Packs:
00:00:01.967365   None installed!
00:00:01.995213 SUP: Opened VMMR0.r0 (/Applications/VirtualBox.app/Contents/MacOS/VMMR0.r0) at 0x708dd020.
00:00:01.998808 OS type: 'Linux'
00:00:02.024067 File system of '/Users/paalee/VirtualBox VMs/HostTemplate/Snapshots' (snapshots) is hfs
00:00:02.024081 File system of '/Users/paalee/VirtualBox VMs/HostTemplate/HostTemplate-disk1.vdi' is hfs
00:00:02.030388 File system of '/Applications/VirtualBox.app/Contents/MacOS/VBoxGuestAdditions.iso' (DVD) is hfs
00:00:02.101544 Shared clipboard mode: Off
00:00:02.103932 Drag'n'drop mode: Off
00:00:02.112713 ************************* CFGM dump *************************
00:00:02.112721 [/] (level 0)
00:00:02.112728   CSAMEnabled     <integer> = 0x0000000000000001 (1)
00:00:02.112737   CpuExecutionCap <integer> = 0x0000000000000064 (100)
00:00:02.112739   EnablePAE       <integer> = 0x0000000000000000 (0)
00:00:02.112741   HwVirtExtForced <integer> = 0x0000000000000001 (1)
00:00:02.112742   MemBalloonSize  <integer> = 0x0000000000000000 (0)
00:00:02.112743   Name            <string>  = "HostTemplate" (cb=13)
00:00:02.112745   NumCPUs         <integer> = 0x0000000000000001 (1)
00:00:02.112747   PATMEnabled     <integer> = 0x0000000000000001 (1)
00:00:02.112748   PageFusion      <integer> = 0x0000000000000000 (0)
00:00:02.112750   RamHoleSize     <integer> = 0x0000000020000000 (536 870 912, 512 MB)
00:00:02.112752   RamSize         <integer> = 0x0000000010000000 (268 435 456, 256 MB)
00:00:02.112755   RawR0Enabled    <integer> = 0x0000000000000001 (1)
00:00:02.112757   RawR3Enabled    <integer> = 0x0000000000000001 (1)
00:00:02.112758   TimerMillies    <integer> = 0x000000000000000a (10)
00:00:02.112760   UUID            <bytes>   = "14 99 ee 6b 8a 55 ac 45 8d 34 11 b3 e6 fe c3 91" (cb=16)
00:00:02.112772 
00:00:02.112772 [/CPUM/] (level 1)
00:00:02.112774   SyntheticCpu <integer> = 0x0000000000000000 (0)
00:00:02.112776 
00:00:02.112776 [/DBGF/] (level 1)
00:00:02.112778   Path <string>  = "/Users/paalee/VirtualBox VMs/HostTemplate/debug/;/Users/paalee/VirtualBox VMs/HostTemplate/;/Users/paalee/" (cb=107)
00:00:02.112779 
00:00:02.112780 [/Devices/] (level 1)
00:00:02.112781 
00:00:02.112782 [/Devices/8237A/] (level 2)
00:00:02.112784 
00:00:02.112784 [/Devices/8237A/0/] (level 3)
00:00:02.112786   Trusted <integer> = 0x0000000000000001 (1)
00:00:02.112788 
00:00:02.112788 [/Devices/AudioSniffer/] (level 2)
00:00:02.112790 
00:00:02.112791 [/Devices/AudioSniffer/0/] (level 3)
00:00:02.112793 
00:00:02.112793 [/Devices/AudioSniffer/0/Config/] (level 4)
00:00:02.112796 
00:00:02.112796 [/Devices/AudioSniffer/0/LUN#0/] (level 4)
00:00:02.112799   Driver <string>  = "MainAudioSniffer" (cb=17)
00:00:02.112800 
00:00:02.112800 [/Devices/AudioSniffer/0/LUN#0/Config/] (level 5)
00:00:02.112803   Object <integer> = 0x000000000013fa20 (1 309 216)
00:00:02.112805 
00:00:02.112806 [/Devices/VMMDev/] (level 2)
00:00:02.112807 
00:00:02.112808 [/Devices/VMMDev/0/] (level 3)
00:00:02.112810   PCIBusNo      <integer> = 0x0000000000000000 (0)
00:00:02.112812   PCIDeviceNo   <integer> = 0x0000000000000004 (4)
00:00:02.112814   PCIFunctionNo <integer> = 0x0000000000000000 (0)
00:00:02.112815   Trusted       <integer> = 0x0000000000000001 (1)
00:00:02.112816 
00:00:02.112817 [/Devices/VMMDev/0/Config/] (level 4)
00:00:02.112819   GuestCoreDumpDir <string>  = "/Users/paalee/VirtualBox VMs/HostTemplate/Snapshots" (cb=52)
00:00:02.112821   RamSize          <integer> = 0x0000000010000000 (268 435 456, 256 MB)
00:00:02.112823 
00:00:02.112824 [/Devices/VMMDev/0/LUN#0/] (level 4)
00:00:02.112826   Driver <string>  = "HGCM" (cb=5)
00:00:02.112828 
00:00:02.112828 [/Devices/VMMDev/0/LUN#0/Config/] (level 5)
00:00:02.112831   Object <integer> = 0x0000000003087690 (50 886 288)
00:00:02.112832 
00:00:02.112833 [/Devices/VMMDev/0/LUN#999/] (level 4)
00:00:02.112835   Driver <string>  = "MainStatus" (cb=11)
00:00:02.112836 
00:00:02.112837 [/Devices/VMMDev/0/LUN#999/Config/] (level 5)
00:00:02.112840   First   <integer> = 0x0000000000000000 (0)
00:00:02.112841   Last    <integer> = 0x0000000000000000 (0)
00:00:02.112843   papLeds <integer> = 0x0000000002855970 (42 293 616)
00:00:02.112844 
00:00:02.112845 [/Devices/acpi/] (level 2)
00:00:02.112847 
00:00:02.112847 [/Devices/acpi/0/] (level 3)
00:00:02.112849   PCIBusNo      <integer> = 0x0000000000000000 (0)
00:00:02.112851   PCIDeviceNo   <integer> = 0x0000000000000007 (7)
00:00:02.112852   PCIFunctionNo <integer> = 0x0000000000000000 (0)
00:00:02.112854   Trusted       <integer> = 0x0000000000000001 (1)
00:00:02.112855 
00:00:02.112856 [/Devices/acpi/0/Config/] (level 4)
00:00:02.112858   CpuHotPlug        <integer> = 0x0000000000000000 (0)
00:00:02.112860   FdcEnabled        <integer> = 0x0000000000000000 (0)
00:00:02.112861   HostBusPciAddress <integer> = 0x0000000000000000 (0)
00:00:02.112863   HpetEnabled       <integer> = 0x0000000000000000 (0)
00:00:02.112864   IOAPIC            <integer> = 0x0000000000000000 (0)
00:00:02.112866   IocPciAddress     <integer> = 0x0000000000010000 (65 536)
00:00:02.112868   NumCPUs           <integer> = 0x0000000000000001 (1)
00:00:02.112870   RamHoleSize       <integer> = 0x0000000020000000 (536 870 912, 512 MB)
00:00:02.112872   RamSize           <integer> = 0x0000000010000000 (268 435 456, 256 MB)
00:00:02.112875   Serial0IoPortBase <integer> = 0x0000000000000000 (0)
00:00:02.112876   Serial0Irq        <integer> = 0x0000000000000000 (0)
00:00:02.112878   Serial1IoPortBase <integer> = 0x0000000000000000 (0)
00:00:02.112879   Serial1Irq        <integer> = 0x0000000000000000 (0)
00:00:02.112880   ShowCpu           <integer> = 0x0000000000000000 (0)
00:00:02.112882   ShowRtc           <integer> = 0x0000000000000000 (0)
00:00:02.112884   SmcEnabled        <integer> = 0x0000000000000000 (0)
00:00:02.112885 
00:00:02.112886 [/Devices/acpi/0/LUN#0/] (level 4)
00:00:02.112888   Driver <string>  = "ACPIHost" (cb=9)
00:00:02.112889 
00:00:02.112890 [/Devices/acpi/0/LUN#0/Config/] (level 5)
00:00:02.112892 
00:00:02.112893 [/Devices/apic/] (level 2)
00:00:02.112895 
00:00:02.112895 [/Devices/apic/0/] (level 3)
00:00:02.112897   Trusted <integer> = 0x0000000000000001 (1)
00:00:02.112899 
00:00:02.112899 [/Devices/apic/0/Config/] (level 4)
00:00:02.112901   IOAPIC  <integer> = 0x0000000000000000 (0)
00:00:02.112903   NumCPUs <integer> = 0x0000000000000001 (1)
00:00:02.112904 
00:00:02.112905 [/Devices/e1000/] (level 2)
00:00:02.112907 
00:00:02.112907 [/Devices/i8254/] (level 2)
00:00:02.112909 
00:00:02.112910 [/Devices/i8254/0/] (level 3)
00:00:02.112912 
00:00:02.112912 [/Devices/i8254/0/Config/] (level 4)
00:00:02.112914 
00:00:02.112915 [/Devices/i8259/] (level 2)
00:00:02.112917 
00:00:02.112917 [/Devices/i8259/0/] (level 3)
00:00:02.112919   Trusted <integer> = 0x0000000000000001 (1)
00:00:02.112921 
00:00:02.112921 [/Devices/i8259/0/Config/] (level 4)
00:00:02.112923 
00:00:02.112924 [/Devices/ichac97/] (level 2)
00:00:02.112926 
00:00:02.112926 [/Devices/ichac97/0/] (level 3)
00:00:02.112928   PCIBusNo      <integer> = 0x0000000000000000 (0)
00:00:02.112930   PCIDeviceNo   <integer> = 0x0000000000000005 (5)
00:00:02.112931   PCIFunctionNo <integer> = 0x0000000000000000 (0)
00:00:02.112933   Trusted       <integer> = 0x0000000000000001 (1)
00:00:02.112934 
00:00:02.112935 [/Devices/ichac97/0/Config/] (level 4)
00:00:02.112937 
00:00:02.112937 [/Devices/ichac97/0/LUN#0/] (level 4)
00:00:02.112940   Driver <string>  = "AUDIO" (cb=6)
00:00:02.112941 
00:00:02.112941 [/Devices/ichac97/0/LUN#0/Config/] (level 5)
00:00:02.112944   AudioDriver <string>  = "coreaudio" (cb=10)
00:00:02.112945   StreamName  <string>  = "HostTemplate" (cb=13)
00:00:02.112946 
00:00:02.112947 [/Devices/mc146818/] (level 2)
00:00:02.112949 
00:00:02.112949 [/Devices/mc146818/0/] (level 3)
00:00:02.112951 
00:00:02.112952 [/Devices/mc146818/0/Config/] (level 4)
00:00:02.112954   UseUTC <integer> = 0x0000000000000001 (1)
00:00:02.112955 
00:00:02.112956 [/Devices/parallel/] (level 2)
00:00:02.112958 
00:00:02.112958 [/Devices/pcarch/] (level 2)
00:00:02.112960 
00:00:02.112960 [/Devices/pcarch/0/] (level 3)
00:00:02.112963   Trusted <integer> = 0x0000000000000001 (1)
00:00:02.112964 
00:00:02.112964 [/Devices/pcarch/0/Config/] (level 4)
00:00:02.112967 
00:00:02.112967 [/Devices/pcbios/] (level 2)
00:00:02.112969 
00:00:02.112970 [/Devices/pcbios/0/] (level 3)
00:00:02.112972   Trusted <integer> = 0x0000000000000001 (1)
00:00:02.112973 
00:00:02.112973 [/Devices/pcbios/0/Config/] (level 4)
00:00:02.112976   BootDevice0    <string>  = "FLOPPY" (cb=7)
00:00:02.112977   BootDevice1    <string>  = "DVD" (cb=4)
00:00:02.112979   BootDevice2    <string>  = "IDE" (cb=4)
00:00:02.112980   BootDevice3    <string>  = "NONE" (cb=5)
00:00:02.112981   FloppyDevice   <string>  = "i82078" (cb=7)
00:00:02.112982   HardDiskDevice <string>  = "piix3ide" (cb=9)
00:00:02.112983   IOAPIC         <integer> = 0x0000000000000000 (0)
00:00:02.112985   McfgBase       <integer> = 0x0000000000000000 (0)
00:00:02.112986   McfgLength     <integer> = 0x0000000000000000 (0)
00:00:02.112988   NumCPUs        <integer> = 0x0000000000000001 (1)
00:00:02.112989   PXEDebug       <integer> = 0x0000000000000000 (0)
00:00:02.112991   RamHoleSize    <integer> = 0x0000000020000000 (536 870 912, 512 MB)
00:00:02.112993   RamSize        <integer> = 0x0000000010000000 (268 435 456, 256 MB)
00:00:02.112996   UUID           <bytes>   = "14 99 ee 6b 8a 55 ac 45 8d 34 11 b3 e6 fe c3 91" (cb=16)
00:00:02.113000 
00:00:02.113000 [/Devices/pcbios/0/Config/NetBoot/] (level 5)
00:00:02.113003 
00:00:02.113003 [/Devices/pcbios/0/Config/NetBoot/0/] (level 6)
00:00:02.113006   NIC           <integer> = 0x0000000000000000 (0)
00:00:02.113008   PCIBusNo      <integer> = 0x0000000000000000 (0)
00:00:02.113010   PCIDeviceNo   <integer> = 0x0000000000000003 (3)
00:00:02.113011   PCIFunctionNo <integer> = 0x0000000000000000 (0)
00:00:02.113012 
00:00:02.113013 [/Devices/pci/] (level 2)
00:00:02.113015 
00:00:02.113015 [/Devices/pci/0/] (level 3)
00:00:02.113018   Trusted <integer> = 0x0000000000000001 (1)
00:00:02.113019 
00:00:02.113019 [/Devices/pci/0/Config/] (level 4)
00:00:02.113022   IOAPIC <integer> = 0x0000000000000000 (0)
00:00:02.113023 
00:00:02.113024 [/Devices/pckbd/] (level 2)
00:00:02.113026 
00:00:02.113026 [/Devices/pckbd/0/] (level 3)
00:00:02.113028   Trusted <integer> = 0x0000000000000001 (1)
00:00:02.113029 
00:00:02.113030 [/Devices/pckbd/0/Config/] (level 4)
00:00:02.113032 
00:00:02.113033 [/Devices/pckbd/0/LUN#0/] (level 4)
00:00:02.113035   Driver <string>  = "KeyboardQueue" (cb=14)
00:00:02.113036 
00:00:02.113037 [/Devices/pckbd/0/LUN#0/AttachedDriver/] (level 5)
00:00:02.113039   Driver <string>  = "MainKeyboard" (cb=13)
00:00:02.113040 
00:00:02.113041 [/Devices/pckbd/0/LUN#0/AttachedDriver/Config/] (level 6)
00:00:02.113044   Object <integer> = 0x0000000000140190 (1 311 120)
00:00:02.113046 
00:00:02.113046 [/Devices/pckbd/0/LUN#0/Config/] (level 5)
00:00:02.113049   QueueSize <integer> = 0x0000000000000040 (64)
00:00:02.113050 
00:00:02.113051 [/Devices/pckbd/0/LUN#1/] (level 4)
00:00:02.113053   Driver <string>  = "MouseQueue" (cb=11)
00:00:02.113054 
00:00:02.113055 [/Devices/pckbd/0/LUN#1/AttachedDriver/] (level 5)
00:00:02.113057   Driver <string>  = "MainMouse" (cb=10)
00:00:02.113058 
00:00:02.113059 [/Devices/pckbd/0/LUN#1/AttachedDriver/Config/] (level 6)
00:00:02.113062   Object <integer> = 0x00000000001404c0 (1 311 936)
00:00:02.113063 
00:00:02.113064 [/Devices/pckbd/0/LUN#1/Config/] (level 5)
00:00:02.113067   QueueSize <integer> = 0x0000000000000080 (128)
00:00:02.113068 
00:00:02.113069 [/Devices/pcnet/] (level 2)
00:00:02.113071 
00:00:02.113071 [/Devices/pcnet/0/] (level 3)
00:00:02.113073   PCIBusNo      <integer> = 0x0000000000000000 (0)
00:00:02.113075   PCIDeviceNo   <integer> = 0x0000000000000003 (3)
00:00:02.113076   PCIFunctionNo <integer> = 0x0000000000000000 (0)
00:00:02.113078   Trusted       <integer> = 0x0000000000000001 (1)
00:00:02.113079 
00:00:02.113080 [/Devices/pcnet/0/Config/] (level 4)
00:00:02.113082   Am79C973       <integer> = 0x0000000000000001 (1)
00:00:02.113084   CableConnected <integer> = 0x0000000000000001 (1)
00:00:02.113085   LineSpeed      <integer> = 0x0000000000000000 (0)
00:00:02.113087   MAC            <bytes>   = "08 00 27 eb ed 40" (cb=6)
00:00:02.113089   R0Enabled      <integer> = 0x0000000000000000 (0)
00:00:02.113091 
00:00:02.113091 [/Devices/pcnet/0/LUN#0/] (level 4)
00:00:02.113094   Driver <string>  = "IntNet" (cb=7)
00:00:02.113095 
00:00:02.113095 [/Devices/pcnet/0/LUN#0/Config/] (level 5)
00:00:02.113098   IfPolicyPromisc <string>  = "deny" (cb=5)
00:00:02.113099   Network         <string>  = "HostInterfaceNetworking-vboxnet0" (cb=33)
00:00:02.113101   Trunk           <string>  = "vboxnet0" (cb=9)
00:00:02.113102   TrunkType       <integer> = 0x0000000000000004 (4)
00:00:02.113103 
00:00:02.113104 [/Devices/pcnet/0/LUN#999/] (level 4)
00:00:02.113106   Driver <string>  = "MainStatus" (cb=11)
00:00:02.113108 
00:00:02.113108 [/Devices/pcnet/0/LUN#999/Config/] (level 5)
00:00:02.113111   First   <integer> = 0x0000000000000000 (0)
00:00:02.113112   Last    <integer> = 0x0000000000000000 (0)
00:00:02.113114   papLeds <integer> = 0x00000000028558e0 (42 293 472)
00:00:02.113116 
00:00:02.113116 [/Devices/piix3ide/] (level 2)
00:00:02.113118 
00:00:02.113119 [/Devices/piix3ide/0/] (level 3)
00:00:02.113121   PCIBusNo      <integer> = 0x0000000000000000 (0)
00:00:02.113122   PCIDeviceNo   <integer> = 0x0000000000000001 (1)
00:00:02.113124   PCIFunctionNo <integer> = 0x0000000000000001 (1)
00:00:02.113125   Trusted       <integer> = 0x0000000000000001 (1)
00:00:02.113127 
00:00:02.113127 [/Devices/piix3ide/0/Config/] (level 4)
00:00:02.113129   Type <string>  = "PIIX4" (cb=6)
00:00:02.113131 
00:00:02.113131 [/Devices/piix3ide/0/Config/PrimaryMaster/] (level 5)
00:00:02.113134   NonRotationalMedium <integer> = 0x0000000000000000 (0)
00:00:02.113135 
00:00:02.113136 [/Devices/piix3ide/0/Config/SecondaryMaster/] (level 5)
00:00:02.113138   NonRotationalMedium <integer> = 0x0000000000000000 (0)
00:00:02.113140 
00:00:02.113140 [/Devices/piix3ide/0/LUN#0/] (level 4)
00:00:02.113143   Driver <string>  = "Block" (cb=6)
00:00:02.113144 
00:00:02.113144 [/Devices/piix3ide/0/LUN#0/AttachedDriver/] (level 5)
00:00:02.113147   Driver <string>  = "VD" (cb=3)
00:00:02.113148 
00:00:02.113148 [/Devices/piix3ide/0/LUN#0/AttachedDriver/Config/] (level 6)
00:00:02.113152   Format <string>  = "VDI" (cb=4)
00:00:02.113153   Path   <string>  = "/Users/paalee/VirtualBox VMs/HostTemplate/HostTemplate-disk1.vdi" (cb=65)
00:00:02.113154   Type   <string>  = "HardDisk" (cb=9)
00:00:02.113155 
00:00:02.113156 [/Devices/piix3ide/0/LUN#0/Config/] (level 5)
00:00:02.113158   Mountable <integer> = 0x0000000000000000 (0)
00:00:02.113160   Type      <string>  = "HardDisk" (cb=9)
00:00:02.113161 
00:00:02.113161 [/Devices/piix3ide/0/LUN#2/] (level 4)
00:00:02.113164   Driver <string>  = "Block" (cb=6)
00:00:02.113165 
00:00:02.113165 [/Devices/piix3ide/0/LUN#2/AttachedDriver/] (level 5)
00:00:02.113168   Driver <string>  = "VD" (cb=3)
00:00:02.113169 
00:00:02.113169 [/Devices/piix3ide/0/LUN#2/AttachedDriver/Config/] (level 6)
00:00:02.113172   Format   <string>  = "RAW" (cb=4)
00:00:02.113173   Path     <string>  = "/Applications/VirtualBox.app/Contents/MacOS/VBoxGuestAdditions.iso" (cb=67)
00:00:02.113175   ReadOnly <integer> = 0x0000000000000001 (1)
00:00:02.113176   Type     <string>  = "DVD" (cb=4)
00:00:02.113177 
00:00:02.113178 [/Devices/piix3ide/0/LUN#2/Config/] (level 5)
00:00:02.113181   Mountable <integer> = 0x0000000000000001 (1)
00:00:02.113182   Type      <string>  = "DVD" (cb=4)
00:00:02.113183 
00:00:02.113184 [/Devices/piix3ide/0/LUN#999/] (level 4)
00:00:02.113186   Driver <string>  = "MainStatus" (cb=11)
00:00:02.113187 
00:00:02.113187 [/Devices/piix3ide/0/LUN#999/Config/] (level 5)
00:00:02.113190   DeviceInstance        <string>  = "piix3ide/0" (cb=11)
00:00:02.113192   First                 <integer> = 0x0000000000000000 (0)
00:00:02.113193   Last                  <integer> = 0x0000000000000003 (3)
00:00:02.113195   pConsole              <integer> = 0x0000000002855600 (42 292 736)
00:00:02.113197   papLeds               <integer> = 0x00000000028557f8 (42 293 240)
00:00:02.113200   pmapMediumAttachments <integer> = 0x000000000285597c (42 293 628)
00:00:02.113201 
00:00:02.113202 [/Devices/serial/] (level 2)
00:00:02.113204 
00:00:02.113204 [/Devices/usb-ohci/] (level 2)
00:00:02.113206 
00:00:02.113207 [/Devices/usb-ohci/0/] (level 3)
00:00:02.113209   PCIBusNo      <integer> = 0x0000000000000000 (0)
00:00:02.113211   PCIDeviceNo   <integer> = 0x0000000000000006 (6)
00:00:02.113212   PCIFunctionNo <integer> = 0x0000000000000000 (0)
00:00:02.113213   Trusted       <integer> = 0x0000000000000001 (1)
00:00:02.113215 
00:00:02.113215 [/Devices/usb-ohci/0/Config/] (level 4)
00:00:02.113218 
00:00:02.113218 [/Devices/usb-ohci/0/LUN#0/] (level 4)
00:00:02.113221   Driver <string>  = "VUSBRootHub" (cb=12)
00:00:02.113222 
00:00:02.113222 [/Devices/usb-ohci/0/LUN#0/Config/] (level 5)
00:00:02.113225 
00:00:02.113225 [/Devices/usb-ohci/0/LUN#999/] (level 4)
00:00:02.113228   Driver <string>  = "MainStatus" (cb=11)
00:00:02.113229 
00:00:02.113229 [/Devices/usb-ohci/0/LUN#999/Config/] (level 5)
00:00:02.113232   First   <integer> = 0x0000000000000000 (0)
00:00:02.113233   Last    <integer> = 0x0000000000000000 (0)
00:00:02.113235   papLeds <integer> = 0x0000000002855974 (42 293 620)
00:00:02.113236 
00:00:02.113237 [/Devices/vga/] (level 2)
00:00:02.113239 
00:00:02.113239 [/Devices/vga/0/] (level 3)
00:00:02.113242   PCIBusNo      <integer> = 0x0000000000000000 (0)
00:00:02.113243   PCIDeviceNo   <integer> = 0x0000000000000002 (2)
00:00:02.113245   PCIFunctionNo <integer> = 0x0000000000000000 (0)
00:00:02.113246   Trusted       <integer> = 0x0000000000000001 (1)
00:00:02.113247 
00:00:02.113248 [/Devices/vga/0/Config/] (level 4)
00:00:02.113251   CustomVideoModes <integer> = 0x0000000000000000 (0)
00:00:02.113252   FadeIn           <integer> = 0x0000000000000001 (1)
00:00:02.113254   FadeOut          <integer> = 0x0000000000000001 (1)
00:00:02.113256   HeightReduction  <integer> = 0x0000000000000000 (0)
00:00:02.113257   LogoFile         <string>  = "" (cb=1)
00:00:02.113258   LogoTime         <integer> = 0x0000000000000000 (0)
00:00:02.113260   MonitorCount     <integer> = 0x0000000000000001 (1)
00:00:02.113261   R0Enabled        <integer> = 0x0000000000000001 (1)
00:00:02.113263   ShowBootMenu     <integer> = 0x0000000000000002 (2)
00:00:02.113264   VRamSize         <integer> = 0x0000000000c00000 (12 582 912, 12 MB)
00:00:02.113267 
00:00:02.113267 [/Devices/vga/0/LUN#0/] (level 4)
00:00:02.113270   Driver <string>  = "MainDisplay" (cb=12)
00:00:02.113271 
00:00:02.113271 [/Devices/vga/0/LUN#0/Config/] (level 5)
00:00:02.113274   Object <integer> = 0x0000000000843000 (8 663 040)
00:00:02.113276 
00:00:02.113277 [/Devices/virtio-net/] (level 2)
00:00:02.113278 
00:00:02.113279 [/HWVirtExt/] (level 1)
00:00:02.113281   64bitEnabled       <integer> = 0x0000000000000000 (0)
00:00:02.113282   EnableLargePages   <integer> = 0x0000000000000000 (0)
00:00:02.113284   EnableNestedPaging <integer> = 0x0000000000000001 (1)
00:00:02.113285   EnableVPID         <integer> = 0x0000000000000001 (1)
00:00:02.113287   Enabled            <integer> = 0x0000000000000001 (1)
00:00:02.113288   Exclusive          <integer> = 0x0000000000000000 (0)
00:00:02.113290 
00:00:02.113290 [/MM/] (level 1)
00:00:02.113292   CanUseLargerHeap <integer> = 0x0000000000000000 (0)
00:00:02.113293 
00:00:02.113294 [/PDM/] (level 1)
00:00:02.113295 
00:00:02.113296 [/PDM/AsyncCompletion/] (level 2)
00:00:02.113298 
00:00:02.113298 [/PDM/AsyncCompletion/File/] (level 3)
00:00:02.113300 
00:00:02.113301 [/PDM/AsyncCompletion/File/BwGroups/] (level 4)
00:00:02.113303 
00:00:02.113304 [/PDM/BlkCache/] (level 2)
00:00:02.113305   CacheSize <integer> = 0x0000000000500000 (5 242 880, 5 MB)
00:00:02.113308 
00:00:02.113308 [/PDM/Devices/] (level 2)
00:00:02.113310 
00:00:02.113311 [/PDM/Drivers/] (level 2)
00:00:02.113312 
00:00:02.113313 [/PDM/Drivers/VBoxC/] (level 3)
00:00:02.113315   Path <string>  = "/Applications/VirtualBox.app/Contents/MacOS/components/VBoxC" (cb=61)
00:00:02.113316 
00:00:02.113317 [/PDM/NetworkShaper/] (level 2)
00:00:02.113318 
00:00:02.113319 [/PDM/NetworkShaper/BwGroups/] (level 3)
00:00:02.113321 
00:00:02.113321 [/TM/] (level 1)
00:00:02.113323   UTCOffset <integer> = 0x0000000000000000 (0)
00:00:02.113324 
00:00:02.113325 [/USB/] (level 1)
00:00:02.113326 
00:00:02.113327 [/USB/HidMouse/] (level 2)
00:00:02.113329 
00:00:02.113329 [/USB/HidMouse/0/] (level 3)
00:00:02.113331 
00:00:02.113332 [/USB/HidMouse/0/Config/] (level 4)
00:00:02.113334   Absolute <integer> = 0x0000000000000001 (1)
00:00:02.113335 
00:00:02.113336 [/USB/HidMouse/0/LUN#0/] (level 4)
00:00:02.113338   Driver <string>  = "MouseQueue" (cb=11)
00:00:02.113339 
00:00:02.113340 [/USB/HidMouse/0/LUN#0/AttachedDriver/] (level 5)
00:00:02.113342   Driver <string>  = "MainMouse" (cb=10)
00:00:02.113343 
00:00:02.113344 [/USB/HidMouse/0/LUN#0/AttachedDriver/Config/] (level 6)
00:00:02.113347   Object <integer> = 0x00000000001404c0 (1 311 936)
00:00:02.113349 
00:00:02.113349 [/USB/HidMouse/0/LUN#0/Config/] (level 5)
00:00:02.113352   QueueSize <integer> = 0x0000000000000080 (128)
00:00:02.113353 
00:00:02.113354 [/USB/USBProxy/] (level 2)
00:00:02.113356 
00:00:02.113356 [/USB/USBProxy/GlobalConfig/] (level 3)
00:00:02.113358 
00:00:02.113359 ********************* End of CFGM dump **********************
00:00:02.113409 MM: cbHyperHeap=0x100000 (1048576)
00:00:02.117183 Host paging mode: AMD64+PGE+NX
00:00:02.117200 PGMPool: cMaxPages=160 (u64MaxPages=160)
00:00:02.117208 pgmR3PoolInit: cMaxPages=0xa0 cMaxUsers=0x140 cMaxPhysExts=0x140 fCacheEnable=true 
00:00:02.139680 REM: VBoxREM32
00:00:02.144626 TM: GIP - u32Mode=1 (SyncTSC) u32UpdateHz=100
00:00:02.176951 TM: cTSCTicksPerSecond=0x93a94b40 (2 477 345 600) fTSCVirtualized=true  fTSCUseRealTSC=false
00:00:02.176960 TM: fMaybeUseOffsettedHostTSC=true  TSCTiedToExecution=false TSCNotTiedToHalt=false
00:00:02.178552 CoreCode: R3=147fb000 R0=56e62000 RC=a0245000 Phys=0000000002495000 cb=0x3000
00:00:02.194583 AIOMgr: Default manager type is "Async"
00:00:02.194597 AIOMgr: Default file backend is "NonBuffered"
00:00:02.194909 BlkCache: Cache successfully initialised. Cache size is 5242880 bytes
00:00:02.194918 BlkCache: Cache commit interval is 10000 ms
00:00:02.194924 BlkCache: Cache commit threshold is 2621440 bytes
00:00:02.207295 [SMP] BIOS with 1 CPUs
00:00:02.213083 SUP: Opened VBoxDDR0.r0 (/Applications/VirtualBox.app/Contents/MacOS/VBoxDDR0.r0) at 0x70dff020.
00:00:02.213807 SUP: Opened VBoxDD2R0.r0 (/Applications/VirtualBox.app/Contents/MacOS/VBoxDD2R0.r0) at 0x56e81020.
00:00:02.213860 Activating Local APIC
00:00:02.213876 CPUMSetGuestCpuIdFeature: Enabled APIC
00:00:02.213886 CPUMClearGuestCpuIdFeature: Disabled x2APIC
00:00:02.214182 PIT: mode=3 count=0x10000 (65536) - 18.20 Hz (ch=0)
00:00:02.225284 Shared Folders service loaded.
00:00:02.261163 DrvBlock: Flushes will be ignored
00:00:02.261189 DrvBlock: Async flushes will be passed to the disk
00:00:02.273560 VDInit finished
00:00:02.273679 VD: Opening the disk took 12444410 ns
00:00:02.273914 PIIX3 ATA: LUN#0: disk, PCHS=406/16/63, total number of sectors 409600
00:00:02.273940 PIIX3 ATA: LUN#1: no unit
00:00:02.273992 DrvBlock: Flushes will be ignored
00:00:02.274000 DrvBlock: Async flushes will be passed to the disk
00:00:02.274078 VD: Opening the disk took 60415 ns
00:00:02.274320 PIIX3 ATA: LUN#2: CD/DVD, total number of sectors 28029, passthrough disabled
00:00:02.274355 PIIX3 ATA: LUN#3: no unit
00:00:02.274396 PIIX3 ATA: Ctl#0: finished processing RESET
00:00:02.274425 PIIX3 ATA: Ctl#1: finished processing RESET
00:00:02.275557 IntNet#0: szNetwork={HostInterfaceNetworking-vboxnet0} enmTrunkType=4 szTrunk={vboxnet0} fFlags=0x8000 cbRecv=325632 cbSend=196608 fIgnoreConnectFailure=false
00:00:02.276502 Audio: Trying driver 'coreaudio'.
00:00:02.276541 Audio: set_record_source ars=0 als=0 (not implemented)
00:00:02.374395 CoreAudio: Using input device: Built-in Microphone (UID: AppleHDAEngineInput:1B,0,1,0:1)
00:00:02.417837 CoreAudio: Using output device: Built-in Output (UID: AppleHDAEngineOutput:1B,0,1,2:0)
00:00:02.418815 VUSB: attached 'HidMouse' to port 1
00:00:02.419529 DevPcBios: ATA LUN#0 LCHS=406/16/63
00:00:02.419634 PGM: The CPU physical address width is 36 bits
00:00:02.419642 PGMR3InitFinalize: 4 MB PSE mask 0000000fffffffff
00:00:02.426605 VMM: fUsePeriodicPreemptionTimers=false
00:00:02.426784 Logical host processors: 2 present, 2 max, 2 online, online mask: 0000000000000003
00:00:02.426787 ************************* CPUID dump ************************
00:00:02.426799          RAW Standard CPUIDs
00:00:02.426800      Function  eax      ebx      ecx      edx
00:00:02.426801 Gst: 00000000  00000005 756e6547 6c65746e 49656e69
00:00:02.426803 Hst:           0000000a 756e6547 6c65746e 49656e69
00:00:02.426805 Gst: 00000001  00010676 00000800 00000209 078bf3bf
00:00:02.426806 Hst:           00010676 01020800 0008e3bd bfebfbff
00:00:02.426808 Gst: 00000002  05b0b101 005657f0 00000000 2cb4304e
00:00:02.426810 Hst:           05b0b101 005657f0 00000000 2cb4304e
00:00:02.426811 Gst: 00000003  00000000 00000000 00000000 00000000
00:00:02.426813 Hst:           00000000 00000000 00000000 00000000
00:00:02.426814 Gst: 00000004  00000000 00000000 00000000 00000000
00:00:02.426815 Hst:           04000121 01c0003f 0000003f 00000001
00:00:02.426817 Gst: 00000005  00000040 00000040 00000000 00000000
00:00:02.426818 Hst:           00000040 00000040 00000003 03122220
00:00:02.426819 Name:                            GenuineIntel
00:00:02.426820 Supports:                        0-5
00:00:02.426828 Family:                          6  	Extended: 0 	Effective: 6
00:00:02.426830 Model:                           7  	Extended: 1 	Effective: 23
00:00:02.426831 Stepping:                        6
00:00:02.426831 Type:                            0 (primary)
00:00:02.426832 APIC ID:                         0x00
00:00:02.426833 Logical CPUs:                    0
00:00:02.426834 CLFLUSH Size:                    8
00:00:02.426834 Brand ID:                        0x00
00:00:02.426836 Mnemonic - Description                 = guest (host)
00:00:02.426837 FPU - x87 FPU on Chip                  = 1 (1)
00:00:02.426838 VME - Virtual 8086 Mode Enhancements   = 1 (1)
00:00:02.426838 DE - Debugging extensions              = 1 (1)
00:00:02.426839 PSE - Page Size Extension              = 1 (1)
00:00:02.426840 TSC - Time Stamp Counter               = 1 (1)
00:00:02.426841 MSR - Model Specific Registers         = 1 (1)
00:00:02.426842 PAE - Physical Address Extension       = 0 (1)
00:00:02.426843 MCE - Machine Check Exception          = 1 (1)
00:00:02.426844 CX8 - CMPXCHG8B instruction            = 1 (1)
00:00:02.426845 APIC - APIC On-Chip                    = 1 (1)
00:00:02.426846 10 - Reserved                          = 0 (0)
00:00:02.426847 SEP - SYSENTER and SYSEXIT             = 0 (1)
00:00:02.426847 MTRR - Memory Type Range Registers     = 1 (1)
00:00:02.426848 PGE - PTE Global Bit                   = 1 (1)
00:00:02.426849 MCA - Machine Check Architecture       = 1 (1)
00:00:02.426850 CMOV - Conditional Move Instructions   = 1 (1)
00:00:02.426851 PAT - Page Attribute Table             = 1 (1)
00:00:02.426852 PSE-36 - 36-bit Page Size Extention    = 1 (1)
00:00:02.426853 PSN - Processor Serial Number          = 0 (0)
00:00:02.426854 CLFSH - CLFLUSH Instruction.           = 1 (1)
00:00:02.426855 20 - Reserved                          = 0 (0)
00:00:02.426856 DS - Debug Store                       = 0 (1)
00:00:02.426857 ACPI - Thermal Mon. & Soft. Clock Ctrl.= 0 (1)
00:00:02.426857 MMX - Intel MMX Technology             = 1 (1)
00:00:02.426858 FXSR - FXSAVE and FXRSTOR Instructions = 1 (1)
00:00:02.426859 SSE - SSE Support                      = 1 (1)
00:00:02.426860 SSE2 - SSE2 Support                    = 1 (1)
00:00:02.426861 SS - Self Snoop                        = 0 (1)
00:00:02.426862 HTT - Hyper-Threading Technology       = 0 (1)
00:00:02.426863 TM - Thermal Monitor                   = 0 (1)
00:00:02.426864 30 - Reserved                          = 0 (0)
00:00:02.426865 PBE - Pending Break Enable             = 0 (1)
00:00:02.426866 Supports SSE3                          = 1 (1)
00:00:02.426867 PCLMULQDQ                              = 0 (0)
00:00:02.426868 DS Area 64-bit layout                  = 0 (1)
00:00:02.426868 Supports MONITOR/MWAIT                 = 1 (1)
00:00:02.426869 CPL-DS - CPL Qualified Debug Store     = 0 (1)
00:00:02.426870 VMX - Virtual Machine Technology       = 0 (1)
00:00:02.426871 SMX - Safer Mode Extensions            = 0 (0)
00:00:02.426872 Enhanced SpeedStep Technology          = 0 (1)
00:00:02.426873 Terminal Monitor 2                     = 0 (1)
00:00:02.426878 Supplemental SSE3 instructions         = 1 (1)
00:00:02.426879 L1 Context ID                          = 0 (0)
00:00:02.426880 11 - Reserved                          = 0 (0)
00:00:02.426881 FMA extensions using YMM state         = 0 (0)
00:00:02.426882 CMPXCHG16B instruction                 = 0 (1)
00:00:02.426883 xTPR Update Control                    = 0 (1)
00:00:02.426884 Perf/Debug Capability MSR              = 0 (1)
00:00:02.426885 16 - Reserved                          = 0 (0)
00:00:02.426886 PCID - Process-context identifiers     = 0 (0)
00:00:02.426887 DCA - Direct Cache Access              = 0 (0)
00:00:02.426888 SSE4.1 instruction extensions          = 0 (1)
00:00:02.426888 SSE4.2 instruction extensions          = 0 (0)
00:00:02.426889 Supports the x2APIC extensions         = 0 (0)
00:00:02.426891 MOVBE instruction                      = 0 (0)
00:00:02.426891 POPCNT instruction                     = 0 (0)
00:00:02.426892 TSC-Deadline LAPIC timer mode          = 0 (0)
00:00:02.426893 AESNI instruction extensions           = 0 (0)
00:00:02.426894 XSAVE/XRSTOR extended state feature    = 0 (0)
00:00:02.426895 Supports OSXSAVE                       = 0 (0)
00:00:02.426896 AVX instruction extensions             = 0 (0)
00:00:02.426897 29/30 - Reserved                       = 0x0 (0x0)
00:00:02.426898 Hypervisor Present (we're a guest)     = 0 (0)
00:00:02.426899 
00:00:02.426900          RAW Extended CPUIDs
00:00:02.426900      Function  eax      ebx      ecx      edx
00:00:02.426901 Gst: 80000000  80000008 00000000 00000000 00000000
00:00:02.426903 Hst:           80000008 00000000 00000000 00000000
00:00:02.426904 Gst: 80000001  00000000 00000000 00000000 00000000
00:00:02.426905 Hst:           00000000 00000000 00000001 20100000
00:00:02.426907 Gst: 80000002  65746e49 2952286c 726f4320 4d542865
00:00:02.426908 Hst:           65746e49 2952286c 726f4320 4d542865
00:00:02.426910 Gst: 80000003  44203229 43206f75 20205550 54202020
00:00:02.426911 Hst:           44203229 43206f75 20205550 54202020
00:00:02.426913 Gst: 80000004  30303539 20402020 30362e32 007a4847
00:00:02.426915 Hst:           30303539 20402020 30362e32 007a4847
00:00:02.426916 Gst: 80000005  00000000 00000000 00000000 00000000
00:00:02.426918 Hst:           00000000 00000000 00000000 00000000
00:00:02.426919 Gst: 80000006  00000000 00000000 18008040 00000000
00:00:02.426920 Hst:           00000000 00000000 18008040 00000000
00:00:02.426921 Gst: 80000007  00000000 00000000 00000000 00000000
00:00:02.426923 Hst:           00000000 00000000 00000000 00000000
00:00:02.426924 Gst: 80000008  00003024 00000000 00000000 00000000
00:00:02.426925 Hst:           00003024 00000000 00000000 00000000
00:00:02.426927 Gst: 80000009  07280202 00000000 00000000 00000503*
00:00:02.426928 Hst:           07280202 00000000 00000000 00000503
00:00:02.426930 Ext Name:                        
00:00:02.426931 Ext Supports:                    0x80000000-0x80000008
00:00:02.426932 Family:                          0  	Extended: 0 	Effective: 0
00:00:02.426933 Model:                           0  	Extended: 0 	Effective: 0
00:00:02.426934 Stepping:                        0
00:00:02.426934 Brand ID:                        0x000
00:00:02.426935 Mnemonic - Description                 = guest (host)
00:00:02.426936 FPU - x87 FPU on Chip                  = 0 (0)
00:00:02.426937 VME - Virtual 8086 Mode Enhancements   = 0 (0)
00:00:02.426938 DE - Debugging extensions              = 0 (0)
00:00:02.426938 PSE - Page Size Extension              = 0 (0)
00:00:02.426939 TSC - Time Stamp Counter               = 0 (0)
00:00:02.426940 MSR - K86 Model Specific Registers     = 0 (0)
00:00:02.426941 PAE - Physical Address Extension       = 0 (0)
00:00:02.426942 MCE - Machine Check Exception          = 0 (0)
00:00:02.426943 CX8 - CMPXCHG8B instruction            = 0 (0)
00:00:02.426944 APIC - APIC On-Chip                    = 0 (0)
00:00:02.426944 10 - Reserved                          = 0 (0)
00:00:02.426945 SEP - SYSCALL and SYSRET               = 0 (0)
00:00:02.426946 MTRR - Memory Type Range Registers     = 0 (0)
00:00:02.426947 PGE - PTE Global Bit                   = 0 (0)
00:00:02.426948 MCA - Machine Check Architecture       = 0 (0)
00:00:02.426949 CMOV - Conditional Move Instructions   = 0 (0)
00:00:02.426950 PAT - Page Attribute Table             = 0 (0)
00:00:02.426951 PSE-36 - 36-bit Page Size Extention    = 0 (0)
00:00:02.426952 18 - Reserved                          = 0 (0)
00:00:02.426952 19 - Reserved                          = 0 (0)
00:00:02.426953 NX - No-Execute Page Protection        = 0 (1)
00:00:02.426954 DS - Debug Store                       = 0 (0)
00:00:02.426955 AXMMX - AMD Extensions to MMX Instr.   = 0 (0)
00:00:02.426956 MMX - Intel MMX Technology             = 0 (0)
00:00:02.426957 FXSR - FXSAVE and FXRSTOR Instructions = 0 (0)
00:00:02.426958 25 - AMD fast FXSAVE and FXRSTOR Instr.= 0 (0)
00:00:02.426959 26 - 1 GB large page support           = 0 (0)
00:00:02.426960 27 - RDTSCP instruction                = 0 (0)
00:00:02.426960 28 - Reserved                          = 0 (0)
00:00:02.426961 29 - AMD Long Mode                     = 0 (1)
00:00:02.426962 30 - AMD Extensions to 3DNow!          = 0 (0)
00:00:02.426963 31 - AMD 3DNow!                        = 0 (0)
00:00:02.426964 LahfSahf - LAHF/SAHF in 64-bit mode    = 0 (1)
00:00:02.426965 CmpLegacy - Core MP legacy mode (depr) = 0 (0)
00:00:02.426966 SVM - AMD VM Extensions                = 0 (0)
00:00:02.426967 APIC registers starting at 0x400       = 0 (0)
00:00:02.426968 AltMovCR8 - LOCK MOV CR0 means MOV CR8 = 0 (0)
00:00:02.426969 5  - Advanced bit manipulation         = 0 (0)
00:00:02.426970 6  - SSE4A instruction support         = 0 (0)
00:00:02.426970 7  - Misaligned SSE mode               = 0 (0)
00:00:02.426971 8  - PREFETCH and PREFETCHW instruction= 0 (0)
00:00:02.426972 9  - OS visible workaround             = 0 (0)
00:00:02.426973 10 - Instruction based sampling        = 0 (0)
00:00:02.426974 11 - SSE5 support                      = 0 (0)
00:00:02.426975 12 - SKINIT, STGI, and DEV support     = 0 (0)
00:00:02.426976 13 - Watchdog timer support.           = 0 (0)
00:00:02.426977 31:14 - Reserved                       = 0x0 (0x0)
00:00:02.426978 Full Name:                       Intel(R) Core(TM)2 Duo CPU     T9500  @ 2.60GHz
00:00:02.426984 TLB 2/4M Instr/Uni:              res0     0 entries
00:00:02.426985 TLB 2/4M Data:                   res0     0 entries
00:00:02.426986 TLB 4K Instr/Uni:                res0     0 entries
00:00:02.426987 TLB 4K Data:                     res0     0 entries
00:00:02.426988 L1 Instr Cache Line Size:        0 bytes
00:00:02.426988 L1 Instr Cache Lines Per Tag:    0
00:00:02.426989 L1 Instr Cache Associativity:    res0  
00:00:02.426990 L1 Instr Cache Size:             0 KB
00:00:02.426990 L1 Data Cache Line Size:         0 bytes
00:00:02.426991 L1 Data Cache Lines Per Tag:     0
00:00:02.426992 L1 Data Cache Associativity:     res0  
00:00:02.426992 L1 Data Cache Size:              0 KB
00:00:02.426993 L2 TLB 2/4M Instr/Uni:           off       0 entries
00:00:02.426994 L2 TLB 2/4M Data:                off       0 entries
00:00:02.426995 L2 TLB 4K Instr/Uni:             off       0 entries
00:00:02.426996 L2 TLB 4K Data:                  off       0 entries
00:00:02.426997 L2 Cache Line Size:              0 bytes
00:00:02.426998 L2 Cache Lines Per Tag:          0
00:00:02.426998 L2 Cache Associativity:          off   
00:00:02.426999 L2 Cache Size:                   0 KB
00:00:02.427003 APM Features:                   
00:00:02.427004 Physical Address Width:          36 bits
00:00:02.427005 Virtual Address Width:           48 bits
00:00:02.427006 Guest Physical Address Width:    0 bits
00:00:02.427006 Physical Core Count:             0
00:00:02.427007 
00:00:02.427008          RAW Centaur CPUIDs
00:00:02.427008      Function  eax      ebx      ecx      edx
00:00:02.427009 Gst: c0000000  07280202 00000000 00000000 00000503
00:00:02.427010 Hst:           07280202 00000000 00000000 00000503
00:00:02.427012 Gst: c0000001  07280202 00000000 00000000 00000503
00:00:02.427014 Hst:           07280202 00000000 00000000 00000503
00:00:02.427015 Gst: c0000002  07280202 00000000 00000000 00000503
00:00:02.427017 Hst:           07280202 00000000 00000000 00000503
00:00:02.427018 Gst: c0000003  07280202 00000000 00000000 00000503
00:00:02.427019 Hst:           07280202 00000000 00000000 00000503
00:00:02.427021 Centaur Supports:                0xc0000000-0x07280202
00:00:02.427022 Mnemonic - Description                 = guest (host)
00:00:02.427023 AIS - Alternate Instruction Set        = 0 (1)
00:00:02.427024 AIS-E - AIS enabled                    = 0 (1)
00:00:02.427025 RNG - Random Number Generator          = 0 (0)
00:00:02.427026 RNG-E - RNG enabled                    = 0 (0)
00:00:02.427026 LH - LongHaul MSR 0000_110Ah           = 0 (0)
00:00:02.427027 FEMMS - FEMMS                          = 0 (0)
00:00:02.427028 ACE - Advanced Cryptography Engine     = 0 (0)
00:00:02.427029 ACE-E - ACE enabled                    = 0 (0)
00:00:02.427030 ACE2 - Advanced Cryptography Engine 2  = 0 (1)
00:00:02.427031 ACE2-E - ACE enabled                   = 0 (0)
00:00:02.427032 PHE - Padlock Hash Engine              = 0 (1)
00:00:02.427033 PHE-E - PHE enabled                    = 0 (0)
00:00:02.427034 PMM - Montgomery Multiplier            = 0 (0)
00:00:02.427035 PMM-E - PMM enabled                    = 0 (0)
00:00:02.427035 14 - Reserved                          = 0 (0)
00:00:02.427036 15 - Reserved                          = 0 (0)
00:00:02.427037 Parallax                               = 0 (0)
00:00:02.427038 Parallax enabled                       = 0 (0)
00:00:02.427039 Overstress                             = 0 (0)
00:00:02.427040 Overstress enabled                     = 0 (0)
00:00:02.427041 TM3 - Temperature Monitoring 3         = 0 (0)
00:00:02.427042 TM3-E - TM3 enabled                    = 0 (0)
00:00:02.427042 RNG2 - Random Number Generator 2       = 0 (0)
00:00:02.427043 RNG2-E - RNG2 enabled                  = 0 (0)
00:00:02.427044 24 - Reserved                          = 0 (0)
00:00:02.427045 PHE2 - Padlock Hash Engine 2           = 0 (0)
00:00:02.427046 PHE2-E - PHE2 enabled                  = 0 (0)
00:00:02.427047 
00:00:02.427048 
00:00:02.427048 ******************** End of CPUID dump **********************
00:00:02.427266 HWACCM: Host CR4=00000660
00:00:02.427274 HWACCM: MSR_IA32_FEATURE_CONTROL      = 5
00:00:02.427275 HWACCM: MSR_IA32_VMX_BASIC_INFO       = 5a08000000000d
00:00:02.427276 HWACCM: VMCS id                       = d
00:00:02.427277 HWACCM: VMCS size                     = 800
00:00:02.427278 HWACCM: VMCS physical address limit   = None
00:00:02.427279 HWACCM: VMCS memory type              = 6
00:00:02.427280 HWACCM: Dual monitor treatment        = 1
00:00:02.427281 HWACCM: MSR_IA32_VMX_PINBASED_CTLS    = 3f00000016
00:00:02.427288 HWACCM:    VMX_VMCS_CTRL_PIN_EXEC_CONTROLS_EXT_INT_EXIT
00:00:02.427289 HWACCM:    VMX_VMCS_CTRL_PIN_EXEC_CONTROLS_NMI_EXIT
00:00:02.427290 HWACCM:    VMX_VMCS_CTRL_PIN_EXEC_CONTROLS_VIRTUAL_NMI
00:00:02.427291 HWACCM: MSR_IA32_VMX_PROCBASED_CTLS   = f7f9fffe0401e172
00:00:02.427296 HWACCM:    VMX_VMCS_CTRL_PROC_EXEC_CONTROLS_IRQ_WINDOW_EXIT
00:00:02.427299 HWACCM:    VMX_VMCS_CTRL_PROC_EXEC_CONTROLS_TSC_OFFSET
00:00:02.427300 HWACCM:    VMX_VMCS_CTRL_PROC_EXEC_CONTROLS_HLT_EXIT
00:00:02.427301 HWACCM:    VMX_VMCS_CTRL_PROC_EXEC_CONTROLS_INVLPG_EXIT
00:00:02.427302 HWACCM:    VMX_VMCS_CTRL_PROC_EXEC_CONTROLS_MWAIT_EXIT
00:00:02.427302 HWACCM:    VMX_VMCS_CTRL_PROC_EXEC_CONTROLS_RDPMC_EXIT
00:00:02.427303 HWACCM:    VMX_VMCS_CTRL_PROC_EXEC_CONTROLS_RDTSC_EXIT
00:00:02.427304 HWACCM:    VMX_VMCS_CTRL_PROC_EXEC_CONTROLS_CR3_LOAD_EXIT
00:00:02.427304 HWACCM:    VMX_VMCS_CTRL_PROC_EXEC_CONTROLS_CR3_STORE_EXIT
00:00:02.427305 HWACCM:    VMX_VMCS_CTRL_PROC_EXEC_CONTROLS_CR8_LOAD_EXIT
00:00:02.427306 HWACCM:    VMX_VMCS_CTRL_PROC_EXEC_CONTROLS_CR8_STORE_EXIT
00:00:02.427306 HWACCM:    VMX_VMCS_CTRL_PROC_EXEC_CONTROLS_USE_TPR_SHADOW
00:00:02.427307 HWACCM:    VMX_VMCS_CTRL_PROC_EXEC_CONTROLS_NMI_WINDOW_EXIT
00:00:02.427308 HWACCM:    VMX_VMCS_CTRL_PROC_EXEC_CONTROLS_MOV_DR_EXIT
00:00:02.427309 HWACCM:    VMX_VMCS_CTRL_PROC_EXEC_CONTROLS_UNCOND_IO_EXIT
00:00:02.427309 HWACCM:    VMX_VMCS_CTRL_PROC_EXEC_CONTROLS_USE_IO_BITMAPS
00:00:02.427310 HWACCM:    VMX_VMCS_CTRL_PROC_EXEC_CONTROLS_USE_MSR_BITMAPS
00:00:02.427311 HWACCM:    VMX_VMCS_CTRL_PROC_EXEC_CONTROLS_MONITOR_EXIT
00:00:02.427312 HWACCM:    VMX_VMCS_CTRL_PROC_EXEC_CONTROLS_PAUSE_EXIT
00:00:02.427313 HWACCM:    VMX_VMCS_CTRL_PROC_EXEC_USE_SECONDARY_EXEC_CTRL
00:00:02.427313 HWACCM:    VMX_VMCS_CTRL_PROC_EXEC_CONTROLS_CR3_LOAD_EXIT *must* be set
00:00:02.427314 HWACCM:    VMX_VMCS_CTRL_PROC_EXEC_CONTROLS_CR3_STORE_EXIT *must* be set
00:00:02.427316 HWACCM: MSR_IA32_VMX_PROCBASED_CTLS2  = 4100000000
00:00:02.427317 HWACCM:    VMX_VMCS_CTRL_PROC_EXEC2_VIRT_APIC
00:00:02.427318 HWACCM:    VMX_VMCS_CTRL_PROC_EXEC2_WBINVD_EXIT
00:00:02.427319 HWACCM: MSR_IA32_VMX_ENTRY_CTLS       = 3fff000011ff
00:00:02.427320 HWACCM:    VMX_VMCS_CTRL_ENTRY_CONTROLS_LOAD_DEBUG
00:00:02.427321 HWACCM:    VMX_VMCS_CTRL_ENTRY_CONTROLS_IA64_MODE
00:00:02.427322 HWACCM:    VMX_VMCS_CTRL_ENTRY_CONTROLS_ENTRY_SMM
00:00:02.427325 HWACCM:    VMX_VMCS_CTRL_ENTRY_CONTROLS_DEACTIVATE_DUALMON
00:00:02.427326 HWACCM:    VMX_VMCS_CTRL_ENTRY_CONTROLS_LOAD_GUEST_PERF_MSR
00:00:02.427330 HWACCM:    VMX_VMCS_CTRL_ENTRY_CONTROLS_LOAD_DEBUG *must* be set
00:00:02.427331 HWACCM: MSR_IA32_VMX_EXIT_CTLS        = 3ffff00036dff
00:00:02.427333 HWACCM:    VMX_VMCS_CTRL_EXIT_CONTROLS_SAVE_DEBUG
00:00:02.427334 HWACCM:    VMX_VMCS_CTRL_EXIT_CONTROLS_HOST_AMD64
00:00:02.427334 HWACCM:    VMX_VMCS_CTRL_EXIT_CONTROLS_ACK_EXTERNAL_IRQ
00:00:02.427335 HWACCM:    VMX_VMCS_CTRL_EXIT_CONTROLS_SAVE_DEBUG *must* be set
00:00:02.427336 HWACCM: MSR_IA32_VMX_MISC             = 403c0
00:00:02.427337 HWACCM:    MSR_IA32_VMX_MISC_PREEMPT_TSC_BIT 0
00:00:02.427338 HWACCM:    MSR_IA32_VMX_MISC_ACTIVITY_STATES 7
00:00:02.427339 HWACCM:    MSR_IA32_VMX_MISC_CR3_TARGET      4
00:00:02.427340 HWACCM:    MSR_IA32_VMX_MISC_MAX_MSR         200
00:00:02.427341 HWACCM:    MSR_IA32_VMX_MISC_MSEG_ID         0
00:00:02.427341 HWACCM: MSR_IA32_VMX_CR0_FIXED0       = 80000021
00:00:02.427342 HWACCM: MSR_IA32_VMX_CR0_FIXED1       = ffffffff
00:00:02.427344 HWACCM: MSR_IA32_VMX_CR4_FIXED0       = 2000
00:00:02.427345 HWACCM: MSR_IA32_VMX_CR4_FIXED1       = 27ff
00:00:02.427346 HWACCM: MSR_IA32_VMX_VMCS_ENUM        = 2c
00:00:02.427347 HWACCM: TPR shadow physaddr           = 0000000002489000
00:00:02.427348 HWACCM: VCPU0: MSR bitmap physaddr    = 000000000249d000
00:00:02.427349 HWACCM: VCPU0: VMCS physaddr          = 0000000003475000
00:00:02.427357 HWACCM: Real Mode TSS guest physaddr  = 00000000f0800000
00:00:02.427358 HWACCM: Non-Paging Mode EPT CR3       = 00000000f0803000
00:00:02.427386 CPUMSetGuestCpuIdFeature: Enabled sysenter/exit
00:00:02.427387 HM: NX not supported by the host
00:00:02.427388 HWACCM: 32-bit guests supported.
00:00:02.427388 HWACCM: VMX enabled!
00:00:02.427389 HWACCM: TPR Patching disabled.
00:00:02.427390 HWACCM:    VT-x/AMD-V init method: LOCAL
00:00:02.434845 VM: Halt method global1 (5)
00:00:02.434887 HaltedGlobal1 config: cNsSpinBlockThresholdCfg=2000
00:00:02.434895 Changing the VM state from 'CREATING' to 'CREATED'.
00:00:02.435719 Changing the VM state from 'CREATED' to 'POWERING_ON'.
00:00:02.435857 Changing the VM state from 'POWERING_ON' to 'RUNNING'.
00:00:02.462827 Guest Log: BIOS: VirtualBox 4.2.10
00:00:02.463306 PIT: mode=2 count=0x10000 (65536) - 18.20 Hz (ch=0)
00:00:02.498942 Display::handleDisplayResize(): uScreenId = 0, pvVRAM=00000000 w=720 h=400 bpp=0 cbLine=0x0, flags=0x1
00:00:02.503525 PIIX3 ATA: Ctl#0: RESET, DevSel=0 AIOIf=0 CmdIf0=0x00 (-1 usec ago) CmdIf1=0x00 (-1 usec ago)
00:00:02.503676 PIIX3 ATA: Ctl#0: finished processing RESET
00:00:02.504866 Guest Log: BIOS: ata0-0: PCHS=406/16/63 LCHS=406/16/63
00:00:02.511970 PIIX3 ATA: Ctl#0: RESET, DevSel=1 AIOIf=0 CmdIf0=0xec (-1 usec ago) CmdIf1=0x00 (-1 usec ago)
00:00:02.515771 PIIX3 ATA: Ctl#0: finished processing RESET
00:00:02.515990 PIIX3 ATA: Ctl#1: RESET, DevSel=0 AIOIf=0 CmdIf0=0x00 (-1 usec ago) CmdIf1=0x00 (-1 usec ago)
00:00:02.516062 PIIX3 ATA: Ctl#1: finished processing RESET
00:00:02.556910 PIT: mode=2 count=0x48d3 (18643) - 64.00 Hz (ch=0)
00:00:02.565731 Display::handleDisplayResize(): uScreenId = 0, pvVRAM=1adc2000 w=640 h=480 bpp=32 cbLine=0xA00, flags=0x1
00:00:02.695115 2D video acceleration is disabled.
00:00:05.035633 Display::handleDisplayResize(): uScreenId = 0, pvVRAM=00000000 w=720 h=400 bpp=0 cbLine=0x0, flags=0x1
00:00:05.044647 PIT: mode=2 count=0x10000 (65536) - 18.20 Hz (ch=0)
00:00:05.045319 Guest Log: BIOS: Boot : bseqnr=1, bootseq=0231
00:00:05.045861 Guest Log: BIOS: Boot from Floppy 0 failed
00:00:05.046744 Guest Log: BIOS: Boot : bseqnr=2, bootseq=0023
00:00:05.068346 Guest Log: BIOS: CDROM boot failure code : 0004
00:00:05.068842 Guest Log: BIOS: Boot from CD-ROM failed
00:00:05.069425 Guest Log: BIOS: Boot : bseqnr=3, bootseq=0002
00:00:05.070105 Guest Log: BIOS: Booting from Hard Disk...
00:00:05.072462 PIIX3 ATA: Ctl#0: RESET, DevSel=0 AIOIf=0 CmdIf0=0xc4 (-1 usec ago) CmdIf1=0x00 (-1 usec ago)
00:00:05.072510 PIIX3 ATA: Ctl#0: finished processing RESET
00:00:05.116181 PIIX3 ATA: Ctl#0: RESET, DevSel=0 AIOIf=0 CmdIf0=0xc4 (-1 usec ago) CmdIf1=0x00 (-1 usec ago)
00:00:05.116239 PIIX3 ATA: Ctl#0: finished processing RESET
00:00:05.120295 Guest Log: int13_harddisk_ext: function 41, unmapped device for ELDL=81
00:00:05.121346 Guest Log: int13_harddisk: function 08, unmapped device for ELDL=81
00:00:05.812891 Guest Log: BIOS: KBD: unsupported int 16h function 03
00:00:05.813586 Guest Log: BIOS: AX=0305 BX=0000 CX=0000 DX=0000 
00:00:06.084524 PIT: mode=2 count=0xf89 (3977) - 300.02 Hz (ch=0)
00:00:06.491486 PIT: mode=0 count=0x10000 (65536) - 18.20 Hz (ch=0)
00:00:06.679165 PIIX3 ATA: Ctl#0: RESET, DevSel=0 AIOIf=0 CmdIf0=0xc4 (-1 usec ago) CmdIf1=0x00 (-1 usec ago)
00:00:06.679245 PIIX3 ATA: Ctl#0: finished processing RESET
00:00:06.687207 PIIX3 ATA: Ctl#1: RESET, DevSel=0 AIOIf=0 CmdIf0=0xa0 (-1 usec ago) CmdIf1=0x00 (-1 usec ago)
00:00:06.687268 PIIX3 ATA: Ctl#1: finished processing RESET
00:00:06.687356 OHCI: Software reset
00:00:06.687507 OHCI: USB Operational
00:00:10.132481 PCNet#0: Init: ss32=1 GCRDRA=0x0e07d000[32] GCTDRA=0x0e07c000[16]
00:09:18.391255 Changing the VM state from 'RUNNING' to 'SUSPENDING'.
00:09:18.391255 PDMR3Suspend: 20 ns run time
00:09:18.391255 Changing the VM state from 'SUSPENDING' to 'SUSPENDED'.
00:09:21.532849 Console::powerDown(): A request to power off the VM has been issued (mMachineState=Stopping, InUninit=0)
00:09:21.535422 Changing the VM state from 'SUSPENDED' to 'POWERING_OFF'.
00:09:21.535444 ****************** Guest state at power off ******************
00:09:21.535451 Guest CPUM (VCPU 0) state: 
00:09:21.535469 eax=00000000 ebx=c0502000 ecx=00000000 edx=00000000 esi=00000000 edi=c0505000
00:09:21.535472 eip=c01081cb esp=c0503fe0 ebp=0083c003 iopl=0         nv up ei pl nz na po nc
00:09:21.535475 cs={0060 base=0000000000000000 limit=ffffffff flags=0000c09b} dr0=00000000 dr1=00000000
00:09:21.535479 ds={007b base=0000000000000000 limit=ffffffff flags=0000c0f3} dr2=00000000 dr3=00000000
00:09:21.535481 es={007b base=0000000000000000 limit=ffffffff flags=0000c0f3} dr4=00000000 dr5=00000000
00:09:21.535484 fs={00d8 base=000000000ee45000 limit=ffffffff flags=00008093} dr6=ffff0ff0 dr7=00000400
00:09:21.535487 gs={0000 base=0000000000000000 limit=ffffffff flags=0001c000} cr0=8005003b cr2=b76ff834
00:09:21.535490 ss={0068 base=0000000000000000 limit=ffffffff flags=0000c093} cr3=0f2d5000 cr4=000006d0
00:09:21.535492 gdtr=00000000cf400000:00ff  idtr=00000000c0505000:07ff  eflags=00000246
00:09:21.535495 ldtr={0000 base=00000000 limit=00000000 flags=00000082}
00:09:21.535497 tr  ={0080 base=cf403440 limit=0000206b flags=0000008b}
00:09:21.535498 SysEnter={cs=0060 eip=c0424a60 esp=cf4055c0}
00:09:21.535500 FCW=037f FSW=4000 FTW=0000 FOP=05d8 MXCSR=00001f80 MXCSR_MASK=0000ffff
00:09:21.535502 FPUIP=b7673d08 CS=0073 Rsrvd1=0000  FPUDP=00000000 DS=007b Rsvrd2=0000
00:09:21.535505 ST(0)=FPR0={ffff'00000000'00000001} t0 -0.0000000000000000000001 ^ 32767
00:09:21.535512 ST(1)=FPR1={ffff'00000000'00000001} t0 -0.0000000000000000000001 ^ 32767
00:09:21.535515 ST(2)=FPR2={ffff'00000000'00000001} t0 -0.0000000000000000000001 ^ 32767
00:09:21.535518 ST(3)=FPR3={ffff'00000000'00000001} t0 -0.0000000000000000000001 ^ 32767
00:09:21.535520 ST(4)=FPR4={ffff'00000000'00000001} t0 -0.0000000000000000000001 ^ 32767
00:09:21.535523 ST(5)=FPR5={ffff'00000000'00000001} t0 -0.0000000000000000000001 ^ 32767
00:09:21.535526 ST(6)=FPR6={ffff'00000000'00000001} t0 -0.0000000000000000000001 ^ 32767
00:09:21.535529 ST(7)=FPR7={ffff'00000000'00000001} t0 -0.0000000000000000000001 ^ 32767
00:09:21.535532 XMM0 =00000000'00000000'00000000'00000000  XMM1 =00000000'00000000'00000000'00000000
00:09:21.535535 XMM2 =00000000'00000000'00000000'00000000  XMM3 =00000000'00000000'00000000'00000000
00:09:21.535539 XMM4 =00000000'00000000'00000000'00000000  XMM5 =00000000'00000000'00000000'00000000
00:09:21.535542 XMM6 =00000000'00000000'00000000'00000000  XMM7 =00000000'00000000'00000000'00000000
00:09:21.535545 XMM8 =00000000'00000000'00000000'00000000  XMM9 =00000000'00000000'00000000'00000000
00:09:21.535549 XMM10=00000000'00000000'00000000'00000000  XMM11=00000000'00000000'00000000'00000000
00:09:21.535552 XMM12=00000000'00000000'00000000'00000000  XMM13=00000000'00000000'00000000'00000000
00:09:21.535556 XMM14=00000000'00000000'00000000'00000000  XMM15=00000000'00000000'00000000'00000000
00:09:21.535559 EFER         =0000000000000000
00:09:21.535560 PAT          =0007010600070106
00:09:21.535561 STAR         =0000000000000000
00:09:21.535562 CSTAR        =0000000000000000
00:09:21.535563 LSTAR        =0000000000000000
00:09:21.535563 SFMASK       =0000000000000000
00:09:21.535564 KERNELGSBASE =0000000000000000
00:09:21.535565 ***
00:09:21.535569 Guest paging mode:  32-bit (changed 3929 times), A20 enabled (changed 2 times)
00:09:21.535571 Shadow paging mode: PAE
00:09:21.535572 Host paging mode:   AMD64+G+NX
00:09:21.535573 ***
00:09:21.535577 Active Timers (pVM=16adc000)
00:09:21.535578 pTimerR3 offNext  offPrev  offSched Clock               Time             Expire HzHint State                     Description
00:09:21.535583 190ec390 00007cb0 00000000 00000000 Real           476951857          476948726      0 2-ACTIVE                  VGA Refresh Timer
00:09:21.535588 190f4040 ffffffa0 ffff8350 00000000 Real           476951857          476948735      0 2-ACTIVE                  EMT Yielder
00:09:21.535593 190f3fe0 00000000 00000060 00000000 Real           476951857          476948937      0 2-ACTIVE                  CPU Load Timer
00:09:21.535597 190f07f0 000006d0 00000000 00000000 Virt        555934718772       555936718766      0 2-ACTIVE                  PCNet Poll Timer
00:09:21.535602 190f0ec0 00000ea0 fffff930 00000000 Virt        555934718772       555939718767      0 2-ACTIVE                  Audio timer
00:09:21.535607 190f1d60 00000000 fffff160 00000000 Virt        555934718772       555947526208      0 2-ACTIVE                  USB Frame Timer
00:09:21.535612 190d8b40 fffff3a0 00000000 00000000 VrSy        555934300230       555990000000      0 2-ACTIVE                  MC146818 RTC/CMOS - Second
00:09:21.535617 190d7ee0 0001b850 00000c60 00000000 VrSy        555934300230       556155162957      2 2-ACTIVE                  APIC Timer #0
00:09:21.535621 190f3730 00000000 fffe47b0 00000000 VrSy        555934300230      1199864031601      0 2-ACTIVE                  ACPI PM Timer
00:09:21.535626 ***
00:09:21.535630 Shadow GDT (GCAddr=ff64e000):
00:09:21.535657 ffd8 - 81980087 ff008940 - base=ff408198 limit=00000087 dpl=0 TSS32Avail Present 16-bit  HyperTSSTrap08
00:09:21.535659 ffe0 - 81100087 ff008940 - base=ff408110 limit=00000087 dpl=0 TSS32Avail Present 16-bit  HyperTSS
00:09:21.535662 ffe8 - 0000ffff 00af9b00 - base=00000000 limit=ffffffff dpl=0 CodeER Accessed Present Page 16-bit  HyperCS64
00:09:21.535664 fff0 - 0000ffff 00cf9300 - base=00000000 limit=ffffffff dpl=0 DataRW Accessed Present Page 32-bit  HyperDS
00:09:21.535667 fff8 - 0000ffff 00cf9b00 - base=00000000 limit=ffffffff dpl=0 CodeER Accessed Present Page 32-bit  HyperCS
00:09:21.535668 ***
00:09:21.535669 ************** End of Guest state at power off ***************
00:09:21.535717 PDMR3PowerOff: 8 186 ns run time
00:09:21.535724 Changing the VM state from 'POWERING_OFF' to 'OFF'.
00:09:21.538262 Changing the VM state from 'OFF' to 'DESTROYING'.
00:09:21.538305 ************************* Statistics *************************
00:09:21.538376 /Devices/IDE0/ATA0/Unit0/AtapiDMA        0 times
00:09:21.538385 /Devices/IDE0/ATA0/Unit0/AtapiPIO        0 times
00:09:21.538391 /Devices/IDE0/ATA0/Unit0/DMA          262 times
00:09:21.538397 /Devices/IDE0/ATA0/Unit0/PIO          325 times
00:09:21.538403 /Devices/IDE0/ATA0/Unit0/ReadBytes 12710912 bytes
00:09:21.538408 /Devices/IDE0/ATA0/Unit0/WrittenBytes    22528 bytes
00:09:21.538414 /Devices/IDE0/ATA0/Unit1/AtapiDMA        0 times
00:09:21.538420 /Devices/IDE0/ATA0/Unit1/AtapiPIO        0 times
00:09:21.538426 /Devices/IDE0/ATA0/Unit1/DMA            0 times
00:09:21.538431 /Devices/IDE0/ATA0/Unit1/PIO            0 times
00:09:21.538437 /Devices/IDE0/ATA0/Unit1/ReadBytes        0 bytes
00:09:21.538442 /Devices/IDE0/ATA0/Unit1/WrittenBytes        0 bytes
00:09:21.538448 /Devices/IDE0/ATA1/Unit0/AtapiDMA        1 times
00:09:21.538454 /Devices/IDE0/ATA1/Unit0/AtapiPIO        3 times
00:09:21.538459 /Devices/IDE0/ATA1/Unit0/DMA            0 times
00:09:21.538465 /Devices/IDE0/ATA1/Unit0/PIO            0 times
00:09:21.538471 /Devices/IDE0/ATA1/Unit0/ReadBytes     2048 bytes
00:09:21.538476 /Devices/IDE0/ATA1/Unit0/WrittenBytes        0 bytes
00:09:21.538482 /Devices/IDE0/ATA1/Unit1/AtapiDMA        0 times
00:09:21.538488 /Devices/IDE0/ATA1/Unit1/AtapiPIO        0 times
00:09:21.538493 /Devices/IDE0/ATA1/Unit1/DMA            0 times
00:09:21.538499 /Devices/IDE0/ATA1/Unit1/PIO            0 times
00:09:21.538505 /Devices/IDE0/ATA1/Unit1/ReadBytes        0 bytes
00:09:21.538511 /Devices/IDE0/ATA1/Unit1/WrittenBytes        0 bytes
00:09:21.538516 /Devices/PCNet0/ReceiveBytes        37369 bytes
00:09:21.538522 /Devices/PCNet0/TransmitBytes       18639 bytes
00:09:21.538528 /Devices/VMMDev/BalloonChunks           0 count
00:09:21.538534 /Drivers/IntNet-0/BadFrames             0 count
00:09:21.538540 /Drivers/IntNet-0/Bytes/Received    37243 bytes
00:09:21.538546 /Drivers/IntNet-0/Bytes/Sent        18639 bytes
00:09:21.538552 /Drivers/IntNet-0/Overflows/Recv        0 count
00:09:21.538558 /Drivers/IntNet-0/Overflows/Sent        0 count
00:09:21.538563 /Drivers/IntNet-0/Packets/Lost          0 count
00:09:21.538569 /Drivers/IntNet-0/Packets/Received      133 count
00:09:21.538575 /Drivers/IntNet-0/Packets/Received-Gso        0 count
00:09:21.538580 /Drivers/IntNet-0/Packets/Sent         57 count
00:09:21.538586 /Drivers/IntNet-0/Packets/Sent-Gso        0 count
00:09:21.538591 /Drivers/IntNet-0/Packets/Sent-R0        0 count
00:09:21.538617 /Drivers/IntNet-0/Recv1                 0 ticks/call (           0 ticks,       0 times, max         0, min      -1)
00:09:21.538625 /Drivers/IntNet-0/Recv2                 0 ticks/call (           0 ticks,       0 times, max         0, min      -1)
00:09:21.538632 /Drivers/IntNet-0/Reserved              0 ticks/call (           0 ticks,       0 times, max         0, min      -1)
00:09:21.538639 /Drivers/IntNet-0/Send1             78208 ticks/call (     4457882 ticks,      57 times, max    198042, min   52351)
00:09:21.538647 /Drivers/IntNet-0/Send2             44015 ticks/call (     2508857 ticks,      57 times, max    161018, min   31863)
00:09:21.538654 /Drivers/IntNet-0/XmitProcessRing        0 count
00:09:21.538660 /Drivers/IntNet-0/XmitWakeup-R0         0 count
00:09:21.538665 /Drivers/IntNet-0/XmitWakeup-R3         0 count
00:09:21.538671 /Drivers/IntNet-0/YieldNok              0 count
00:09:21.538677 /Drivers/IntNet-0/YieldOk               0 count
00:09:21.538682 /FT/Checkpoint/Network                  0 times
00:09:21.538688 /FT/Checkpoint/Storage                  0 times
00:09:21.538694 /FT/Received/Mem                        0 bytes
00:09:21.538700 /FT/Received/State                      0 bytes
00:09:21.538706 /FT/Sent/Mem                            0 bytes
00:09:21.538713 /FT/Sent/State                          0 bytes
00:09:21.538719 /FT/Sync/DeltaMem                       0 times
00:09:21.538725 /FT/Sync/DeltaVM                        0 times
00:09:21.538731 /FT/Sync/Full                           0 times
00:09:21.538737 /GMM/VM/Allocated/cBasePages        11893 pages
00:09:21.538743 /GMM/VM/Allocated/cFixedPages           0 pages
00:09:21.538749 /GMM/VM/Allocated/cShadowPages          0 pages
00:09:21.538755 /GMM/VM/Reserved/cBasePages         65694 pages
00:09:21.538761 /GMM/VM/Reserved/cFixedPages         4228 pages
00:09:21.538766 /GMM/VM/Reserved/cShadowPages           1 pages
00:09:21.538772 /GMM/VM/cBalloonedPages                 0 pages
00:09:21.538778 /GMM/VM/cMaxBalloonedPages              0 pages
00:09:21.538784 /GMM/VM/cPrivatePages               11893 pages
00:09:21.538790 /GMM/VM/cReqActuallyBalloonedPages        0 pages
00:09:21.538796 /GMM/VM/cReqBalloonedPages              0 pages
00:09:21.538802 /GMM/VM/cReqDeflatePages                0 pages
00:09:21.538808 /GMM/VM/cShareableModules               0 count
00:09:21.538813 /GMM/VM/cSharedPages                    0 pages
00:09:21.538820 /GMM/VM/enmPolicy                       1 
00:09:21.538826 /GMM/VM/enmPriority                     2 
00:09:21.538832 /GMM/VM/fBallooningEnabled       false    
00:09:21.538837 /GMM/VM/fMayAllocate             false    
00:09:21.538843 /GMM/VM/fSharedPagingEnabled     false    
00:09:21.538849 /GMM/cAllocatedPages                37806 pages
00:09:21.538855 /GMM/cBalloonedPages                    0 pages
00:09:21.538861 /GMM/cChunks                           75 count
00:09:21.538867 /GMM/cDuplicatePages                    0 pages
00:09:21.538874 /GMM/cFreedChunks                     389 count
00:09:21.538880 /GMM/cLeftBehindSharedPages             0 pages
00:09:21.538886 /GMM/cMaxPages                   4294967295 pages
00:09:21.538892 /GMM/cOverCommittedPages                0 pages
00:09:21.538898 /GMM/cReservedPages                139846 pages
00:09:21.538904 /GMM/cShareableModules                  0 count
00:09:21.538910 /GMM/cSharedPages                       0 pages
00:09:21.538916 /GVMM/EMTs                              2 calls
00:09:21.538922 /GVMM/HostCPUs                          2 calls
00:09:21.538928 /GVMM/HostCpus/0                        0 
00:09:21.538934 /GVMM/HostCpus/0/CurTimerHz             0 Hz
00:09:21.538940 /GVMM/HostCpus/0/DesiredHz              0 Hz
00:09:21.538946 /GVMM/HostCpus/0/PPTChanges             0 times
00:09:21.538951 /GVMM/HostCpus/0/PPTStarts              0 times
00:09:21.538957 /GVMM/HostCpus/0/idxCpuSet              0 
00:09:21.538963 /GVMM/HostCpus/1                        1 
00:09:21.538969 /GVMM/HostCpus/1/CurTimerHz             0 Hz
00:09:21.538974 /GVMM/HostCpus/1/DesiredHz              0 Hz
00:09:21.538989 /GVMM/HostCpus/1/PPTChanges             0 times
00:09:21.538996 /GVMM/HostCpus/1/PPTStarts              0 times
00:09:21.539001 /GVMM/HostCpus/1/idxCpuSet              1 
00:09:21.539007 /GVMM/Sum/HaltBlocking            2097964 calls
00:09:21.539013 /GVMM/Sum/HaltCalls               2125165 calls
00:09:21.539019 /GVMM/Sum/HaltNotBlocking           27201 calls
00:09:21.539025 /GVMM/Sum/HaltTimeouts            1702312 calls
00:09:21.539031 /GVMM/Sum/HaltWakeUps                   0 calls
00:09:21.539037 /GVMM/Sum/PokeCalls                   222 calls
00:09:21.539044 /GVMM/Sum/PokeNotBusy                  35 calls
00:09:21.539050 /GVMM/Sum/PollCalls                   507 calls
00:09:21.539056 /GVMM/Sum/PollHalts                     0 calls
00:09:21.539062 /GVMM/Sum/PollWakeUps                   0 calls
00:09:21.539067 /GVMM/Sum/WakeUpCalls              400942 calls
00:09:21.539074 /GVMM/Sum/WakeUpNotHalted          359854 calls
00:09:21.539080 /GVMM/Sum/WakeUpWakeUps                 0 calls
00:09:21.539086 /GVMM/VM/HaltBlocking              420252 calls
00:09:21.539092 /GVMM/VM/HaltCalls                 428334 calls
00:09:21.539098 /GVMM/VM/HaltNotBlocking             8082 calls
00:09:21.539104 /GVMM/VM/HaltTimeouts              402753 calls
00:09:21.539110 /GVMM/VM/HaltWakeUps                    0 calls
00:09:21.539116 /GVMM/VM/PokeCalls                     67 calls
00:09:21.539122 /GVMM/VM/PokeNotBusy                    9 calls
00:09:21.539128 /GVMM/VM/PollCalls                      5 calls
00:09:21.539134 /GVMM/VM/PollHalts                      0 calls
00:09:21.539140 /GVMM/VM/PollWakeUps                    0 calls
00:09:21.539146 /GVMM/VM/WakeUpCalls                17795 calls
00:09:21.539152 /GVMM/VM/WakeUpNotHalted             5630 calls
00:09:21.539158 /GVMM/VM/WakeUpWakeUps                  0 calls
00:09:21.539164 /GVMM/VMs                               2 calls
00:09:21.539171 /IEM/CPU0/cInstructions                 0 count
00:09:21.539177 /IEM/CPU0/cPotentialExits               0 count
00:09:21.539183 /IEM/CPU0/cRetAspectNotImplemented        0 count
00:09:21.539188 /IEM/CPU0/cRetErrStatuses               0 count
00:09:21.539194 /IEM/CPU0/cRetInfStatuses               0 count
00:09:21.539200 /IEM/CPU0/cRetInstrNotImplemented        0 count
00:09:21.539206 /IEM/CPU0/cbWritten                     0 bytes
00:09:21.539212 /MM/HyperHeap/cbFree               823744 bytes
00:09:21.539219 /MM/HyperHeap/cbHeap              1048384 bytes
00:09:21.539225 /PDM/BlkCache/cbCached                  0 bytes
00:09:21.539231 /PDM/BlkCache/cbCachedFru               0 bytes
00:09:21.539237 /PDM/BlkCache/cbCachedMruIn             0 bytes
00:09:21.539243 /PDM/BlkCache/cbCachedMruOut            0 bytes
00:09:21.539249 /PDM/BlkCache/cbMax               5242880 bytes
00:09:21.539255 /PDM/CritSects/8237A#0 Auto/ContentionR3        0 times
00:09:21.539261 /PDM/CritSects/8237A#0 Auto/ContentionRZLock        0 times
00:09:21.539267 /PDM/CritSects/8237A#0 Auto/ContentionRZUnlock        0 times
00:09:21.539273 /PDM/CritSects/ATA#0/ContentionR3        0 times
00:09:21.539278 /PDM/CritSects/ATA#0/ContentionRZLock        5 times
00:09:21.539284 /PDM/CritSects/ATA#0/ContentionRZUnlock        0 times
00:09:21.539290 /PDM/CritSects/ATA#1/ContentionR3        0 times
00:09:21.539296 /PDM/CritSects/ATA#1/ContentionRZLock        1 times
00:09:21.539301 /PDM/CritSects/ATA#1/ContentionRZUnlock        0 times
00:09:21.539307 /PDM/CritSects/AudioSniffer#0 Auto/ContentionR3        0 times
00:09:21.539313 /PDM/CritSects/AudioSniffer#0 Auto/ContentionRZLock        0 times
00:09:21.539352 /PDM/CritSects/AudioSniffer#0 Auto/ContentionRZUnlock        0 times
00:09:21.539360 /PDM/CritSects/EM-REM/ContentionR3        0 times
00:09:21.539366 /PDM/CritSects/EM-REM/ContentionRZLock        0 times
00:09:21.539371 /PDM/CritSects/EM-REM/ContentionRZUnlock        0 times
00:09:21.539377 /PDM/CritSects/FTM/ContentionR3         0 times
00:09:21.539383 /PDM/CritSects/FTM/ContentionRZLock        0 times
00:09:21.539389 /PDM/CritSects/FTM/ContentionRZUnlock        0 times
00:09:21.539405 /PDM/CritSects/IOM Lock/ContentionR3        0 times
00:09:21.539411 /PDM/CritSects/IOM Lock/ContentionRZLock        0 times
00:09:21.539417 /PDM/CritSects/IOM Lock/ContentionRZUnlock        0 times
00:09:21.539423 /PDM/CritSects/IntNetXmit_0/ContentionR3        0 times
00:09:21.539429 /PDM/CritSects/IntNetXmit_0/ContentionRZLock        0 times
00:09:21.539435 /PDM/CritSects/IntNetXmit_0/ContentionRZUnlock        0 times
00:09:21.539441 /PDM/CritSects/MM-HYPER/ContentionR3        0 times
00:09:21.539447 /PDM/CritSects/MM-HYPER/ContentionRZLock        0 times
00:09:21.539452 /PDM/CritSects/MM-HYPER/ContentionRZUnlock        0 times
00:09:21.539458 /PDM/CritSects/NOP/ContentionR3         0 times
00:09:21.539464 /PDM/CritSects/NOP/ContentionRZLock        0 times
00:09:21.539470 /PDM/CritSects/NOP/ContentionRZUnlock        0 times
00:09:21.539475 /PDM/CritSects/PCNet#0/ContentionR3        0 times
00:09:21.539481 /PDM/CritSects/PCNet#0/ContentionRZLock        0 times
00:09:21.539487 /PDM/CritSects/PCNet#0/ContentionRZUnlock        0 times
00:09:21.539493 /PDM/CritSects/PDM/ContentionR3         0 times
00:09:21.539499 /PDM/CritSects/PDM/ContentionRZLock        3 times
00:09:21.539504 /PDM/CritSects/PDM/ContentionRZUnlock        0 times
00:09:21.539510 /PDM/CritSects/PGM/ContentionR3         0 times
00:09:21.539516 /PDM/CritSects/PGM/ContentionRZLock        6 times
00:09:21.539522 /PDM/CritSects/PGM/ContentionRZUnlock        0 times
00:09:21.539528 /PDM/CritSects/PS2K#0/ContentionR3        0 times
00:09:21.539534 /PDM/CritSects/PS2K#0/ContentionRZLock        0 times
00:09:21.539540 /PDM/CritSects/PS2K#0/ContentionRZUnlock        0 times
00:09:21.539546 /PDM/CritSects/PS2KM#0/ContentionR3        0 times
00:09:21.539552 /PDM/CritSects/PS2KM#0/ContentionRZLock        0 times
00:09:21.539558 /PDM/CritSects/PS2KM#0/ContentionRZUnlock        0 times
00:09:21.539564 /PDM/CritSects/REM-Register/ContentionR3        0 times
00:09:21.539569 /PDM/CritSects/REM-Register/ContentionRZLock        0 times
00:09:21.539575 /PDM/CritSects/REM-Register/ContentionRZUnlock        0 times
00:09:21.539581 /PDM/CritSects/TM Timer Lock/ContentionR3        0 times
00:09:21.539587 /PDM/CritSects/TM Timer Lock/ContentionRZLock        0 times
00:09:21.539592 /PDM/CritSects/TM Timer Lock/ContentionRZUnlock        0 times
00:09:21.539598 /PDM/CritSects/TM VirtualSync Lock/ContentionR3        0 times
00:09:21.539604 /PDM/CritSects/TM VirtualSync Lock/ContentionRZLock        0 times
00:09:21.539610 /PDM/CritSects/TM VirtualSync Lock/ContentionRZUnlock        0 times
00:09:21.539616 /PDM/CritSects/VGA#u/ContentionR3        0 times
00:09:21.539622 /PDM/CritSects/VGA#u/ContentionRZLock        0 times
00:09:21.539628 /PDM/CritSects/VGA#u/ContentionRZUnlock        0 times
00:09:21.539634 /PDM/CritSects/VMMDev#0 Auto/ContentionR3        0 times
00:09:21.539639 /PDM/CritSects/VMMDev#0 Auto/ContentionRZLock        0 times
00:09:21.539645 /PDM/CritSects/VMMDev#0 Auto/ContentionRZUnlock        0 times
00:09:21.539651 /PDM/CritSects/VMMDev#u/ContentionR3        0 times
00:09:21.539656 /PDM/CritSects/VMMDev#u/ContentionRZLock        0 times
00:09:21.539662 /PDM/CritSects/VMMDev#u/ContentionRZUnlock        0 times
00:09:21.539668 /PDM/CritSects/acpi0/ContentionR3        0 times
00:09:21.539673 /PDM/CritSects/acpi0/ContentionRZLock        0 times
00:09:21.539679 /PDM/CritSects/acpi0/ContentionRZUnlock        0 times
00:09:21.539685 /PDM/CritSects/ichac97#0 Auto/ContentionR3        0 times
00:09:21.539691 /PDM/CritSects/ichac97#0 Auto/ContentionRZLock        0 times
00:09:21.539702 /PDM/CritSects/ichac97#0 Auto/ContentionRZUnlock        0 times
00:09:21.539708 /PDM/CritSects/mc146818#0 Auto/ContentionR3        0 times
00:09:21.539714 /PDM/CritSects/mc146818#0 Auto/ContentionRZLock        0 times
00:09:21.539720 /PDM/CritSects/mc146818#0 Auto/ContentionRZUnlock        0 times
00:09:21.539725 /PDM/CritSects/pcarch#0 Auto/ContentionR3        0 times
00:09:21.539731 /PDM/CritSects/pcarch#0 Auto/ContentionRZLock        0 times
00:09:21.539747 /PDM/CritSects/pcarch#0 Auto/ContentionRZUnlock        0 times
00:09:21.539753 /PDM/CritSects/pcbios#0 Auto/ContentionR3        0 times
00:09:21.539759 /PDM/CritSects/pcbios#0 Auto/ContentionRZLock        0 times
00:09:21.539765 /PDM/CritSects/pcbios#0 Auto/ContentionRZUnlock        0 times
00:09:21.539771 /PDM/CritSects/pckbd#0 Auto/ContentionR3        0 times
00:09:21.539776 /PDM/CritSects/pckbd#0 Auto/ContentionRZLock        0 times
00:09:21.539782 /PDM/CritSects/pckbd#0 Auto/ContentionRZUnlock        0 times
00:09:21.539788 /PDM/CritSects/pcnet#0 Auto/ContentionR3        0 times
00:09:21.539794 /PDM/CritSects/pcnet#0 Auto/ContentionRZLock        0 times
00:09:21.539800 /PDM/CritSects/pcnet#0 Auto/ContentionRZUnlock        0 times
00:09:21.539806 /PDM/CritSects/piix3ide#0 Auto/ContentionR3        0 times
00:09:21.539812 /PDM/CritSects/piix3ide#0 Auto/ContentionRZLock        0 times
00:09:21.539817 /PDM/CritSects/piix3ide#0 Auto/ContentionRZUnlock        0 times
00:09:21.539823 /PDM/CritSects/pit/ContentionR3         0 times
00:09:21.539829 /PDM/CritSects/pit/ContentionRZLock        0 times
00:09:21.539835 /PDM/CritSects/pit/ContentionRZUnlock        0 times
00:09:21.539840 /PDM/CritSects/usb-ohci#0 Auto/ContentionR3        0 times
00:09:21.539846 /PDM/CritSects/usb-ohci#0 Auto/ContentionRZLock        0 times
00:09:21.539852 /PDM/CritSects/usb-ohci#0 Auto/ContentionRZUnlock        0 times
00:09:21.539857 /PDM/CritSects/vga#0 Auto/ContentionR3        0 times
00:09:21.539863 /PDM/CritSects/vga#0 Auto/ContentionRZLock        0 times
00:09:21.539869 /PDM/CritSects/vga#0 Auto/ContentionRZUnlock        0 times
00:09:21.539875 /PDM/Queue/DevHlp/AllocFailures         0 times
00:09:21.539881 /PDM/Queue/DevHlp/Flush                 0 calls
00:09:21.539887 /PDM/Queue/DevHlp/FlushLeftovers        0 times
00:09:21.539892 /PDM/Queue/DevHlp/Insert                0 calls
00:09:21.539898 /PDM/Queue/DevHlp/cItems                8 count
00:09:21.539904 /PDM/Queue/DevHlp/cbItem               40 bytes
00:09:21.539910 /PDM/Queue/Keyboard/AllocFailures        0 times
00:09:21.539916 /PDM/Queue/Keyboard/Flush               0 calls
00:09:21.539922 /PDM/Queue/Keyboard/FlushLeftovers        0 times
00:09:21.539928 /PDM/Queue/Keyboard/Insert            180 calls
00:09:21.539934 /PDM/Queue/Keyboard/cItems             64 count
00:09:21.539940 /PDM/Queue/Keyboard/cbItem             16 bytes
00:09:21.539946 /PDM/Queue/Mouse/AllocFailures          0 times
00:09:21.539952 /PDM/Queue/Mouse/Flush                  0 calls
00:09:21.539958 /PDM/Queue/Mouse/FlushLeftovers         0 times
00:09:21.539963 /PDM/Queue/Mouse/Insert                 0 calls
00:09:21.539969 /PDM/Queue/Mouse/cItems               128 count
00:09:21.539975 /PDM/Queue/Mouse/cbItem                48 bytes
00:09:21.539981 /PDM/Queue/Mouse_1/AllocFailures        0 times
00:09:21.539987 /PDM/Queue/Mouse_1/Flush                0 calls
00:09:21.539993 /PDM/Queue/Mouse_1/FlushLeftovers        0 times
00:09:21.539998 /PDM/Queue/Mouse_1/Insert             120 calls
00:09:21.540005 /PDM/Queue/Mouse_1/cItems             128 count
00:09:21.540010 /PDM/Queue/Mouse_1/cbItem              48 bytes
00:09:21.540016 /PDM/Queue/PCNet-Rcv/AllocFailures        0 times
00:09:21.540022 /PDM/Queue/PCNet-Rcv/Flush              0 calls
00:09:21.540028 /PDM/Queue/PCNet-Rcv/FlushLeftovers        0 times
00:09:21.540034 /PDM/Queue/PCNet-Rcv/Insert             0 calls
00:09:21.540040 /PDM/Queue/PCNet-Rcv/cItems             1 count
00:09:21.540045 /PDM/Queue/PCNet-Rcv/cbItem            16 bytes
00:09:21.540051 /PDM/Queue/PCNet-Xmit/AllocFailures        0 times
00:09:21.540057 /PDM/Queue/PCNet-Xmit/Flush             0 calls
00:09:21.540063 /PDM/Queue/PCNet-Xmit/FlushLeftovers        0 times
00:09:21.540068 /PDM/Queue/PCNet-Xmit/Insert            0 calls
00:09:21.540074 /PDM/Queue/PCNet-Xmit/cItems            1 count
00:09:21.540080 /PDM/Queue/PCNet-Xmit/cbItem           16 bytes
00:09:21.540086 /PGM/CPU0/cA20Changes                   2 times
00:09:21.540092 /PGM/CPU0/cGuestModeChanges          3929 times
00:09:21.540108 /PGM/ChunkR3Map/Mapped                 24 count
00:09:21.540114 /PGM/ChunkR3Map/Unmapped                0 count
00:09:21.540120 /PGM/ChunkR3Map/c                      24 count
00:09:21.540127 /PGM/ChunkR3Map/cMax                 1536 count
00:09:21.540133 /PGM/LargePage/Recheck                  0 times
00:09:21.540139 /PGM/LargePage/Refused                  0 times
00:09:21.540145 /PGM/LargePage/Reused                   0 times
00:09:21.540152 /PGM/Page/cAllPages                 69797 count
00:09:21.540158 /PGM/Page/cBalloonedPages               0 count
00:09:21.540164 /PGM/Page/cHandyPages                 128 count
00:09:21.540170 /PGM/Page/cLargePages                   0 count
00:09:21.540176 /PGM/Page/cLargePagesDisabled           0 count
00:09:21.540182 /PGM/Page/cMonitoredPages               0 count
00:09:21.540188 /PGM/Page/cPrivatePages             15993 count
00:09:21.540194 /PGM/Page/cPureMmioPages                3 count
00:09:21.540199 /PGM/Page/cReadLockedPages              0 count
00:09:21.540205 /PGM/Page/cReusedSharedPages            0 count
00:09:21.540211 /PGM/Page/cSharedPages                  0 count
00:09:21.540217 /PGM/Page/cWriteLockedPages             0 count
00:09:21.540223 /PGM/Page/cWrittenToPages               0 count
00:09:21.540228 /PGM/Page/cZeroPages                53801 count
00:09:21.540234 /PGM/ShMod/Check                        0 ticks/call (           0 ticks,       0 times, max         0, min      -1)
00:09:21.540242 /PGM/cRelocations                       0 times
00:09:21.540248 /PROF/CPU0/EM/Capped                    0 ticks/call (           0 ticks,       0 times, max         0, min      -1)
00:09:21.540255 /PROF/CPU0/EM/ForcedActions         77584 times
00:09:21.540261 /PROF/CPU0/EM/Halted                 9954 times
00:09:21.540267 /PROF/CPU0/EM/RAWTotal                  0 times
00:09:21.540273 /PROF/CPU0/EM/REMTotal               1970 times
00:09:21.540279 /PROF/CPU0/EM/Total              1066411602646 ticks/call (1066411602646 ticks,       1 times, max 1066411602646, min 1066411602646)
00:09:21.540302 /PROF/VM/CPU0/Halt/Block          1250994 ns/call (535834527578 ticks,  428327 times, max  30790274, min       1)
00:09:21.540310 /PROF/VM/CPU0/Halt/BlockInsomnia        0 ns/call (           0 ticks,       0 times, max         0, min      -1)
00:09:21.540317 /PROF/VM/CPU0/Halt/BlockOnTime          0 ns/call (           0 ticks,       0 times, max         0, min      -1)
00:09:21.540323 /PROF/VM/CPU0/Halt/BlockOverslept        0 ns/call (           0 ticks,       0 times, max         0, min      -1)
00:09:21.540330 /PROF/VM/CPU0/Halt/Timers           21440 ns/call (  9450535627 ticks,  440772 times, max  10506908, min       2)
00:09:21.541428 /PROF/VM/CPU0/Halt/Yield            12613 ns/call (       63069 ticks,       5 times, max     20046, min    4945)
00:09:21.541437 /REM/TbFlushCount                    1963 times
00:09:21.541444 /REM/TbPhysInvldCount                5311 times
00:09:21.541450 /REM/TlbFlushCount                  14778 times
00:09:21.541457 /SELM/HyperSels/Changed                 0 times
00:09:21.541463 /SELM/HyperSels/Scan                    0 times
00:09:21.541469 /SELM/LoadHidSel/GstReadErrors          0 times
00:09:21.541475 /SELM/LoadHidSel/NoGoodGuest            0 times
00:09:21.541481 /SELM/UpdateFromCPUM/AlreadyStaleCS        0 times
00:09:21.541487 /SELM/UpdateFromCPUM/AlreadyStaleDS        0 times
00:09:21.541493 /SELM/UpdateFromCPUM/AlreadyStaleES        0 times
00:09:21.541498 /SELM/UpdateFromCPUM/AlreadyStaleFS        0 times
00:09:21.541504 /SELM/UpdateFromCPUM/AlreadyStaleGS        0 times
00:09:21.541513 /SELM/UpdateFromCPUM/AlreadyStaleSS        0 times
00:09:21.541518 /SELM/UpdateFromCPUM/DetectedStaleCS        0 times
00:09:21.541524 /SELM/UpdateFromCPUM/DetectedStaleDS        0 times
00:09:21.541530 /SELM/UpdateFromCPUM/DetectedStaleES        0 times
00:09:21.541536 /SELM/UpdateFromCPUM/DetectedStaleFS        0 times
00:09:21.541541 /SELM/UpdateFromCPUM/DetectedStaleGS        0 times
00:09:21.541547 /SELM/UpdateFromCPUM/DetectedStaleSS        0 times
00:09:21.541566 /SELM/UpdateFromCPUM/StaleToUnstale        0 times
00:09:21.541573 /TM/CPU/00/cNsExecuting          4564123581 ns
00:09:21.541666 /TM/CPU/00/cNsHalted             546821961953 ns
00:09:21.541674 /TM/CPU/00/cNsOther              4548634563 ns
00:09:21.541681 /TM/CPU/00/cNsTotal              555934720097 ns
00:09:21.541687 /TM/CPU/00/cPeriodsExecuting       756811 count
00:09:21.541693 /TM/CPU/00/cPeriodsHalted            9950 count
00:09:21.541699 /TM/CPU/00/pctExecuting                 0 %
00:09:21.541705 /TM/CPU/00/pctHalted                   99 %
00:09:21.541711 /TM/CPU/00/pctOther                     0 %
00:09:21.541717 /TM/CPU/pctExecuting                    0 %
00:09:21.541723 /TM/CPU/pctHalted                      99 %
00:09:21.541729 /TM/CPU/pctOther                        0 %
00:09:21.541735 /TM/MaxHzHint                           0 Hz
00:09:21.541741 /TM/R0/1nsSteps                     15237 times
00:09:21.541748 /TM/R3/1nsSteps                     42733 times
00:09:21.541754 /TM/TSC/offCPU0                         0 ticks
00:09:21.541761 /TM/VirtualSync/CurrentOffset      418540 ns
00:09:21.541767 /VUSB/0/cUrbsInPool                     1 count
00:09:21.541774 ********************* End of statistics **********************
00:09:21.559617 ERROR [COM]: aRC=E_ACCESSDENIED (0x80070005) aIID={db7ab4ca-2a3f-4183-9243-c1208da92392} aComponent={Console} aText={The virtual machine is being powered down}, preserve=false
00:09:21.572434 Changing the VM state from 'DESTROYING' to 'TERMINATED'.
